{"/root/repo/workers/src/utils/logger.js": {"path":"/root/repo/workers/src/utils/logger.js","statementMap":{"0":{"start":{"line":5,"column":18},"end":{"line":27,"column":1}},"1":{"start":{"line":11,"column":21},"end":{"line":11,"column":60}},"2":{"start":{"line":13,"column":4},"end":{"line":13,"column":47}},"3":{"start":{"line":13,"column":17},"end":{"line":13,"column":47}},"4":{"start":{"line":14,"column":4},"end":{"line":14,"column":50}},"5":{"start":{"line":14,"column":16},"end":{"line":14,"column":50}},"6":{"start":{"line":15,"column":4},"end":{"line":15,"column":62}},"7":{"start":{"line":15,"column":20},"end":{"line":15,"column":62}},"8":{"start":{"line":17,"column":4},"end":{"line":17,"column":33}},"9":{"start":{"line":20,"column":21},"end":{"line":20,"column":38}},"10":{"start":{"line":21,"column":4},"end":{"line":23,"column":5}},"11":{"start":{"line":22,"column":6},"end":{"line":22,"column":47}},"12":{"start":{"line":25,"column":4},"end":{"line":25,"column":22}},"13":{"start":{"line":30,"column":25},"end":{"line":35,"column":2}},"14":{"start":{"line":38,"column":27},"end":{"line":44,"column":2}},"15":{"start":{"line":47,"column":30},"end":{"line":52,"column":2}},"16":{"start":{"line":55,"column":15},"end":{"line":75,"column":2}},"17":{"start":{"line":78,"column":35},"end":{"line":161,"column":1}},"18":{"start":{"line":79,"column":2},"end":{"line":160,"column":4}},"19":{"start":{"line":80,"column":35},"end":{"line":80,"column":81}},"20":{"start":{"line":81,"column":34},"end":{"line":81,"column":79}},"21":{"start":{"line":82,"column":34},"end":{"line":82,"column":79}},"22":{"start":{"line":83,"column":35},"end":{"line":83,"column":81}},"23":{"start":{"line":87,"column":6},"end":{"line":93,"column":9}},"24":{"start":{"line":97,"column":6},"end":{"line":104,"column":9}},"25":{"start":{"line":108,"column":6},"end":{"line":116,"column":9}},"26":{"start":{"line":120,"column":20},"end":{"line":120,"column":56}},"27":{"start":{"line":121,"column":6},"end":{"line":129,"column":9}},"28":{"start":{"line":133,"column":6},"end":{"line":138,"column":9}},"29":{"start":{"line":142,"column":6},"end":{"line":149,"column":9}},"30":{"start":{"line":153,"column":6},"end":{"line":158,"column":9}},"31":{"start":{"line":164,"column":29},"end":{"line":164,"column":50}},"32":{"start":{"line":167,"column":27},"end":{"line":176,"column":1}},"33":{"start":{"line":168,"column":16},"end":{"line":168,"column":26}},"34":{"start":{"line":169,"column":2},"end":{"line":175,"column":4}},"35":{"start":{"line":170,"column":15},"end":{"line":170,"column":33}},"36":{"start":{"line":172,"column":23},"end":{"line":172,"column":41}},"37":{"start":{"line":173,"column":6},"end":{"line":173,"column":77}},"38":{"start":{"line":179,"column":24},"end":{"line":197,"column":1}},"39":{"start":{"line":180,"column":20},"end":{"line":187,"column":3}},"40":{"start":{"line":190,"column":2},"end":{"line":196,"column":3}},"41":{"start":{"line":191,"column":4},"end":{"line":191,"column":44}},"42":{"start":{"line":192,"column":9},"end":{"line":196,"column":3}},"43":{"start":{"line":193,"column":4},"end":{"line":193,"column":43}},"44":{"start":{"line":195,"column":4},"end":{"line":195,"column":44}},"45":{"start":{"line":200,"column":34},"end":{"line":218,"column":1}},"46":{"start":{"line":201,"column":2},"end":{"line":217,"column":3}},"47":{"start":{"line":202,"column":4},"end":{"line":216,"column":7}}},"fnMap":{"0":{"name":"(anonymous_0)","decl":{"start":{"line":10,"column":24},"end":{"line":10,"column":25}},"loc":{"start":{"line":10,"column":97},"end":{"line":26,"column":3}},"line":10},"1":{"name":"(anonymous_1)","decl":{"start":{"line":78,"column":35},"end":{"line":78,"column":36}},"loc":{"start":{"line":78,"column":53},"end":{"line":161,"column":1}},"line":78},"2":{"name":"(anonymous_2)","decl":{"start":{"line":80,"column":11},"end":{"line":80,"column":12}},"loc":{"start":{"line":80,"column":35},"end":{"line":80,"column":81}},"line":80},"3":{"name":"(anonymous_3)","decl":{"start":{"line":81,"column":10},"end":{"line":81,"column":11}},"loc":{"start":{"line":81,"column":34},"end":{"line":81,"column":79}},"line":81},"4":{"name":"(anonymous_4)","decl":{"start":{"line":82,"column":10},"end":{"line":82,"column":11}},"loc":{"start":{"line":82,"column":34},"end":{"line":82,"column":79}},"line":82},"5":{"name":"(anonymous_5)","decl":{"start":{"line":83,"column":11},"end":{"line":83,"column":12}},"loc":{"start":{"line":83,"column":35},"end":{"line":83,"column":81}},"line":83},"6":{"name":"(anonymous_6)","decl":{"start":{"line":86,"column":15},"end":{"line":86,"column":16}},"loc":{"start":{"line":86,"column":46},"end":{"line":94,"column":5}},"line":86},"7":{"name":"(anonymous_7)","decl":{"start":{"line":96,"column":18},"end":{"line":96,"column":19}},"loc":{"start":{"line":96,"column":60},"end":{"line":105,"column":5}},"line":96},"8":{"name":"(anonymous_8)","decl":{"start":{"line":107,"column":15},"end":{"line":107,"column":16}},"loc":{"start":{"line":107,"column":56},"end":{"line":117,"column":5}},"line":107},"9":{"name":"(anonymous_9)","decl":{"start":{"line":119,"column":13},"end":{"line":119,"column":14}},"loc":{"start":{"line":119,"column":63},"end":{"line":130,"column":5}},"line":119},"10":{"name":"(anonymous_10)","decl":{"start":{"line":132,"column":18},"end":{"line":132,"column":19}},"loc":{"start":{"line":132,"column":43},"end":{"line":139,"column":5}},"line":132},"11":{"name":"(anonymous_11)","decl":{"start":{"line":141,"column":18},"end":{"line":141,"column":19}},"loc":{"start":{"line":141,"column":57},"end":{"line":150,"column":5}},"line":141},"12":{"name":"(anonymous_12)","decl":{"start":{"line":152,"column":18},"end":{"line":152,"column":19}},"loc":{"start":{"line":152,"column":39},"end":{"line":159,"column":5}},"line":152},"13":{"name":"(anonymous_13)","decl":{"start":{"line":167,"column":27},"end":{"line":167,"column":28}},"loc":{"start":{"line":167,"column":38},"end":{"line":176,"column":1}},"line":167},"14":{"name":"(anonymous_14)","decl":{"start":{"line":170,"column":9},"end":{"line":170,"column":10}},"loc":{"start":{"line":170,"column":15},"end":{"line":170,"column":33}},"line":170},"15":{"name":"(anonymous_15)","decl":{"start":{"line":171,"column":9},"end":{"line":171,"column":10}},"loc":{"start":{"line":171,"column":41},"end":{"line":174,"column":5}},"line":171},"16":{"name":"(anonymous_16)","decl":{"start":{"line":179,"column":24},"end":{"line":179,"column":25}},"loc":{"start":{"line":179,"column":49},"end":{"line":197,"column":1}},"line":179},"17":{"name":"(anonymous_17)","decl":{"start":{"line":200,"column":34},"end":{"line":200,"column":35}},"loc":{"start":{"line":200,"column":78},"end":{"line":218,"column":1}},"line":200}},"branchMap":{"0":{"loc":{"start":{"line":13,"column":4},"end":{"line":13,"column":47}},"type":"if","locations":[{"start":{"line":13,"column":4},"end":{"line":13,"column":47}},{"start":{},"end":{}}],"line":13},"1":{"loc":{"start":{"line":14,"column":4},"end":{"line":14,"column":50}},"type":"if","locations":[{"start":{"line":14,"column":4},"end":{"line":14,"column":50}},{"start":{},"end":{}}],"line":14},"2":{"loc":{"start":{"line":15,"column":4},"end":{"line":15,"column":62}},"type":"if","locations":[{"start":{"line":15,"column":4},"end":{"line":15,"column":62}},{"start":{},"end":{}}],"line":15},"3":{"loc":{"start":{"line":21,"column":4},"end":{"line":23,"column":5}},"type":"if","locations":[{"start":{"line":21,"column":4},"end":{"line":23,"column":5}},{"start":{},"end":{}}],"line":21},"4":{"loc":{"start":{"line":78,"column":36},"end":{"line":78,"column":48}},"type":"default-arg","locations":[{"start":{"line":78,"column":46},"end":{"line":78,"column":48}}],"line":78},"5":{"loc":{"start":{"line":80,"column":21},"end":{"line":80,"column":30}},"type":"default-arg","locations":[{"start":{"line":80,"column":28},"end":{"line":80,"column":30}}],"line":80},"6":{"loc":{"start":{"line":81,"column":20},"end":{"line":81,"column":29}},"type":"default-arg","locations":[{"start":{"line":81,"column":27},"end":{"line":81,"column":29}}],"line":81},"7":{"loc":{"start":{"line":82,"column":20},"end":{"line":82,"column":29}},"type":"default-arg","locations":[{"start":{"line":82,"column":27},"end":{"line":82,"column":29}}],"line":82},"8":{"loc":{"start":{"line":83,"column":21},"end":{"line":83,"column":30}},"type":"default-arg","locations":[{"start":{"line":83,"column":28},"end":{"line":83,"column":30}}],"line":83},"9":{"loc":{"start":{"line":120,"column":20},"end":{"line":120,"column":56}},"type":"cond-expr","locations":[{"start":{"line":120,"column":40},"end":{"line":120,"column":47}},{"start":{"line":120,"column":50},"end":{"line":120,"column":56}}],"line":120},"10":{"loc":{"start":{"line":171,"column":27},"end":{"line":171,"column":36}},"type":"default-arg","locations":[{"start":{"line":171,"column":34},"end":{"line":171,"column":36}}],"line":171},"11":{"loc":{"start":{"line":179,"column":32},"end":{"line":179,"column":44}},"type":"default-arg","locations":[{"start":{"line":179,"column":42},"end":{"line":179,"column":44}}],"line":179},"12":{"loc":{"start":{"line":190,"column":2},"end":{"line":196,"column":3}},"type":"if","locations":[{"start":{"line":190,"column":2},"end":{"line":196,"column":3}},{"start":{"line":192,"column":9},"end":{"line":196,"column":3}}],"line":190},"13":{"loc":{"start":{"line":190,"column":6},"end":{"line":190,"column":50}},"type":"binary-expr","locations":[{"start":{"line":190,"column":6},"end":{"line":190,"column":29}},{"start":{"line":190,"column":33},"end":{"line":190,"column":50}}],"line":190},"14":{"loc":{"start":{"line":192,"column":9},"end":{"line":196,"column":3}},"type":"if","locations":[{"start":{"line":192,"column":9},"end":{"line":196,"column":3}},{"start":{"line":194,"column":9},"end":{"line":196,"column":3}}],"line":192},"15":{"loc":{"start":{"line":201,"column":2},"end":{"line":217,"column":3}},"type":"if","locations":[{"start":{"line":201,"column":2},"end":{"line":217,"column":3}},{"start":{},"end":{}}],"line":201},"16":{"loc":{"start":{"line":208,"column":18},"end":{"line":208,"column":72}},"type":"cond-expr","locations":[{"start":{"line":208,"column":33},"end":{"line":208,"column":68}},{"start":{"line":208,"column":71},"end":{"line":208,"column":72}}],"line":208},"17":{"loc":{"start":{"line":213,"column":18},"end":{"line":213,"column":74}},"type":"cond-expr","locations":[{"start":{"line":213,"column":34},"end":{"line":213,"column":70}},{"start":{"line":213,"column":73},"end":{"line":213,"column":74}}],"line":213}},"s":{"0":1,"1":0,"2":0,"3":0,"4":0,"5":0,"6":0,"7":0,"8":0,"9":0,"10":0,"11":0,"12":0,"13":1,"14":1,"15":1,"16":1,"17":1,"18":1,"19":0,"20":0,"21":0,"22":0,"23":0,"24":0,"25":0,"26":0,"27":0,"28":0,"29":0,"30":0,"31":1,"32":1,"33":0,"34":0,"35":0,"36":0,"37":0,"38":1,"39":0,"40":0,"41":0,"42":0,"43":0,"44":0,"45":1,"46":0,"47":0},"f":{"0":0,"1":1,"2":0,"3":0,"4":0,"5":0,"6":0,"7":0,"8":0,"9":0,"10":0,"11":0,"12":0,"13":0,"14":0,"15":0,"16":0,"17":0},"b":{"0":[0,0],"1":[0,0],"2":[0,0],"3":[0,0],"4":[1],"5":[0],"6":[0],"7":[0],"8":[0],"9":[0,0],"10":[0],"11":[0],"12":[0,0],"13":[0,0],"14":[0,0],"15":[0,0],"16":[0,0],"17":[0,0]},"_coverageSchema":"1a1c01bbd47fc00a2c39e90264f33305004495a9","hash":"ae41a74e4b946a3ab73fdaea1cea2be83d11fd1e"}
}
