TN:
SF:src/claude-enhanced-bot.js
FN:29,findBestTemplate
FN:33,(anonymous_1)
FN:53,(anonymous_2)
FN:165,(anonymous_3)
FN:189,(anonymous_4)
FN:190,(anonymous_5)
FN:203,(anonymous_6)
FN:223,(anonymous_7)
FN:292,(anonymous_8)
FN:303,(anonymous_9)
FN:333,(anonymous_10)
FN:342,(anonymous_11)
FN:356,(anonymous_12)
FN:361,(anonymous_13)
FNF:14
FNH:0
FNDA:0,findBestTemplate
FNDA:0,(anonymous_1)
FNDA:0,(anonymous_2)
FNDA:0,(anonymous_3)
FNDA:0,(anonymous_4)
FNDA:0,(anonymous_5)
FNDA:0,(anonymous_6)
FNDA:0,(anonymous_7)
FNDA:0,(anonymous_8)
FNDA:0,(anonymous_9)
FNDA:0,(anonymous_10)
FNDA:0,(anonymous_11)
FNDA:0,(anonymous_12)
FNDA:0,(anonymous_13)
DA:1,0
DA:2,0
DA:7,0
DA:8,0
DA:10,0
DA:17,0
DA:23,0
DA:26,0
DA:30,0
DA:32,0
DA:33,0
DA:34,0
DA:37,0
DA:38,0
DA:46,0
DA:50,0
DA:53,0
DA:54,0
DA:56,0
DA:58,0
DA:59,0
DA:63,0
DA:67,0
DA:72,0
DA:74,0
DA:77,0
DA:79,0
DA:80,0
DA:97,0
DA:100,0
DA:114,0
DA:117,0
DA:119,0
DA:123,0
DA:129,0
DA:133,0
DA:136,0
DA:142,0
DA:143,0
DA:145,0
DA:146,0
DA:147,0
DA:148,0
DA:152,0
DA:153,0
DA:156,0
DA:165,0
DA:166,0
DA:168,0
DA:169,0
DA:170,0
DA:172,0
DA:173,0
DA:177,0
DA:180,0
DA:182,0
DA:184,0
DA:189,0
DA:190,0
DA:191,0
DA:195,0
DA:196,0
DA:200,0
DA:203,0
DA:204,0
DA:207,0
DA:208,0
DA:217,0
DA:223,0
DA:224,0
DA:225,0
DA:226,0
DA:227,0
DA:228,0
DA:231,0
DA:241,0
DA:242,0
DA:259,0
DA:267,0
DA:269,0
DA:275,0
DA:278,0
DA:285,0
DA:289,0
DA:291,0
DA:292,0
DA:295,0
DA:296,0
DA:300,0
DA:303,0
DA:304,0
DA:308,0
DA:311,0
DA:317,0
DA:324,0
DA:325,0
DA:333,0
DA:334,0
DA:335,0
DA:342,0
DA:343,0
DA:344,0
DA:345,0
DA:351,0
DA:356,0
DA:357,0
DA:361,0
DA:362,0
DA:363,0
DA:364,0
DA:365,0
DA:366,0
LF:112
LH:0
BRDA:34,0,0,0
BRDA:34,0,1,0
BRDA:37,1,0,0
BRDA:37,1,1,0
BRDA:58,2,0,0
BRDA:58,2,1,0
BRDA:77,3,0,0
BRDA:77,3,1,0
BRDA:117,4,0,0
BRDA:117,4,1,0
BRDA:119,5,0,0
BRDA:119,5,1,0
BRDA:146,6,0,0
BRDA:146,6,1,0
BRDA:152,7,0,0
BRDA:152,7,1,0
BRDA:172,8,0,0
BRDA:172,8,1,0
BRDA:180,9,0,0
BRDA:180,9,1,0
BRDA:190,10,0,0
BRDA:190,10,1,0
BRDA:190,10,2,0
BRDA:191,11,0,0
BRDA:191,11,1,0
BRDA:195,12,0,0
BRDA:195,12,1,0
BRDA:204,13,0,0
BRDA:204,13,1,0
BRDA:226,14,0,0
BRDA:226,14,1,0
BRDA:267,15,0,0
BRDA:267,15,1,0
BRDA:289,16,0,0
BRDA:289,16,1,0
BRDA:295,17,0,0
BRDA:295,17,1,0
BRDA:304,18,0,0
BRDA:304,18,1,0
BRDA:344,19,0,0
BRDA:344,19,1,0
BRDA:344,20,0,0
BRDA:344,20,1,0
BRDA:362,21,0,0
BRDA:362,21,1,0
BRF:45
BRH:0
end_of_record
TN:
SF:src/enhanced-index.js
FN:26,(anonymous_0)
FN:65,(anonymous_1)
FN:73,(anonymous_2)
FN:82,(anonymous_3)
FN:98,(anonymous_4)
FN:154,(anonymous_5)
FN:157,(anonymous_6)
FN:191,(anonymous_7)
FN:244,(anonymous_8)
FN:280,(anonymous_9)
FN:320,(anonymous_10)
FN:339,(anonymous_11)
FN:365,(anonymous_12)
FN:368,(anonymous_13)
FN:378,(anonymous_14)
FN:398,(anonymous_15)
FN:401,(anonymous_16)
FN:449,(anonymous_17)
FN:502,(anonymous_18)
FN:503,(anonymous_19)
FN:528,(anonymous_20)
FN:529,(anonymous_21)
FN:530,(anonymous_22)
FN:533,(anonymous_23)
FN:541,(anonymous_24)
FN:553,(anonymous_25)
FN:561,(anonymous_26)
FN:572,(anonymous_27)
FN:594,(anonymous_28)
FN:599,(anonymous_29)
FN:617,(anonymous_30)
FN:642,(anonymous_31)
FNF:32
FNH:0
FNDA:0,(anonymous_0)
FNDA:0,(anonymous_1)
FNDA:0,(anonymous_2)
FNDA:0,(anonymous_3)
FNDA:0,(anonymous_4)
FNDA:0,(anonymous_5)
FNDA:0,(anonymous_6)
FNDA:0,(anonymous_7)
FNDA:0,(anonymous_8)
FNDA:0,(anonymous_9)
FNDA:0,(anonymous_10)
FNDA:0,(anonymous_11)
FNDA:0,(anonymous_12)
FNDA:0,(anonymous_13)
FNDA:0,(anonymous_14)
FNDA:0,(anonymous_15)
FNDA:0,(anonymous_16)
FNDA:0,(anonymous_17)
FNDA:0,(anonymous_18)
FNDA:0,(anonymous_19)
FNDA:0,(anonymous_20)
FNDA:0,(anonymous_21)
FNDA:0,(anonymous_22)
FNDA:0,(anonymous_23)
FNDA:0,(anonymous_24)
FNDA:0,(anonymous_25)
FNDA:0,(anonymous_26)
FNDA:0,(anonymous_27)
FNDA:0,(anonymous_28)
FNDA:0,(anonymous_29)
FNDA:0,(anonymous_30)
FNDA:0,(anonymous_31)
DA:11,0
DA:12,0
DA:13,0
DA:14,0
DA:16,0
DA:19,0
DA:27,0
DA:28,0
DA:29,0
DA:32,0
DA:42,0
DA:45,0
DA:47,0
DA:66,0
DA:67,0
DA:68,0
DA:71,0
DA:73,0
DA:74,0
DA:77,0
DA:80,0
DA:83,0
DA:89,0
DA:99,0
DA:100,0
DA:112,0
DA:113,0
DA:114,0
DA:118,0
DA:120,0
DA:122,0
DA:129,0
DA:132,0
DA:135,0
DA:138,0
DA:139,0
DA:145,0
DA:146,0
DA:155,0
DA:157,0
DA:158,0
DA:159,0
DA:160,0
DA:163,0
DA:164,0
DA:166,0
DA:171,0
DA:175,0
DA:192,0
DA:199,0
DA:200,0
DA:207,0
DA:208,0
DA:210,0
DA:222,0
DA:223,0
DA:227,0
DA:228,0
DA:229,0
DA:230,0
DA:235,0
DA:243,0
DA:244,0
DA:246,0
DA:247,0
DA:248,0
DA:249,0
DA:251,0
DA:254,0
DA:255,0
DA:258,0
DA:259,0
DA:261,0
DA:269,0
DA:270,0
DA:273,0
DA:281,0
DA:287,0
DA:289,0
DA:290,0
DA:291,0
DA:292,0
DA:297,0
DA:298,0
DA:299,0
DA:303,0
DA:305,0
DA:309,0
DA:321,0
DA:326,0
DA:329,0
DA:330,0
DA:331,0
DA:340,0
DA:341,0
DA:343,0
DA:344,0
DA:345,0
DA:347,0
DA:348,0
DA:349,0
DA:351,0
DA:354,0
DA:357,0
DA:366,0
DA:368,0
DA:369,0
DA:370,0
DA:379,0
DA:380,0
DA:384,0
DA:387,0
DA:390,0
DA:399,0
DA:401,0
DA:402,0
DA:404,0
DA:405,0
DA:406,0
DA:408,0
DA:426,0
DA:429,0
DA:434,0
DA:440,0
DA:450,0
DA:451,0
DA:489,0
DA:492,0
DA:503,0
DA:504,0
DA:505,0
DA:506,0
DA:509,0
DA:510,0
DA:512,0
DA:517,0
DA:518,0
DA:519,0
DA:520,0
DA:522,0
DA:523,0
DA:528,0
DA:529,0
DA:530,0
DA:533,0
DA:534,0
DA:538,0
DA:541,0
DA:542,0
DA:546,0
DA:554,0
DA:556,0
DA:559,0
DA:560,0
DA:562,0
DA:570,0
DA:571,0
DA:573,0
DA:581,0
DA:583,0
DA:595,0
DA:597,0
DA:599,0
DA:600,0
DA:601,0
DA:604,0
DA:605,0
DA:608,0
DA:618,0
DA:640,0
DA:641,0
DA:642,0
DA:643,0
DA:647,0
LF:174
LH:0
BRDA:66,0,0,0
BRDA:66,0,1,0
BRDA:112,1,0,0
BRDA:112,1,1,0
BRDA:112,2,0,0
BRDA:112,2,1,0
BRDA:155,3,0,0
BRDA:155,3,1,0
BRDA:158,4,0,0
BRDA:158,4,1,0
BRDA:222,5,0,0
BRDA:222,5,1,0
BRDA:227,6,0,0
BRDA:227,6,1,0
BRDA:232,7,0,0
BRDA:232,7,1,0
BRDA:246,8,0,0
BRDA:246,8,1,0
BRDA:248,9,0,0
BRDA:248,9,1,0
BRDA:258,10,0,0
BRDA:258,10,1,0
BRDA:269,11,0,0
BRDA:269,11,1,0
BRDA:289,12,0,0
BRDA:289,12,1,0
BRDA:290,13,0,0
BRDA:290,13,1,0
BRDA:297,14,0,0
BRDA:297,14,1,0
BRDA:303,15,0,0
BRDA:303,15,1,0
BRDA:323,16,0,0
BRDA:323,16,1,0
BRDA:326,17,0,0
BRDA:326,17,1,0
BRDA:329,18,0,0
BRDA:329,18,1,0
BRDA:402,19,0,0
BRDA:402,19,1,0
BRDA:429,20,0,0
BRDA:429,20,1,0
BRDA:485,21,0,0
BRDA:485,21,1,0
BRDA:504,22,0,0
BRDA:504,22,1,0
BRDA:543,23,0,0
BRDA:543,23,1,0
BRDA:559,24,0,0
BRDA:559,24,1,0
BRDA:570,25,0,0
BRDA:570,25,1,0
BRDA:626,26,0,0
BRDA:626,26,1,0
BRDA:640,27,0,0
BRDA:640,27,1,0
BRF:56
BRH:0
end_of_record
TN:
SF:src/extract-xceleration-threads.js
FN:10,main
FNF:1
FNH:0
FNDA:0,main
DA:8,0
DA:11,0
DA:12,0
DA:15,0
DA:16,0
DA:17,0
DA:18,0
DA:19,0
DA:22,0
DA:23,0
DA:24,0
DA:26,0
DA:27,0
DA:28,0
DA:29,0
DA:30,0
DA:31,0
DA:32,0
DA:34,0
DA:35,0
DA:36,0
DA:37,0
DA:38,0
DA:39,0
DA:40,0
DA:41,0
DA:42,0
DA:44,0
DA:48,0
DA:49,0
DA:50,0
DA:51,0
DA:52,0
DA:53,0
DA:58,0
DA:59,0
DA:84,0
DA:87,0
DA:88,0
DA:91,0
LF:40
LH:0
BRDA:15,0,0,0
BRDA:15,0,1,0
BRDA:26,1,0,0
BRDA:26,1,1,0
BRDA:58,2,0,0
BRDA:58,2,1,0
BRDA:58,3,0,0
BRDA:58,3,1,0
BRDA:87,4,0,0
BRDA:87,4,1,0
BRF:10
BRH:0
end_of_record
TN:
SF:src/index.js
FN:15,(anonymous_0)
FN:39,(anonymous_1)
FN:67,(anonymous_2)
FN:68,(anonymous_3)
FN:96,(anonymous_4)
FN:97,(anonymous_5)
FN:98,(anonymous_6)
FN:101,(anonymous_7)
FN:106,(anonymous_8)
FN:119,(anonymous_9)
FN:142,(anonymous_10)
FN:145,(anonymous_11)
FN:161,(anonymous_12)
FN:195,(anonymous_13)
FNF:14
FNH:0
FNDA:0,(anonymous_0)
FNDA:0,(anonymous_1)
FNDA:0,(anonymous_2)
FNDA:0,(anonymous_3)
FNDA:0,(anonymous_4)
FNDA:0,(anonymous_5)
FNDA:0,(anonymous_6)
FNDA:0,(anonymous_7)
FNDA:0,(anonymous_8)
FNDA:0,(anonymous_9)
FNDA:0,(anonymous_10)
FNDA:0,(anonymous_11)
FNDA:0,(anonymous_12)
FNDA:0,(anonymous_13)
DA:9,0
DA:16,0
DA:17,0
DA:18,0
DA:19,0
DA:20,0
DA:22,0
DA:25,0
DA:27,0
DA:40,0
DA:41,0
DA:44,0
DA:46,0
DA:52,0
DA:55,0
DA:58,0
DA:59,0
DA:68,0
DA:69,0
DA:70,0
DA:71,0
DA:74,0
DA:75,0
DA:77,0
DA:79,0
DA:87,0
DA:88,0
DA:90,0
DA:91,0
DA:96,0
DA:97,0
DA:98,0
DA:101,0
DA:102,0
DA:103,0
DA:106,0
DA:107,0
DA:111,0
DA:120,0
DA:135,0
DA:143,0
DA:145,0
DA:146,0
DA:147,0
DA:148,0
DA:150,0
DA:155,0
DA:162,0
DA:193,0
DA:194,0
DA:195,0
DA:196,0
DA:197,0
LF:53
LH:0
BRDA:69,0,0,0
BRDA:69,0,1,0
BRDA:108,1,0,0
BRDA:108,1,1,0
BRDA:146,2,0,0
BRDA:146,2,1,0
BRDA:163,3,0,0
BRDA:163,3,1,0
BRDA:193,4,0,0
BRDA:193,4,1,0
BRF:10
BRH:0
end_of_record
TN:
SF:src/minimal-bot.js
FN:13,(anonymous_0)
FN:60,(anonymous_1)
FN:85,(anonymous_2)
FN:86,(anonymous_3)
FN:99,(anonymous_4)
FN:120,(anonymous_5)
FN:161,(anonymous_6)
FN:172,(anonymous_7)
FN:202,(anonymous_8)
FN:211,(anonymous_9)
FN:225,(anonymous_10)
FN:230,(anonymous_11)
FNF:12
FNH:0
FNDA:0,(anonymous_0)
FNDA:0,(anonymous_1)
FNDA:0,(anonymous_2)
FNDA:0,(anonymous_3)
FNDA:0,(anonymous_4)
FNDA:0,(anonymous_5)
FNDA:0,(anonymous_6)
FNDA:0,(anonymous_7)
FNDA:0,(anonymous_8)
FNDA:0,(anonymous_9)
FNDA:0,(anonymous_10)
FNDA:0,(anonymous_11)
DA:1,0
DA:3,0
DA:10,0
DA:13,0
DA:14,0
DA:16,0
DA:18,0
DA:19,0
DA:23,0
DA:27,0
DA:38,0
DA:39,0
DA:41,0
DA:42,0
DA:43,0
DA:44,0
DA:49,0
DA:50,0
DA:53,0
DA:60,0
DA:61,0
DA:63,0
DA:64,0
DA:65,0
DA:67,0
DA:68,0
DA:72,0
DA:75,0
DA:77,0
DA:80,0
DA:85,0
DA:86,0
DA:87,0
DA:91,0
DA:92,0
DA:96,0
DA:99,0
DA:100,0
DA:104,0
DA:105,0
DA:114,0
DA:120,0
DA:121,0
DA:122,0
DA:123,0
DA:124,0
DA:125,0
DA:128,0
DA:138,0
DA:149,0
DA:155,0
DA:159,0
DA:160,0
DA:161,0
DA:164,0
DA:165,0
DA:169,0
DA:172,0
DA:173,0
DA:177,0
DA:180,0
DA:186,0
DA:193,0
DA:194,0
DA:202,0
DA:203,0
DA:204,0
DA:211,0
DA:212,0
DA:213,0
DA:214,0
DA:220,0
DA:225,0
DA:226,0
DA:230,0
DA:231,0
DA:232,0
DA:233,0
DA:234,0
LF:79
LH:0
BRDA:18,0,0,0
BRDA:18,0,1,0
BRDA:42,1,0,0
BRDA:42,1,1,0
BRDA:49,2,0,0
BRDA:49,2,1,0
BRDA:67,3,0,0
BRDA:67,3,1,0
BRDA:75,4,0,0
BRDA:75,4,1,0
BRDA:86,5,0,0
BRDA:86,5,1,0
BRDA:86,5,2,0
BRDA:87,6,0,0
BRDA:87,6,1,0
BRDA:91,7,0,0
BRDA:91,7,1,0
BRDA:100,8,0,0
BRDA:100,8,1,0
BRDA:123,9,0,0
BRDA:123,9,1,0
BRDA:159,10,0,0
BRDA:159,10,1,0
BRDA:164,11,0,0
BRDA:164,11,1,0
BRDA:173,12,0,0
BRDA:173,12,1,0
BRDA:213,13,0,0
BRDA:213,13,1,0
BRDA:213,14,0,0
BRDA:213,14,1,0
BRDA:231,15,0,0
BRDA:231,15,1,0
BRF:33
BRH:0
end_of_record
TN:
SF:src/simple-index-cjs.js
FN:4,(anonymous_0)
FN:5,(anonymous_1)
FN:6,(anonymous_2)
FN:10,(anonymous_3)
FN:19,(anonymous_4)
FN:40,(anonymous_5)
FN:41,(anonymous_6)
FN:60,(anonymous_7)
FN:61,(anonymous_8)
FN:62,(anonymous_9)
FN:64,(anonymous_10)
FN:69,(anonymous_11)
FN:81,(anonymous_12)
FNF:13
FNH:0
FNDA:0,(anonymous_0)
FNDA:0,(anonymous_1)
FNDA:0,(anonymous_2)
FNDA:0,(anonymous_3)
FNDA:0,(anonymous_4)
FNDA:0,(anonymous_5)
FNDA:0,(anonymous_6)
FNDA:0,(anonymous_7)
FNDA:0,(anonymous_8)
FNDA:0,(anonymous_9)
FNDA:0,(anonymous_10)
FNDA:0,(anonymous_11)
FNDA:0,(anonymous_12)
DA:1,0
DA:3,0
DA:4,0
DA:5,0
DA:6,0
DA:11,0
DA:12,0
DA:14,0
DA:16,0
DA:20,0
DA:21,0
DA:24,0
DA:25,0
DA:27,0
DA:35,0
DA:36,0
DA:41,0
DA:42,0
DA:43,0
DA:44,0
DA:47,0
DA:48,0
DA:50,0
DA:51,0
DA:52,0
DA:53,0
DA:55,0
DA:56,0
DA:60,0
DA:61,0
DA:62,0
DA:64,0
DA:65,0
DA:66,0
DA:69,0
DA:70,0
DA:74,0
DA:80,0
DA:81,0
DA:82,0
DA:83,0
LF:41
LH:0
BRDA:4,0,0,0
BRDA:4,0,1,0
BRDA:5,1,0,0
BRDA:5,1,1,0
BRDA:6,2,0,0
BRDA:6,2,1,0
BRDA:24,3,0,0
BRDA:24,3,1,0
BRDA:29,4,0,0
BRDA:29,4,1,0
BRDA:30,5,0,0
BRDA:30,5,1,0
BRDA:31,6,0,0
BRDA:31,6,1,0
BRDA:42,7,0,0
BRDA:42,7,1,0
BRDA:71,8,0,0
BRDA:71,8,1,0
BRF:18
BRH:0
end_of_record
TN:
SF:src/simple-index.js
FN:4,(anonymous_0)
FN:5,(anonymous_1)
FN:6,(anonymous_2)
FN:10,(anonymous_3)
FN:19,(anonymous_4)
FN:38,(anonymous_5)
FN:39,(anonymous_6)
FN:58,(anonymous_7)
FN:59,(anonymous_8)
FN:60,(anonymous_9)
FN:62,(anonymous_10)
FN:67,(anonymous_11)
FN:79,(anonymous_12)
FNF:13
FNH:0
FNDA:0,(anonymous_0)
FNDA:0,(anonymous_1)
FNDA:0,(anonymous_2)
FNDA:0,(anonymous_3)
FNDA:0,(anonymous_4)
FNDA:0,(anonymous_5)
FNDA:0,(anonymous_6)
FNDA:0,(anonymous_7)
FNDA:0,(anonymous_8)
FNDA:0,(anonymous_9)
FNDA:0,(anonymous_10)
FNDA:0,(anonymous_11)
FNDA:0,(anonymous_12)
DA:3,0
DA:4,0
DA:5,0
DA:6,0
DA:11,0
DA:12,0
DA:14,0
DA:16,0
DA:20,0
DA:21,0
DA:24,0
DA:25,0
DA:27,0
DA:33,0
DA:34,0
DA:39,0
DA:40,0
DA:41,0
DA:42,0
DA:45,0
DA:46,0
DA:48,0
DA:49,0
DA:50,0
DA:51,0
DA:53,0
DA:54,0
DA:58,0
DA:59,0
DA:60,0
DA:62,0
DA:63,0
DA:64,0
DA:67,0
DA:68,0
DA:72,0
DA:78,0
DA:79,0
DA:80,0
DA:81,0
LF:40
LH:0
BRDA:4,0,0,0
BRDA:4,0,1,0
BRDA:5,1,0,0
BRDA:5,1,1,0
BRDA:6,2,0,0
BRDA:6,2,1,0
BRDA:24,3,0,0
BRDA:24,3,1,0
BRDA:29,4,0,0
BRDA:29,4,1,0
BRDA:40,5,0,0
BRDA:40,5,1,0
BRDA:69,6,0,0
BRDA:69,6,1,0
BRF:14
BRH:0
end_of_record
TN:
SF:src/simple-slack-bot-cjs.js
FN:11,(anonymous_0)
FN:12,(anonymous_1)
FN:13,(anonymous_2)
FN:17,(anonymous_3)
FN:47,(anonymous_4)
FN:52,(anonymous_5)
FN:53,(anonymous_6)
FN:68,(anonymous_7)
FN:70,(anonymous_8)
FN:99,(anonymous_9)
FN:130,(anonymous_10)
FN:159,(anonymous_11)
FN:193,(anonymous_12)
FN:227,(anonymous_13)
FN:261,(anonymous_14)
FN:295,(anonymous_15)
FN:329,(anonymous_16)
FN:331,(anonymous_17)
FN:352,(anonymous_18)
FN:357,(anonymous_19)
FN:380,(anonymous_20)
FN:391,(anonymous_21)
FNF:22
FNH:0
FNDA:0,(anonymous_0)
FNDA:0,(anonymous_1)
FNDA:0,(anonymous_2)
FNDA:0,(anonymous_3)
FNDA:0,(anonymous_4)
FNDA:0,(anonymous_5)
FNDA:0,(anonymous_6)
FNDA:0,(anonymous_7)
FNDA:0,(anonymous_8)
FNDA:0,(anonymous_9)
FNDA:0,(anonymous_10)
FNDA:0,(anonymous_11)
FNDA:0,(anonymous_12)
FNDA:0,(anonymous_13)
FNDA:0,(anonymous_14)
FNDA:0,(anonymous_15)
FNDA:0,(anonymous_16)
FNDA:0,(anonymous_17)
FNDA:0,(anonymous_18)
FNDA:0,(anonymous_19)
FNDA:0,(anonymous_20)
FNDA:0,(anonymous_21)
DA:1,0
DA:4,0
DA:5,0
DA:6,0
DA:7,0
DA:8,0
DA:10,0
DA:11,0
DA:12,0
DA:13,0
DA:18,0
DA:25,0
DA:26,0
DA:27,0
DA:28,0
DA:29,0
DA:31,0
DA:32,0
DA:33,0
DA:34,0
DA:35,0
DA:38,0
DA:39,0
DA:41,0
DA:48,0
DA:50,0
DA:53,0
DA:57,0
DA:60,0
DA:61,0
DA:64,0
DA:70,0
DA:71,0
DA:73,0
DA:74,0
DA:77,0
DA:79,0
DA:84,0
DA:90,0
DA:91,0
DA:99,0
DA:100,0
DA:102,0
DA:103,0
DA:105,0
DA:118,0
DA:124,0
DA:125,0
DA:130,0
DA:131,0
DA:133,0
DA:135,0
DA:136,0
DA:147,0
DA:153,0
DA:154,0
DA:159,0
DA:160,0
DA:162,0
DA:163,0
DA:165,0
DA:166,0
DA:170,0
DA:173,0
DA:178,0
DA:184,0
DA:185,0
DA:193,0
DA:194,0
DA:196,0
DA:197,0
DA:199,0
DA:200,0
DA:204,0
DA:207,0
DA:212,0
DA:218,0
DA:219,0
DA:227,0
DA:228,0
DA:230,0
DA:231,0
DA:233,0
DA:234,0
DA:238,0
DA:241,0
DA:246,0
DA:252,0
DA:253,0
DA:261,0
DA:262,0
DA:264,0
DA:265,0
DA:267,0
DA:268,0
DA:272,0
DA:275,0
DA:280,0
DA:286,0
DA:287,0
DA:295,0
DA:296,0
DA:298,0
DA:299,0
DA:301,0
DA:302,0
DA:306,0
DA:309,0
DA:314,0
DA:320,0
DA:321,0
DA:331,0
DA:332,0
DA:333,0
DA:335,0
DA:340,0
DA:346,0
DA:347,0
DA:352,0
DA:353,0
DA:358,0
DA:360,0
DA:361,0
DA:364,0
DA:365,0
DA:368,0
DA:369,0
DA:372,0
DA:373,0
DA:377,0
DA:381,0
DA:382,0
DA:383,0
DA:386,0
DA:387,0
DA:392,0
DA:393,0
DA:394,0
DA:396,0
DA:401,0
LF:140
LH:0
BRDA:11,0,0,0
BRDA:11,0,1,0
BRDA:12,1,0,0
BRDA:12,1,1,0
BRDA:13,2,0,0
BRDA:13,2,1,0
BRDA:60,3,0,0
BRDA:60,3,1,0
BRDA:60,4,0,0
BRDA:60,4,1,0
BRDA:74,5,0,0
BRDA:74,5,1,0
BRDA:103,6,0,0
BRDA:103,6,1,0
BRDA:133,7,0,0
BRDA:133,7,1,0
BRDA:165,8,0,0
BRDA:165,8,1,0
BRDA:199,9,0,0
BRDA:199,9,1,0
BRDA:233,10,0,0
BRDA:233,10,1,0
BRDA:267,11,0,0
BRDA:267,11,1,0
BRDA:301,12,0,0
BRDA:301,12,1,0
BRDA:360,13,0,0
BRDA:360,13,1,0
BRDA:360,14,0,0
BRDA:360,14,1,0
BRDA:364,15,0,0
BRDA:364,15,1,0
BRDA:364,16,0,0
BRDA:364,16,1,0
BRDA:364,16,2,0
BRDA:368,17,0,0
BRDA:368,17,1,0
BRDA:368,18,0,0
BRDA:368,18,1,0
BRDA:372,19,0,0
BRDA:372,19,1,0
BRDA:372,20,0,0
BRDA:372,20,1,0
BRDA:372,20,2,0
BRDA:380,21,0,0
BRF:45
BRH:0
end_of_record
TN:
SF:src/simple-slack-bot.js
FN:5,(anonymous_0)
FN:6,(anonymous_1)
FN:7,(anonymous_2)
FN:11,(anonymous_3)
FN:24,(anonymous_4)
FN:26,(anonymous_5)
FN:55,(anonymous_6)
FN:86,(anonymous_7)
FN:115,(anonymous_8)
FN:117,(anonymous_9)
FN:138,(anonymous_10)
FN:143,(anonymous_11)
FN:166,(anonymous_12)
FN:172,(anonymous_13)
FN:186,(anonymous_14)
FNF:15
FNH:0
FNDA:0,(anonymous_0)
FNDA:0,(anonymous_1)
FNDA:0,(anonymous_2)
FNDA:0,(anonymous_3)
FNDA:0,(anonymous_4)
FNDA:0,(anonymous_5)
FNDA:0,(anonymous_6)
FNDA:0,(anonymous_7)
FNDA:0,(anonymous_8)
FNDA:0,(anonymous_9)
FNDA:0,(anonymous_10)
FNDA:0,(anonymous_11)
FNDA:0,(anonymous_12)
FNDA:0,(anonymous_13)
FNDA:0,(anonymous_14)
DA:2,0
DA:4,0
DA:5,0
DA:6,0
DA:7,0
DA:12,0
DA:18,0
DA:19,0
DA:21,0
DA:26,0
DA:27,0
DA:29,0
DA:30,0
DA:33,0
DA:35,0
DA:40,0
DA:46,0
DA:47,0
DA:55,0
DA:56,0
DA:58,0
DA:59,0
DA:61,0
DA:74,0
DA:80,0
DA:81,0
DA:86,0
DA:87,0
DA:89,0
DA:91,0
DA:92,0
DA:103,0
DA:109,0
DA:110,0
DA:117,0
DA:118,0
DA:119,0
DA:121,0
DA:126,0
DA:132,0
DA:133,0
DA:138,0
DA:139,0
DA:144,0
DA:146,0
DA:147,0
DA:150,0
DA:151,0
DA:154,0
DA:155,0
DA:158,0
DA:159,0
DA:163,0
DA:167,0
DA:168,0
DA:169,0
DA:172,0
DA:173,0
DA:181,0
DA:182,0
DA:187,0
DA:188,0
DA:189,0
DA:191,0
LF:64
LH:0
BRDA:5,0,0,0
BRDA:5,0,1,0
BRDA:6,1,0,0
BRDA:6,1,1,0
BRDA:7,2,0,0
BRDA:7,2,1,0
BRDA:30,3,0,0
BRDA:30,3,1,0
BRDA:59,4,0,0
BRDA:59,4,1,0
BRDA:89,5,0,0
BRDA:89,5,1,0
BRDA:146,6,0,0
BRDA:146,6,1,0
BRDA:146,7,0,0
BRDA:146,7,1,0
BRDA:150,8,0,0
BRDA:150,8,1,0
BRDA:150,9,0,0
BRDA:150,9,1,0
BRDA:150,9,2,0
BRDA:154,10,0,0
BRDA:154,10,1,0
BRDA:154,11,0,0
BRDA:154,11,1,0
BRDA:158,12,0,0
BRDA:158,12,1,0
BRDA:158,13,0,0
BRDA:158,13,1,0
BRDA:158,13,2,0
BRDA:166,14,0,0
BRF:31
BRH:0
end_of_record
TN:
SF:src/test-claude-api.js
FN:6,testClaudeAPI
FNF:1
FNH:0
FNDA:0,testClaudeAPI
DA:7,0
DA:9,0
DA:10,0
DA:15,0
DA:17,0
DA:30,0
DA:32,0
DA:33,0
DA:34,0
DA:35,0
DA:37,0
DA:38,0
DA:39,0
DA:40,0
DA:42,0
DA:43,0
DA:46,0
DA:47,0
DA:48,0
DA:50,0
DA:51,0
DA:52,0
DA:53,0
DA:54,0
DA:55,0
DA:58,0
DA:63,0
DA:64,0
LF:28
LH:0
BRDA:47,0,0,0
BRDA:47,0,1,0
BRDA:50,1,0,0
BRDA:50,1,1,0
BRDA:52,2,0,0
BRDA:52,2,1,0
BRDA:54,3,0,0
BRDA:54,3,1,0
BRDA:63,4,0,0
BRDA:63,4,1,0
BRF:10
BRH:0
end_of_record
TN:
SF:src/test-deduplication-integration.js
FN:108,findBestTemplate
FN:112,(anonymous_1)
FN:128,testDeduplicationIntegration
FNF:3
FNH:0
FNDA:0,findBestTemplate
FNDA:0,(anonymous_1)
FNDA:0,testDeduplicationIntegration
DA:8,0
DA:9,0
DA:13,0
DA:16,0
DA:20,0
DA:23,0
DA:58,0
DA:89,0
DA:109,0
DA:111,0
DA:112,0
DA:113,0
DA:116,0
DA:117,0
DA:125,0
DA:129,0
DA:130,0
DA:132,0
DA:133,0
DA:134,0
DA:135,0
DA:138,0
DA:139,0
DA:140,0
DA:141,0
DA:142,0
DA:145,0
DA:146,0
DA:148,0
DA:149,0
DA:154,0
DA:155,0
DA:156,0
DA:157,0
DA:158,0
DA:159,0
DA:161,0
DA:164,0
DA:168,0
DA:169,0
DA:171,0
DA:172,0
DA:179,0
DA:184,0
DA:185,0
DA:186,0
DA:187,0
DA:188,0
DA:189,0
DA:192,0
DA:196,0
DA:197,0
DA:199,0
DA:200,0
DA:201,0
DA:204,0
DA:205,0
DA:206,0
DA:209,0
DA:212,0
DA:214,0
DA:215,0
DA:218,0
DA:222,0
DA:224,0
DA:228,0
DA:229,0
DA:231,0
DA:232,0
DA:234,0
DA:245,0
DA:248,0
DA:249,0
DA:250,0
DA:251,0
DA:253,0
DA:254,0
DA:255,0
DA:256,0
DA:257,0
DA:258,0
DA:259,0
DA:261,0
DA:264,0
DA:267,0
DA:268,0
DA:269,0
DA:270,0
DA:271,0
DA:272,0
DA:273,0
DA:274,0
DA:278,0
DA:279,0
DA:282,0
LF:95
LH:0
BRDA:113,0,0,0
BRDA:113,0,1,0
BRDA:116,1,0,0
BRDA:116,1,1,0
BRDA:132,2,0,0
BRDA:132,2,1,0
BRDA:154,3,0,0
BRDA:154,3,1,0
BRDA:155,4,0,0
BRDA:155,4,1,0
BRDA:157,5,0,0
BRDA:157,5,1,0
BRDA:158,6,0,0
BRDA:158,6,1,0
BRDA:205,7,0,0
BRDA:205,7,1,0
BRDA:209,8,0,0
BRDA:209,8,1,0
BRDA:209,8,2,0
BRDA:212,9,0,0
BRDA:212,9,1,0
BRDA:214,10,0,0
BRDA:214,10,1,0
BRDA:215,11,0,0
BRDA:215,11,1,0
BRDA:215,11,2,0
BRDA:218,12,0,0
BRDA:218,12,1,0
BRDA:245,13,0,0
BRDA:245,13,1,0
BRDA:248,14,0,0
BRDA:248,14,1,0
BRDA:249,15,0,0
BRDA:249,15,1,0
BRDA:249,15,2,0
BRDA:250,16,0,0
BRDA:250,16,1,0
BRDA:256,17,0,0
BRDA:256,17,1,0
BRDA:257,18,0,0
BRDA:257,18,1,0
BRDA:258,19,0,0
BRDA:258,19,1,0
BRDA:259,20,0,0
BRDA:259,20,1,0
BRDA:278,21,0,0
BRDA:278,21,1,0
BRF:47
BRH:0
end_of_record
TN:
SF:src/test-enhanced-claude.js
FN:21,findBestTemplate
FN:25,(anonymous_1)
FN:70,testEnhancedClaude
FNF:3
FNH:0
FNDA:0,findBestTemplate
FNDA:0,(anonymous_1)
FNDA:0,testEnhancedClaude
DA:8,0
DA:13,0
DA:16,0
DA:22,0
DA:24,0
DA:25,0
DA:26,0
DA:29,0
DA:30,0
DA:38,0
DA:42,0
DA:71,0
DA:72,0
DA:74,0
DA:75,0
DA:76,0
DA:79,0
DA:80,0
DA:81,0
DA:82,0
DA:83,0
DA:85,0
DA:86,0
DA:87,0
DA:90,0
DA:91,0
DA:92,0
DA:94,0
DA:97,0
DA:100,0
DA:102,0
DA:117,0
DA:120,0
DA:132,0
DA:135,0
DA:136,0
DA:139,0
DA:142,0
DA:145,0
DA:146,0
DA:147,0
DA:148,0
DA:149,0
DA:150,0
DA:152,0
DA:156,0
DA:157,0
DA:160,0
LF:48
LH:0
BRDA:26,0,0,0
BRDA:26,0,1,0
BRDA:29,1,0,0
BRDA:29,1,1,0
BRDA:74,2,0,0
BRDA:74,2,1,0
BRDA:91,3,0,0
BRDA:91,3,1,0
BRDA:100,4,0,0
BRDA:100,4,1,0
BRDA:156,5,0,0
BRDA:156,5,1,0
BRF:12
BRH:0
end_of_record
TN:
SF:src/test-hubspot-pattern.js
FN:20,findBestTemplate
FN:24,(anonymous_1)
FN:69,testHubSpotPatternIntegration
FNF:3
FNH:0
FNDA:0,findBestTemplate
FNDA:0,(anonymous_1)
FNDA:0,testHubSpotPatternIntegration
DA:8,0
DA:12,0
DA:15,0
DA:21,0
DA:23,0
DA:24,0
DA:25,0
DA:28,0
DA:29,0
DA:37,0
DA:41,0
DA:70,0
DA:71,0
DA:73,0
DA:74,0
DA:75,0
DA:76,0
DA:79,0
DA:80,0
DA:81,0
DA:82,0
DA:83,0
DA:85,0
DA:86,0
DA:87,0
DA:90,0
DA:91,0
DA:92,0
DA:95,0
DA:96,0
DA:97,0
DA:98,0
DA:101,0
DA:102,0
DA:103,0
DA:107,0
DA:110,0
DA:112,0
DA:127,0
DA:130,0
DA:142,0
DA:146,0
DA:147,0
DA:148,0
DA:149,0
DA:151,0
DA:152,0
DA:153,0
DA:154,0
DA:155,0
DA:156,0
DA:157,0
DA:160,0
DA:163,0
DA:166,0
DA:167,0
DA:168,0
DA:169,0
DA:170,0
DA:171,0
DA:172,0
DA:174,0
DA:178,0
DA:179,0
DA:182,0
LF:65
LH:0
BRDA:25,0,0,0
BRDA:25,0,1,0
BRDA:28,1,0,0
BRDA:28,1,1,0
BRDA:73,2,0,0
BRDA:73,2,1,0
BRDA:91,3,0,0
BRDA:91,3,1,0
BRDA:95,4,0,0
BRDA:95,4,1,0
BRDA:95,5,0,0
BRDA:95,5,1,0
BRDA:97,6,0,0
BRDA:97,6,1,0
BRDA:102,7,0,0
BRDA:102,7,1,0
BRDA:110,8,0,0
BRDA:110,8,1,0
BRDA:147,9,0,0
BRDA:147,9,1,0
BRDA:148,10,0,0
BRDA:148,10,1,0
BRDA:149,11,0,0
BRDA:149,11,1,0
BRDA:154,12,0,0
BRDA:154,12,1,0
BRDA:155,13,0,0
BRDA:155,13,1,0
BRDA:156,14,0,0
BRDA:156,14,1,0
BRDA:157,15,0,0
BRDA:157,15,1,0
BRDA:178,16,0,0
BRDA:178,16,1,0
BRF:34
BRH:0
end_of_record
TN:
SF:src/test-phase1-workflow.js
FN:12,testPhase1Workflow
FN:80,(anonymous_1)
FN:93,(anonymous_2)
FN:104,(anonymous_3)
FN:116,(anonymous_4)
FN:130,showWorkflowDemo
FN:149,(anonymous_6)
FNF:7
FNH:0
FNDA:0,testPhase1Workflow
FNDA:0,(anonymous_1)
FNDA:0,(anonymous_2)
FNDA:0,(anonymous_3)
FNDA:0,(anonymous_4)
FNDA:0,showWorkflowDemo
FNDA:0,(anonymous_6)
DA:6,0
DA:7,0
DA:13,0
DA:15,0
DA:17,0
DA:19,0
DA:22,0
DA:23,0
DA:24,0
DA:26,0
DA:27,0
DA:31,0
DA:32,0
DA:35,0
DA:43,0
DA:46,0
DA:49,0
DA:50,0
DA:52,0
DA:53,0
DA:54,0
DA:55,0
DA:57,0
DA:58,0
DA:59,0
DA:60,0
DA:61,0
DA:63,0
DA:64,0
DA:65,0
DA:66,0
DA:68,0
DA:69,0
DA:70,0
DA:71,0
DA:73,0
DA:74,0
DA:75,0
DA:76,0
DA:77,0
DA:79,0
DA:80,0
DA:81,0
DA:82,0
DA:83,0
DA:84,0
DA:86,0
DA:87,0
DA:91,0
DA:92,0
DA:93,0
DA:94,0
DA:99,0
DA:100,0
DA:102,0
DA:103,0
DA:104,0
DA:105,0
DA:106,0
DA:107,0
DA:108,0
DA:114,0
DA:115,0
DA:116,0
DA:117,0
DA:122,0
DA:123,0
DA:126,0
DA:131,0
DA:132,0
DA:134,0
DA:135,0
DA:136,0
DA:137,0
DA:138,0
DA:139,0
DA:140,0
DA:142,0
DA:143,0
DA:149,0
DA:150,0
DA:153,0
DA:154,0
DA:155,0
DA:156,0
DA:157,0
DA:158,0
DA:160,0
DA:161,0
DA:162,0
DA:163,0
DA:164,0
DA:166,0
DA:167,0
DA:168,0
DA:169,0
DA:170,0
DA:171,0
DA:173,0
DA:177,0
DA:178,0
DA:179,0
DA:180,0
DA:182,0
DA:183,0
DA:184,0
DA:185,0
DA:186,0
LF:108
LH:0
BRDA:52,0,0,0
BRDA:52,0,1,0
BRDA:81,1,0,0
BRDA:81,1,1,0
BRDA:82,2,0,0
BRDA:82,2,1,0
BRDA:83,3,0,0
BRDA:83,3,1,0
BRDA:86,4,0,0
BRDA:86,4,1,0
BRDA:91,5,0,0
BRDA:91,5,1,0
BRDA:102,6,0,0
BRDA:102,6,1,0
BRDA:105,7,0,0
BRDA:105,7,1,0
BRDA:107,8,0,0
BRDA:107,8,1,0
BRDA:114,9,0,0
BRDA:114,9,1,0
BRDA:117,10,0,0
BRDA:117,10,1,0
BRDA:177,11,0,0
BRDA:177,11,1,0
BRDA:179,12,0,0
BRDA:179,12,1,0
BRF:26
BRH:0
end_of_record
TN:
SF:src/test-sub-agents.js
FN:16,(anonymous_0)
FN:25,testRouting
FN:47,testAgents
FN:51,(anonymous_3)
FN:57,testAgentResponse
FN:79,testSpecificAgent
FN:105,runAllTests
FNF:7
FNH:0
FNDA:0,(anonymous_0)
FNDA:0,testRouting
FNDA:0,testAgents
FNDA:0,(anonymous_3)
FNDA:0,testAgentResponse
FNDA:0,testSpecificAgent
FNDA:0,runAllTests
DA:8,0
DA:9,0
DA:12,0
DA:16,0
DA:23,0
DA:26,0
DA:28,0
DA:39,0
DA:40,0
DA:41,0
DA:42,0
DA:43,0
DA:48,0
DA:50,0
DA:51,0
DA:52,0
DA:53,0
DA:58,0
DA:59,0
DA:60,0
DA:63,0
DA:65,0
DA:66,0
DA:68,0
DA:69,0
DA:70,0
DA:71,0
DA:72,0
DA:73,0
DA:75,0
DA:80,0
DA:81,0
DA:82,0
DA:85,0
DA:87,0
DA:93,0
DA:94,0
DA:95,0
DA:96,0
DA:97,0
DA:98,0
DA:100,0
DA:106,0
DA:107,0
DA:109,0
DA:110,0
DA:111,0
DA:112,0
DA:114,0
DA:115,0
DA:116,0
DA:117,0
DA:118,0
DA:122,0
DA:123,0
DA:126,0
LF:56
LH:0
BRDA:12,0,0,0
BRDA:12,0,1,0
BRDA:58,1,0,0
BRDA:58,1,1,0
BRDA:80,2,0,0
BRDA:80,2,1,0
BRDA:122,3,0,0
BRDA:122,3,1,0
BRF:8
BRH:0
end_of_record
TN:
SF:src/config/index.js
FN:280,(anonymous_0)
FNF:1
FNH:0
FNDA:0,(anonymous_0)
DA:4,0
DA:7,0
DA:153,0
DA:274,0
DA:279,0
DA:280,0
DA:281,0
LF:7
LH:0
BRDA:155,0,0,0
BRDA:155,0,1,0
BRDA:156,1,0,0
BRDA:156,1,1,0
BRDA:162,2,0,0
BRDA:162,2,1,0
BRDA:163,3,0,0
BRDA:163,3,1,0
BRDA:164,4,0,0
BRDA:164,4,1,0
BRDA:165,5,0,0
BRDA:165,5,1,0
BRDA:166,6,0,0
BRDA:166,6,1,0
BRDA:169,7,0,0
BRDA:169,7,1,0
BRDA:170,8,0,0
BRDA:170,8,1,0
BRDA:171,9,0,0
BRDA:171,9,1,0
BRDA:172,10,0,0
BRDA:172,10,1,0
BRDA:173,11,0,0
BRDA:173,11,1,0
BRDA:176,12,0,0
BRDA:176,12,1,0
BRDA:177,13,0,0
BRDA:177,13,1,0
BRDA:178,14,0,0
BRDA:178,14,1,0
BRDA:181,15,0,0
BRDA:181,15,1,0
BRDA:182,16,0,0
BRDA:182,16,1,0
BRDA:183,17,0,0
BRDA:183,17,1,0
BRDA:184,18,0,0
BRDA:184,18,1,0
BRDA:190,19,0,0
BRDA:190,19,1,0
BRDA:191,20,0,0
BRDA:191,20,1,0
BRDA:197,21,0,0
BRDA:197,21,1,0
BRDA:198,22,0,0
BRDA:198,22,1,0
BRDA:199,23,0,0
BRDA:199,23,1,0
BRDA:200,24,0,0
BRDA:200,24,1,0
BRDA:203,25,0,0
BRDA:203,25,1,0
BRDA:208,26,0,0
BRDA:208,26,1,0
BRDA:209,27,0,0
BRDA:209,27,1,0
BRDA:210,28,0,0
BRDA:210,28,1,0
BRDA:211,29,0,0
BRDA:211,29,1,0
BRDA:213,30,0,0
BRDA:213,30,1,0
BRDA:217,31,0,0
BRDA:217,31,1,0
BRDA:218,32,0,0
BRDA:218,32,1,0
BRDA:219,33,0,0
BRDA:219,33,1,0
BRDA:220,34,0,0
BRDA:220,34,1,0
BRDA:221,35,0,0
BRDA:221,35,1,0
BRDA:226,36,0,0
BRDA:226,36,1,0
BRDA:227,37,0,0
BRDA:227,37,1,0
BRDA:228,38,0,0
BRDA:228,38,1,0
BRDA:229,39,0,0
BRDA:229,39,1,0
BRDA:230,40,0,0
BRDA:230,40,1,0
BRDA:233,41,0,0
BRDA:233,41,1,0
BRDA:234,42,0,0
BRDA:234,42,1,0
BRDA:235,43,0,0
BRDA:235,43,1,0
BRDA:236,44,0,0
BRDA:236,44,1,0
BRDA:238,45,0,0
BRDA:238,45,1,0
BRDA:241,46,0,0
BRDA:241,46,1,0
BRDA:242,47,0,0
BRDA:242,47,1,0
BRDA:243,48,0,0
BRDA:243,48,1,0
BRDA:244,49,0,0
BRDA:244,49,1,0
BRDA:246,50,0,0
BRDA:246,50,1,0
BRDA:252,51,0,0
BRDA:252,51,1,0
BRDA:253,52,0,0
BRDA:253,52,1,0
BRDA:254,53,0,0
BRDA:254,53,1,0
BRDA:257,54,0,0
BRDA:257,54,1,0
BRDA:258,55,0,0
BRDA:258,55,1,0
BRDA:259,56,0,0
BRDA:259,56,1,0
BRDA:260,57,0,0
BRDA:260,57,1,0
BRDA:263,58,0,0
BRDA:263,58,1,0
BRDA:264,59,0,0
BRDA:264,59,1,0
BRDA:267,60,0,0
BRDA:267,60,1,0
BRDA:268,61,0,0
BRDA:268,61,1,0
BRDA:279,62,0,0
BRDA:279,62,1,0
BRF:126
BRH:0
end_of_record
TN:
SF:src/services/ab-testing-service.js
FN:9,(anonymous_0)
FN:49,(anonymous_1)
FN:106,(anonymous_2)
FN:142,(anonymous_3)
FN:182,(anonymous_4)
FN:277,(anonymous_5)
FN:345,(anonymous_6)
FN:398,(anonymous_7)
FN:421,(anonymous_8)
FN:429,(anonymous_9)
FN:465,(anonymous_10)
FN:466,(anonymous_11)
FN:472,(anonymous_12)
FN:483,(anonymous_13)
FN:520,(anonymous_14)
FN:533,(anonymous_15)
FN:591,(anonymous_16)
FN:614,(anonymous_17)
FN:623,(anonymous_18)
FN:636,(anonymous_19)
FN:648,(anonymous_20)
FN:664,(anonymous_21)
FN:671,(anonymous_22)
FN:676,(anonymous_23)
FN:681,(anonymous_24)
FN:699,(anonymous_25)
FN:708,(anonymous_26)
FN:717,(anonymous_27)
FN:724,(anonymous_28)
FN:738,(anonymous_29)
FN:740,(anonymous_30)
FN:741,(anonymous_31)
FN:742,(anonymous_32)
FN:749,(anonymous_33)
FN:753,(anonymous_34)
FN:761,(anonymous_35)
FN:773,(anonymous_36)
FN:778,(anonymous_37)
FN:783,(anonymous_38)
FNF:39
FNH:0
FNDA:0,(anonymous_0)
FNDA:0,(anonymous_1)
FNDA:0,(anonymous_2)
FNDA:0,(anonymous_3)
FNDA:0,(anonymous_4)
FNDA:0,(anonymous_5)
FNDA:0,(anonymous_6)
FNDA:0,(anonymous_7)
FNDA:0,(anonymous_8)
FNDA:0,(anonymous_9)
FNDA:0,(anonymous_10)
FNDA:0,(anonymous_11)
FNDA:0,(anonymous_12)
FNDA:0,(anonymous_13)
FNDA:0,(anonymous_14)
FNDA:0,(anonymous_15)
FNDA:0,(anonymous_16)
FNDA:0,(anonymous_17)
FNDA:0,(anonymous_18)
FNDA:0,(anonymous_19)
FNDA:0,(anonymous_20)
FNDA:0,(anonymous_21)
FNDA:0,(anonymous_22)
FNDA:0,(anonymous_23)
FNDA:0,(anonymous_24)
FNDA:0,(anonymous_25)
FNDA:0,(anonymous_26)
FNDA:0,(anonymous_27)
FNDA:0,(anonymous_28)
FNDA:0,(anonymous_29)
FNDA:0,(anonymous_30)
FNDA:0,(anonymous_31)
FNDA:0,(anonymous_32)
FNDA:0,(anonymous_33)
FNDA:0,(anonymous_34)
FNDA:0,(anonymous_35)
FNDA:0,(anonymous_36)
FNDA:0,(anonymous_37)
FNDA:0,(anonymous_38)
DA:6,0
DA:10,0
DA:14,0
DA:24,0
DA:25,0
DA:26,0
DA:29,0
DA:38,0
DA:50,0
DA:51,0
DA:53,0
DA:55,0
DA:57,0
DA:60,0
DA:67,0
DA:74,0
DA:81,0
DA:106,0
DA:142,0
DA:143,0
DA:155,0
DA:156,0
DA:157,0
DA:158,0
DA:160,0
DA:162,0
DA:170,0
DA:171,0
DA:183,0
DA:227,0
DA:228,0
DA:235,0
DA:238,0
DA:241,0
DA:242,0
DA:250,0
DA:251,0
DA:254,0
DA:257,0
DA:278,0
DA:279,0
DA:280,0
DA:281,0
DA:284,0
DA:285,0
DA:286,0
DA:287,0
DA:291,0
DA:293,0
DA:294,0
DA:295,0
DA:297,0
DA:298,0
DA:300,0
DA:301,0
DA:303,0
DA:304,0
DA:306,0
DA:307,0
DA:309,0
DA:310,0
DA:314,0
DA:317,0
DA:318,0
DA:320,0
DA:321,0
DA:322,0
DA:325,0
DA:326,0
DA:331,0
DA:346,0
DA:347,0
DA:348,0
DA:351,0
DA:354,0
DA:357,0
DA:360,0
DA:362,0
DA:384,0
DA:386,0
DA:388,0
DA:399,0
DA:402,0
DA:403,0
DA:406,0
DA:409,0
DA:410,0
DA:412,0
DA:413,0
DA:414,0
DA:415,0
DA:419,0
DA:421,0
DA:423,0
DA:431,0
DA:432,0
DA:433,0
DA:436,0
DA:437,0
DA:438,0
DA:440,0
DA:445,0
DA:446,0
DA:448,0
DA:466,0
DA:472,0
DA:473,0
DA:474,0
DA:477,0
DA:478,0
DA:480,0
DA:481,0
DA:483,0
DA:484,0
DA:486,0
DA:487,0
DA:492,0
DA:493,0
DA:495,0
DA:497,0
DA:508,0
DA:521,0
DA:534,0
DA:535,0
DA:568,0
DA:569,0
DA:576,0
DA:578,0
DA:579,0
DA:592,0
DA:615,0
DA:616,0
DA:617,0
DA:618,0
DA:619,0
DA:625,0
DA:627,0
DA:628,0
DA:629,0
DA:630,0
DA:633,0
DA:637,0
DA:639,0
DA:649,0
DA:650,0
DA:652,0
DA:654,0
DA:656,0
DA:658,0
DA:660,0
DA:665,0
DA:666,0
DA:668,0
DA:673,0
DA:678,0
DA:683,0
DA:684,0
DA:685,0
DA:686,0
DA:687,0
DA:688,0
DA:690,0
DA:691,0
DA:693,0
DA:694,0
DA:696,0
DA:700,0
DA:701,0
DA:702,0
DA:703,0
DA:705,0
DA:710,0
DA:711,0
DA:712,0
DA:714,0
DA:718,0
DA:720,0
DA:721,0
DA:722,0
DA:724,0
DA:725,0
DA:726,0
DA:731,0
DA:735,0
DA:740,0
DA:741,0
DA:742,0
DA:744,0
DA:745,0
DA:750,0
DA:754,0
DA:762,0
DA:764,0
DA:765,0
DA:767,0
DA:770,0
DA:775,0
DA:780,0
DA:784,0
DA:789,0
LF:200
LH:0
BRDA:9,0,0,0
BRDA:15,1,0,0
BRDA:15,1,1,0
BRDA:16,2,0,0
BRDA:16,2,1,0
BRDA:17,3,0,0
BRDA:17,3,1,0
BRDA:18,4,0,0
BRDA:18,4,1,0
BRDA:19,5,0,0
BRDA:19,5,1,0
BRDA:49,6,0,0
BRDA:63,7,0,0
BRDA:63,7,1,0
BRDA:69,8,0,0
BRDA:69,8,1,0
BRDA:84,9,0,0
BRDA:84,9,1,0
BRDA:93,10,0,0
BRDA:93,10,1,0
BRDA:94,11,0,0
BRDA:94,11,1,0
BRDA:136,12,0,0
BRDA:136,12,1,0
BRDA:182,13,0,0
BRDA:185,14,0,0
BRDA:185,14,1,0
BRDA:186,15,0,0
BRDA:186,15,1,0
BRDA:187,16,0,0
BRDA:187,16,1,0
BRDA:188,17,0,0
BRDA:188,17,1,0
BRDA:194,18,0,0
BRDA:194,18,1,0
BRDA:195,19,0,0
BRDA:195,19,1,0
BRDA:196,20,0,0
BRDA:196,20,1,0
BRDA:199,21,0,0
BRDA:199,21,1,0
BRDA:200,22,0,0
BRDA:200,22,1,0
BRDA:217,23,0,0
BRDA:217,23,1,0
BRDA:238,24,0,0
BRDA:238,24,1,0
BRDA:241,25,0,0
BRDA:241,25,1,0
BRDA:279,26,0,0
BRDA:279,26,1,0
BRDA:285,27,0,0
BRDA:285,27,1,0
BRDA:291,28,0,0
BRDA:291,28,1,0
BRDA:291,28,2,0
BRDA:291,28,3,0
BRDA:291,28,4,0
BRDA:291,28,5,0
BRDA:317,29,0,0
BRDA:317,29,1,0
BRDA:320,30,0,0
BRDA:320,30,1,0
BRDA:325,31,0,0
BRDA:325,31,1,0
BRDA:347,32,0,0
BRDA:347,32,1,0
BRDA:374,33,0,0
BRDA:374,33,1,0
BRDA:386,34,0,0
BRDA:386,34,1,0
BRDA:413,35,0,0
BRDA:413,35,1,0
BRDA:473,36,0,0
BRDA:473,36,1,0
BRDA:484,37,0,0
BRDA:484,37,1,0
BRDA:495,38,0,0
BRDA:495,38,1,0
BRDA:615,39,0,0
BRDA:615,39,1,0
BRDA:616,40,0,0
BRDA:616,40,1,0
BRDA:617,41,0,0
BRDA:617,41,1,0
BRDA:618,42,0,0
BRDA:618,42,1,0
BRDA:618,43,0,0
BRDA:618,43,1,0
BRDA:627,44,0,0
BRDA:627,44,1,0
BRDA:627,45,0,0
BRDA:627,45,1,0
BRDA:629,46,0,0
BRDA:629,46,1,0
BRDA:637,47,0,0
BRDA:637,47,1,0
BRDA:640,48,0,0
BRDA:640,48,1,0
BRDA:641,49,0,0
BRDA:641,49,1,0
BRDA:642,50,0,0
BRDA:642,50,1,0
BRDA:643,51,0,0
BRDA:643,51,1,0
BRDA:644,52,0,0
BRDA:644,52,1,0
BRDA:649,53,0,0
BRDA:649,53,1,0
BRDA:650,54,0,0
BRDA:650,54,1,0
BRDA:652,55,0,0
BRDA:652,55,1,0
BRDA:652,55,2,0
BRDA:652,55,3,0
BRDA:668,56,0,0
BRDA:668,56,1,0
BRDA:690,57,0,0
BRDA:690,57,1,0
BRDA:714,58,0,0
BRDA:714,58,1,0
BRDA:718,59,0,0
BRDA:718,59,1,0
BRDA:725,60,0,0
BRDA:725,60,1,0
BRDA:725,61,0,0
BRDA:725,61,1,0
BRDA:744,62,0,0
BRDA:744,62,1,0
BRDA:764,63,0,0
BRDA:764,63,1,0
BRF:131
BRH:0
end_of_record
TN:
SF:src/services/advanced-analytics-service.js
FN:9,(anonymous_0)
FN:51,(anonymous_1)
FN:106,(anonymous_2)
FN:146,(anonymous_3)
FN:185,(anonymous_4)
FN:217,(anonymous_5)
FN:292,(anonymous_6)
FN:315,(anonymous_7)
FN:356,(anonymous_8)
FN:379,(anonymous_9)
FN:432,(anonymous_10)
FN:451,(anonymous_11)
FN:474,(anonymous_12)
FN:486,(anonymous_13)
FN:508,(anonymous_14)
FN:532,(anonymous_15)
FN:551,(anonymous_16)
FN:574,(anonymous_17)
FN:593,(anonymous_18)
FN:617,(anonymous_19)
FN:621,(anonymous_20)
FN:625,(anonymous_21)
FN:629,(anonymous_22)
FN:635,(anonymous_23)
FN:650,(anonymous_24)
FN:660,(anonymous_25)
FN:670,(anonymous_26)
FN:690,(anonymous_27)
FN:711,(anonymous_28)
FN:719,(anonymous_29)
FN:727,(anonymous_30)
FN:735,(anonymous_31)
FN:739,(anonymous_32)
FN:743,(anonymous_33)
FN:745,(anonymous_34)
FN:757,(anonymous_35)
FN:776,(anonymous_36)
FN:777,(anonymous_37)
FNF:38
FNH:0
FNDA:0,(anonymous_0)
FNDA:0,(anonymous_1)
FNDA:0,(anonymous_2)
FNDA:0,(anonymous_3)
FNDA:0,(anonymous_4)
FNDA:0,(anonymous_5)
FNDA:0,(anonymous_6)
FNDA:0,(anonymous_7)
FNDA:0,(anonymous_8)
FNDA:0,(anonymous_9)
FNDA:0,(anonymous_10)
FNDA:0,(anonymous_11)
FNDA:0,(anonymous_12)
FNDA:0,(anonymous_13)
FNDA:0,(anonymous_14)
FNDA:0,(anonymous_15)
FNDA:0,(anonymous_16)
FNDA:0,(anonymous_17)
FNDA:0,(anonymous_18)
FNDA:0,(anonymous_19)
FNDA:0,(anonymous_20)
FNDA:0,(anonymous_21)
FNDA:0,(anonymous_22)
FNDA:0,(anonymous_23)
FNDA:0,(anonymous_24)
FNDA:0,(anonymous_25)
FNDA:0,(anonymous_26)
FNDA:0,(anonymous_27)
FNDA:0,(anonymous_28)
FNDA:0,(anonymous_29)
FNDA:0,(anonymous_30)
FNDA:0,(anonymous_31)
FNDA:0,(anonymous_32)
FNDA:0,(anonymous_33)
FNDA:0,(anonymous_34)
FNDA:0,(anonymous_35)
FNDA:0,(anonymous_36)
FNDA:0,(anonymous_37)
DA:6,0
DA:10,0
DA:14,0
DA:24,0
DA:34,0
DA:43,0
DA:52,0
DA:53,0
DA:55,0
DA:56,0
DA:71,0
DA:72,0
DA:73,0
DA:76,0
DA:77,0
DA:78,0
DA:79,0
DA:80,0
DA:84,0
DA:85,0
DA:88,0
DA:89,0
DA:95,0
DA:96,0
DA:97,0
DA:107,0
DA:108,0
DA:110,0
DA:111,0
DA:123,0
DA:124,0
DA:125,0
DA:126,0
DA:129,0
DA:130,0
DA:131,0
DA:133,0
DA:134,0
DA:147,0
DA:148,0
DA:150,0
DA:151,0
DA:163,0
DA:164,0
DA:165,0
DA:166,0
DA:168,0
DA:169,0
DA:171,0
DA:174,0
DA:186,0
DA:188,0
DA:189,0
DA:191,0
DA:208,0
DA:218,0
DA:219,0
DA:220,0
DA:222,0
DA:249,0
DA:250,0
DA:257,0
DA:272,0
DA:273,0
DA:293,0
DA:295,0
DA:306,0
DA:316,0
DA:327,0
DA:328,0
DA:335,0
DA:337,0
DA:347,0
DA:357,0
DA:359,0
DA:380,0
DA:387,0
DA:403,0
DA:404,0
DA:411,0
DA:413,0
DA:414,0
DA:433,0
DA:435,0
DA:452,0
DA:463,0
DA:464,0
DA:466,0
DA:467,0
DA:468,0
DA:469,0
DA:470,0
DA:471,0
DA:474,0
DA:475,0
DA:481,0
DA:483,0
DA:487,0
DA:495,0
DA:496,0
DA:498,0
DA:499,0
DA:500,0
DA:501,0
DA:505,0
DA:509,0
DA:517,0
DA:518,0
DA:519,0
DA:520,0
DA:521,0
DA:522,0
DA:526,0
DA:529,0
DA:533,0
DA:543,0
DA:544,0
DA:546,0
DA:547,0
DA:548,0
DA:551,0
DA:552,0
DA:553,0
DA:560,0
DA:561,0
DA:563,0
DA:568,0
DA:569,0
DA:571,0
DA:576,0
DA:594,0
DA:597,0
DA:599,0
DA:600,0
DA:602,0
DA:603,0
DA:605,0
DA:606,0
DA:608,0
DA:611,0
DA:618,0
DA:622,0
DA:626,0
DA:630,0
DA:631,0
DA:632,0
DA:636,0
DA:637,0
DA:651,0
DA:652,0
DA:661,0
DA:662,0
DA:671,0
DA:691,0
DA:712,0
DA:720,0
DA:728,0
DA:736,0
DA:740,0
DA:744,0
DA:745,0
DA:746,0
DA:754,0
DA:758,0
DA:777,0
DA:778,0
DA:779,0
DA:780,0
DA:784,0
DA:790,0
LF:170
LH:0
BRDA:9,0,0,0
BRDA:15,1,0,0
BRDA:15,1,1,0
BRDA:16,2,0,0
BRDA:16,2,1,0
BRDA:18,3,0,0
BRDA:18,3,1,0
BRDA:19,4,0,0
BRDA:19,4,1,0
BRDA:51,5,0,0
BRDA:53,6,0,0
BRDA:53,6,1,0
BRDA:55,7,0,0
BRDA:55,7,1,0
BRDA:58,8,0,0
BRDA:58,8,1,0
BRDA:73,9,0,0
BRDA:73,9,1,0
BRDA:76,10,0,0
BRDA:76,10,1,0
BRDA:76,10,2,0
BRDA:76,10,3,0
BRDA:84,11,0,0
BRDA:84,11,1,0
BRDA:85,12,0,0
BRDA:85,12,1,0
BRDA:88,13,0,0
BRDA:88,13,1,0
BRDA:95,14,0,0
BRDA:95,14,1,0
BRDA:96,15,0,0
BRDA:96,15,1,0
BRDA:106,16,0,0
BRDA:108,17,0,0
BRDA:108,17,1,0
BRDA:110,18,0,0
BRDA:110,18,1,0
BRDA:113,19,0,0
BRDA:113,19,1,0
BRDA:124,20,0,0
BRDA:124,20,1,0
BRDA:125,21,0,0
BRDA:125,21,1,0
BRDA:126,22,0,0
BRDA:126,22,1,0
BRDA:130,23,0,0
BRDA:130,23,1,0
BRDA:133,24,0,0
BRDA:133,24,1,0
BRDA:148,25,0,0
BRDA:148,25,1,0
BRDA:150,26,0,0
BRDA:150,26,1,0
BRDA:153,27,0,0
BRDA:153,27,1,0
BRDA:165,28,0,0
BRDA:165,28,1,0
BRDA:166,29,0,0
BRDA:166,29,1,0
BRDA:168,30,0,0
BRDA:168,30,1,0
BRDA:175,31,0,0
BRDA:175,31,1,0
BRDA:185,32,0,0
BRDA:188,33,0,0
BRDA:188,33,1,0
BRDA:189,34,0,0
BRDA:189,34,1,0
BRDA:194,35,0,0
BRDA:194,35,1,0
BRDA:464,36,0,0
BRDA:464,36,1,0
BRDA:464,37,0,0
BRDA:464,37,1,0
BRDA:475,38,0,0
BRDA:475,38,1,0
BRDA:481,39,0,0
BRDA:481,39,1,0
BRDA:496,40,0,0
BRDA:496,40,1,0
BRDA:496,41,0,0
BRDA:496,41,1,0
BRDA:518,42,0,0
BRDA:518,42,1,0
BRDA:526,43,0,0
BRDA:526,43,1,0
BRDA:544,44,0,0
BRDA:544,44,1,0
BRDA:544,45,0,0
BRDA:544,45,1,0
BRDA:549,46,0,0
BRDA:549,46,1,0
BRDA:554,47,0,0
BRDA:554,47,1,0
BRDA:561,48,0,0
BRDA:561,48,1,0
BRDA:561,49,0,0
BRDA:561,49,1,0
BRDA:569,50,0,0
BRDA:569,50,1,0
BRDA:597,51,0,0
BRDA:597,51,1,0
BRDA:597,51,2,0
BRDA:597,51,3,0
BRDA:618,52,0,0
BRDA:618,52,1,0
BRDA:622,53,0,0
BRDA:622,53,1,0
BRDA:749,54,0,0
BRDA:749,54,1,0
BRDA:750,55,0,0
BRDA:750,55,1,0
BRF:112
BRH:0
end_of_record
TN:
SF:src/services/advanced-email-validation-service.js
FN:11,(anonymous_0)
FN:66,(anonymous_1)
FN:142,(anonymous_2)
FN:144,(anonymous_3)
FN:155,(anonymous_4)
FN:170,(anonymous_5)
FN:196,(anonymous_6)
FN:202,(anonymous_7)
FN:214,(anonymous_8)
FN:270,(anonymous_9)
FN:297,(anonymous_10)
FN:326,(anonymous_11)
FN:359,(anonymous_12)
FN:407,(anonymous_13)
FN:433,(anonymous_14)
FN:435,(anonymous_15)
FN:436,(anonymous_16)
FN:437,(anonymous_17)
FN:440,(anonymous_18)
FN:455,(anonymous_19)
FN:456,(anonymous_20)
FN:457,(anonymous_21)
FN:467,(anonymous_22)
FN:497,(anonymous_23)
FN:504,(anonymous_24)
FN:512,(anonymous_25)
FN:516,(anonymous_26)
FN:531,(anonymous_27)
FN:535,(anonymous_28)
FN:550,(anonymous_29)
FN:553,(anonymous_30)
FN:558,(anonymous_31)
FN:566,(anonymous_32)
FN:581,(anonymous_33)
FN:583,(anonymous_34)
FN:593,(anonymous_35)
FN:599,(anonymous_36)
FN:600,(anonymous_37)
FNF:38
FNH:0
FNDA:0,(anonymous_0)
FNDA:0,(anonymous_1)
FNDA:0,(anonymous_2)
FNDA:0,(anonymous_3)
FNDA:0,(anonymous_4)
FNDA:0,(anonymous_5)
FNDA:0,(anonymous_6)
FNDA:0,(anonymous_7)
FNDA:0,(anonymous_8)
FNDA:0,(anonymous_9)
FNDA:0,(anonymous_10)
FNDA:0,(anonymous_11)
FNDA:0,(anonymous_12)
FNDA:0,(anonymous_13)
FNDA:0,(anonymous_14)
FNDA:0,(anonymous_15)
FNDA:0,(anonymous_16)
FNDA:0,(anonymous_17)
FNDA:0,(anonymous_18)
FNDA:0,(anonymous_19)
FNDA:0,(anonymous_20)
FNDA:0,(anonymous_21)
FNDA:0,(anonymous_22)
FNDA:0,(anonymous_23)
FNDA:0,(anonymous_24)
FNDA:0,(anonymous_25)
FNDA:0,(anonymous_26)
FNDA:0,(anonymous_27)
FNDA:0,(anonymous_28)
FNDA:0,(anonymous_29)
FNDA:0,(anonymous_30)
FNDA:0,(anonymous_31)
FNDA:0,(anonymous_32)
FNDA:0,(anonymous_33)
FNDA:0,(anonymous_34)
FNDA:0,(anonymous_35)
FNDA:0,(anonymous_36)
FNDA:0,(anonymous_37)
DA:7,0
DA:8,0
DA:12,0
DA:17,0
DA:41,0
DA:50,0
DA:51,0
DA:57,0
DA:67,0
DA:70,0
DA:71,0
DA:72,0
DA:74,0
DA:75,0
DA:79,0
DA:81,0
DA:83,0
DA:86,0
DA:88,0
DA:89,0
DA:91,0
DA:92,0
DA:94,0
DA:95,0
DA:97,0
DA:101,0
DA:104,0
DA:107,0
DA:112,0
DA:115,0
DA:118,0
DA:119,0
DA:120,0
DA:121,0
DA:124,0
DA:143,0
DA:144,0
DA:146,0
DA:149,0
DA:151,0
DA:152,0
DA:155,0
DA:156,0
DA:158,0
DA:160,0
DA:161,0
DA:162,0
DA:164,0
DA:165,0
DA:166,0
DA:168,0
DA:170,0
DA:171,0
DA:182,0
DA:183,0
DA:187,0
DA:190,0
DA:191,0
DA:194,0
DA:196,0
DA:198,0
DA:202,0
DA:215,0
DA:217,0
DA:249,0
DA:250,0
DA:257,0
DA:258,0
DA:260,0
DA:262,0
DA:263,0
DA:271,0
DA:273,0
DA:280,0
DA:281,0
DA:298,0
DA:300,0
DA:307,0
DA:308,0
DA:327,0
DA:329,0
DA:339,0
DA:340,0
DA:360,0
DA:383,0
DA:384,0
DA:391,0
DA:393,0
DA:399,0
DA:400,0
DA:408,0
DA:412,0
DA:413,0
DA:414,0
DA:415,0
DA:417,0
DA:427,0
DA:434,0
DA:435,0
DA:436,0
DA:437,0
DA:439,0
DA:440,0
DA:441,0
DA:444,0
DA:455,0
DA:456,0
DA:457,0
DA:468,0
DA:498,0
DA:504,0
DA:505,0
DA:506,0
DA:509,0
DA:513,0
DA:516,0
DA:517,0
DA:519,0
DA:520,0
DA:521,0
DA:522,0
DA:524,0
DA:528,0
DA:532,0
DA:533,0
DA:535,0
DA:536,0
DA:537,0
DA:539,0
DA:540,0
DA:543,0
DA:551,0
DA:553,0
DA:554,0
DA:555,0
DA:558,0
DA:559,0
DA:560,0
DA:563,0
DA:567,0
DA:568,0
DA:570,0
DA:571,0
DA:573,0
DA:577,0
DA:582,0
DA:583,0
DA:584,0
DA:590,0
DA:594,0
DA:595,0
DA:596,0
DA:600,0
DA:604,0
LF:154
LH:0
BRDA:11,0,0,0
BRDA:42,1,0,0
BRDA:42,1,1,0
BRDA:45,2,0,0
BRDA:45,2,1,0
BRDA:46,3,0,0
BRDA:46,3,1,0
BRDA:66,4,0,0
BRDA:71,5,0,0
BRDA:71,5,1,0
BRDA:74,6,0,0
BRDA:74,6,1,0
BRDA:86,7,0,0
BRDA:86,7,1,0
BRDA:86,7,2,0
BRDA:86,7,3,0
BRDA:118,8,0,0
BRDA:118,8,1,0
BRDA:118,9,0,0
BRDA:118,9,1,0
BRDA:129,10,0,0
BRDA:129,10,1,0
BRDA:142,11,0,0
BRDA:156,12,0,0
BRDA:156,12,1,0
BRDA:182,13,0,0
BRDA:182,13,1,0
BRDA:214,14,0,0
BRDA:215,15,0,0
BRDA:215,15,1,0
BRDA:237,16,0,0
BRDA:237,16,1,0
BRDA:238,17,0,0
BRDA:238,17,1,0
BRDA:239,18,0,0
BRDA:239,18,1,0
BRDA:285,19,0,0
BRDA:285,19,1,0
BRDA:286,20,0,0
BRDA:286,20,1,0
BRDA:286,21,0,0
BRDA:286,21,1,0
BRDA:312,22,0,0
BRDA:312,22,1,0
BRDA:313,23,0,0
BRDA:313,23,1,0
BRDA:313,24,0,0
BRDA:313,24,1,0
BRDA:314,25,0,0
BRDA:314,25,1,0
BRDA:315,26,0,0
BRDA:315,26,1,0
BRDA:344,27,0,0
BRDA:344,27,1,0
BRDA:345,28,0,0
BRDA:345,28,1,0
BRDA:346,29,0,0
BRDA:346,29,1,0
BRDA:347,30,0,0
BRDA:347,30,1,0
BRDA:441,31,0,0
BRDA:441,31,1,0
BRDA:450,32,0,0
BRDA:450,32,1,0
BRDA:456,33,0,0
BRDA:456,33,1,0
BRDA:505,34,0,0
BRDA:505,34,1,0
BRDA:519,35,0,0
BRDA:519,35,1,0
BRDA:519,36,0,0
BRDA:519,36,1,0
BRDA:519,36,2,0
BRDA:521,37,0,0
BRDA:521,37,1,0
BRDA:521,38,0,0
BRDA:521,38,1,0
BRDA:537,39,0,0
BRDA:537,39,1,0
BRDA:539,40,0,0
BRDA:539,40,1,0
BRDA:546,41,0,0
BRDA:546,41,1,0
BRDA:554,42,0,0
BRDA:554,42,1,0
BRDA:559,43,0,0
BRDA:559,43,1,0
BRDA:570,44,0,0
BRDA:570,44,1,0
BRDA:585,45,0,0
BRDA:585,45,1,0
BRF:91
BRH:0
end_of_record
TN:
SF:src/services/ai-audience-segmentation-service.js
FN:9,(anonymous_0)
FN:52,(anonymous_1)
FN:118,(anonymous_2)
FN:142,(anonymous_3)
FN:152,(anonymous_4)
FN:276,(anonymous_5)
FN:294,(anonymous_6)
FN:295,(anonymous_7)
FN:331,(anonymous_8)
FN:361,(anonymous_9)
FN:390,(anonymous_10)
FN:484,(anonymous_11)
FN:485,(anonymous_12)
FN:516,(anonymous_13)
FN:539,(anonymous_14)
FN:563,(anonymous_15)
FN:572,(anonymous_16)
FN:591,(anonymous_17)
FN:596,(anonymous_18)
FN:605,(anonymous_19)
FN:616,(anonymous_20)
FN:620,(anonymous_21)
FN:626,(anonymous_22)
FN:636,(anonymous_23)
FN:644,(anonymous_24)
FN:648,(anonymous_25)
FN:652,(anonymous_26)
FN:657,(anonymous_27)
FN:669,(anonymous_28)
FN:677,(anonymous_29)
FN:691,(anonymous_30)
FN:695,(anonymous_31)
FN:696,(anonymous_32)
FN:697,(anonymous_33)
FN:706,(anonymous_34)
FN:708,(anonymous_35)
FN:714,(anonymous_36)
FN:716,(anonymous_37)
FN:719,(anonymous_38)
FN:721,(anonymous_39)
FN:728,(anonymous_40)
FN:730,(anonymous_41)
FN:737,(anonymous_42)
FN:739,(anonymous_43)
FN:740,(anonymous_44)
FN:741,(anonymous_45)
FN:744,(anonymous_46)
FN:749,(anonymous_47)
FN:750,(anonymous_48)
FN:754,(anonymous_49)
FN:758,(anonymous_50)
FN:775,(anonymous_51)
FN:792,(anonymous_52)
FN:795,(anonymous_53)
FN:823,(anonymous_54)
FN:831,(anonymous_55)
FN:835,(anonymous_56)
FNF:57
FNH:0
FNDA:0,(anonymous_0)
FNDA:0,(anonymous_1)
FNDA:0,(anonymous_2)
FNDA:0,(anonymous_3)
FNDA:0,(anonymous_4)
FNDA:0,(anonymous_5)
FNDA:0,(anonymous_6)
FNDA:0,(anonymous_7)
FNDA:0,(anonymous_8)
FNDA:0,(anonymous_9)
FNDA:0,(anonymous_10)
FNDA:0,(anonymous_11)
FNDA:0,(anonymous_12)
FNDA:0,(anonymous_13)
FNDA:0,(anonymous_14)
FNDA:0,(anonymous_15)
FNDA:0,(anonymous_16)
FNDA:0,(anonymous_17)
FNDA:0,(anonymous_18)
FNDA:0,(anonymous_19)
FNDA:0,(anonymous_20)
FNDA:0,(anonymous_21)
FNDA:0,(anonymous_22)
FNDA:0,(anonymous_23)
FNDA:0,(anonymous_24)
FNDA:0,(anonymous_25)
FNDA:0,(anonymous_26)
FNDA:0,(anonymous_27)
FNDA:0,(anonymous_28)
FNDA:0,(anonymous_29)
FNDA:0,(anonymous_30)
FNDA:0,(anonymous_31)
FNDA:0,(anonymous_32)
FNDA:0,(anonymous_33)
FNDA:0,(anonymous_34)
FNDA:0,(anonymous_35)
FNDA:0,(anonymous_36)
FNDA:0,(anonymous_37)
FNDA:0,(anonymous_38)
FNDA:0,(anonymous_39)
FNDA:0,(anonymous_40)
FNDA:0,(anonymous_41)
FNDA:0,(anonymous_42)
FNDA:0,(anonymous_43)
FNDA:0,(anonymous_44)
FNDA:0,(anonymous_45)
FNDA:0,(anonymous_46)
FNDA:0,(anonymous_47)
FNDA:0,(anonymous_48)
FNDA:0,(anonymous_49)
FNDA:0,(anonymous_50)
FNDA:0,(anonymous_51)
FNDA:0,(anonymous_52)
FNDA:0,(anonymous_53)
FNDA:0,(anonymous_54)
FNDA:0,(anonymous_55)
FNDA:0,(anonymous_56)
DA:6,0
DA:10,0
DA:14,0
DA:23,0
DA:24,0
DA:25,0
DA:26,0
DA:29,0
DA:30,0
DA:33,0
DA:42,0
DA:53,0
DA:54,0
DA:56,0
DA:58,0
DA:60,0
DA:61,0
DA:64,0
DA:65,0
DA:72,0
DA:73,0
DA:79,0
DA:80,0
DA:85,0
DA:90,0
DA:96,0
DA:115,0
DA:118,0
DA:119,0
DA:123,0
DA:125,0
DA:127,0
DA:130,0
DA:131,0
DA:143,0
DA:152,0
DA:219,0
DA:220,0
DA:227,0
DA:229,0
DA:231,0
DA:234,0
DA:237,0
DA:277,0
DA:279,0
DA:280,0
DA:283,0
DA:284,0
DA:290,0
DA:291,0
DA:294,0
DA:295,0
DA:296,0
DA:297,0
DA:304,0
DA:305,0
DA:314,0
DA:318,0
DA:320,0
DA:332,0
DA:335,0
DA:336,0
DA:337,0
DA:341,0
DA:355,0
DA:363,0
DA:365,0
DA:366,0
DA:368,0
DA:369,0
DA:370,0
DA:373,0
DA:374,0
DA:375,0
DA:377,0
DA:378,0
DA:379,0
DA:382,0
DA:391,0
DA:393,0
DA:394,0
DA:452,0
DA:453,0
DA:460,0
DA:467,0
DA:468,0
DA:478,0
DA:485,0
DA:486,0
DA:505,0
DA:507,0
DA:517,0
DA:520,0
DA:523,0
DA:524,0
DA:526,0
DA:528,0
DA:529,0
DA:539,0
DA:542,0
DA:544,0
DA:546,0
DA:547,0
DA:548,0
DA:551,0
DA:564,0
DA:572,0
DA:592,0
DA:593,0
DA:595,0
DA:596,0
DA:599,0
DA:600,0
DA:602,0
DA:606,0
DA:607,0
DA:609,0
DA:613,0
DA:617,0
DA:618,0
DA:620,0
DA:621,0
DA:623,0
DA:627,0
DA:628,0
DA:630,0
DA:631,0
DA:633,0
DA:637,0
DA:638,0
DA:641,0
DA:645,0
DA:646,0
DA:648,0
DA:649,0
DA:652,0
DA:653,0
DA:658,0
DA:659,0
DA:661,0
DA:662,0
DA:664,0
DA:665,0
DA:666,0
DA:670,0
DA:671,0
DA:672,0
DA:673,0
DA:674,0
DA:678,0
DA:681,0
DA:682,0
DA:684,0
DA:685,0
DA:686,0
DA:687,0
DA:688,0
DA:692,0
DA:694,0
DA:695,0
DA:696,0
DA:697,0
DA:703,0
DA:707,0
DA:708,0
DA:709,0
DA:710,0
DA:713,0
DA:714,0
DA:716,0
DA:720,0
DA:721,0
DA:722,0
DA:723,0
DA:725,0
DA:729,0
DA:730,0
DA:731,0
DA:732,0
DA:734,0
DA:739,0
DA:740,0
DA:741,0
DA:742,0
DA:744,0
DA:746,0
DA:750,0
DA:751,0
DA:754,0
DA:760,0
DA:761,0
DA:764,0
DA:766,0
DA:767,0
DA:768,0
DA:769,0
DA:772,0
DA:776,0
DA:778,0
DA:779,0
DA:789,0
DA:793,0
DA:795,0
DA:796,0
DA:797,0
DA:799,0
DA:800,0
DA:809,0
DA:810,0
DA:820,0
DA:824,0
DA:825,0
DA:826,0
DA:827,0
DA:828,0
DA:832,0
DA:836,0
DA:840,0
LF:218
LH:0
BRDA:9,0,0,0
BRDA:15,1,0,0
BRDA:15,1,1,0
BRDA:16,2,0,0
BRDA:16,2,1,0
BRDA:17,3,0,0
BRDA:17,3,1,0
BRDA:52,4,0,0
BRDA:147,5,0,0
BRDA:147,5,1,0
BRDA:148,6,0,0
BRDA:148,6,1,0
BRDA:149,7,0,0
BRDA:149,7,1,0
BRDA:158,8,0,0
BRDA:158,8,1,0
BRDA:290,9,0,0
BRDA:290,9,1,0
BRDA:296,10,0,0
BRDA:296,10,1,0
BRDA:304,11,0,0
BRDA:304,11,1,0
BRDA:336,12,0,0
BRDA:336,12,1,0
BRDA:365,13,0,0
BRDA:365,13,1,0
BRDA:366,14,0,0
BRDA:366,14,1,0
BRDA:368,15,0,0
BRDA:368,15,1,0
BRDA:368,16,0,0
BRDA:368,16,1,0
BRDA:369,17,0,0
BRDA:369,17,1,0
BRDA:369,18,0,0
BRDA:369,18,1,0
BRDA:369,18,2,0
BRDA:370,19,0,0
BRDA:370,19,1,0
BRDA:370,20,0,0
BRDA:370,20,1,0
BRDA:373,21,0,0
BRDA:373,21,1,0
BRDA:374,22,0,0
BRDA:374,22,1,0
BRDA:377,23,0,0
BRDA:377,23,1,0
BRDA:377,24,0,0
BRDA:377,24,1,0
BRDA:378,25,0,0
BRDA:378,25,1,0
BRDA:378,26,0,0
BRDA:378,26,1,0
BRDA:378,26,2,0
BRDA:379,27,0,0
BRDA:379,27,1,0
BRDA:379,28,0,0
BRDA:379,28,1,0
BRDA:402,29,0,0
BRDA:402,29,1,0
BRDA:528,30,0,0
BRDA:528,30,1,0
BRDA:542,31,0,0
BRDA:542,31,1,0
BRDA:544,32,0,0
BRDA:544,32,1,0
BRDA:555,33,0,0
BRDA:555,33,1,0
BRDA:592,34,0,0
BRDA:592,34,1,0
BRDA:593,35,0,0
BRDA:593,35,1,0
BRDA:600,36,0,0
BRDA:600,36,1,0
BRDA:606,37,0,0
BRDA:606,37,1,0
BRDA:607,38,0,0
BRDA:607,38,1,0
BRDA:617,39,0,0
BRDA:617,39,1,0
BRDA:618,40,0,0
BRDA:618,40,1,0
BRDA:620,41,0,0
BRDA:620,41,1,0
BRDA:620,41,2,0
BRDA:623,42,0,0
BRDA:623,42,1,0
BRDA:627,43,0,0
BRDA:627,43,1,0
BRDA:628,44,0,0
BRDA:628,44,1,0
BRDA:645,45,0,0
BRDA:645,45,1,0
BRDA:649,46,0,0
BRDA:649,46,1,0
BRDA:653,47,0,0
BRDA:653,47,1,0
BRDA:658,48,0,0
BRDA:658,48,1,0
BRDA:659,49,0,0
BRDA:659,49,1,0
BRDA:664,50,0,0
BRDA:664,50,1,0
BRDA:665,51,0,0
BRDA:665,51,1,0
BRDA:670,52,0,0
BRDA:670,52,1,0
BRDA:671,53,0,0
BRDA:671,53,1,0
BRDA:672,54,0,0
BRDA:672,54,1,0
BRDA:673,55,0,0
BRDA:673,55,1,0
BRDA:678,56,0,0
BRDA:678,56,1,0
BRDA:681,57,0,0
BRDA:681,57,1,0
BRDA:682,58,0,0
BRDA:682,58,1,0
BRDA:684,59,0,0
BRDA:684,59,1,0
BRDA:685,60,0,0
BRDA:685,60,1,0
BRDA:685,61,0,0
BRDA:685,61,1,0
BRDA:686,62,0,0
BRDA:686,62,1,0
BRDA:686,63,0,0
BRDA:686,63,1,0
BRDA:687,64,0,0
BRDA:687,64,1,0
BRDA:692,65,0,0
BRDA:692,65,1,0
BRDA:695,66,0,0
BRDA:695,66,1,0
BRDA:696,67,0,0
BRDA:696,67,1,0
BRDA:697,68,0,0
BRDA:697,68,1,0
BRDA:709,69,0,0
BRDA:709,69,1,0
BRDA:710,70,0,0
BRDA:710,70,1,0
BRDA:722,71,0,0
BRDA:722,71,1,0
BRDA:723,72,0,0
BRDA:723,72,1,0
BRDA:731,73,0,0
BRDA:731,73,1,0
BRDA:732,74,0,0
BRDA:732,74,1,0
BRDA:760,75,0,0
BRDA:760,75,1,0
BRDA:761,76,0,0
BRDA:761,76,1,0
BRDA:766,77,0,0
BRDA:766,77,1,0
BRDA:767,78,0,0
BRDA:767,78,1,0
BRDA:767,79,0,0
BRDA:767,79,1,0
BRDA:768,80,0,0
BRDA:768,80,1,0
BRDA:768,81,0,0
BRDA:768,81,1,0
BRDA:768,81,2,0
BRDA:769,82,0,0
BRDA:769,82,1,0
BRDA:769,83,0,0
BRDA:769,83,1,0
BRDA:783,84,0,0
BRDA:783,84,1,0
BRDA:784,85,0,0
BRDA:784,85,1,0
BRDA:785,86,0,0
BRDA:785,86,1,0
BRDA:785,87,0,0
BRDA:785,87,1,0
BRDA:799,88,0,0
BRDA:799,88,1,0
BRDA:799,89,0,0
BRDA:799,89,1,0
BRDA:809,90,0,0
BRDA:809,90,1,0
BRF:184
BRH:0
end_of_record
TN:
SF:src/services/apollo-api-service.js
FN:13,(anonymous_0)
FN:62,(anonymous_1)
FN:65,(anonymous_2)
FN:73,(anonymous_3)
FN:78,(anonymous_4)
FN:83,(anonymous_5)
FN:105,(anonymous_6)
FN:116,(anonymous_7)
FN:175,(anonymous_8)
FN:196,(anonymous_9)
FN:200,(anonymous_10)
FN:247,(anonymous_11)
FN:265,(anonymous_12)
FN:322,(anonymous_13)
FN:357,(anonymous_14)
FN:398,(anonymous_15)
FN:422,(anonymous_16)
FN:429,(anonymous_17)
FN:464,(anonymous_18)
FN:466,(anonymous_19)
FN:496,(anonymous_20)
FN:517,(anonymous_21)
FN:526,(anonymous_22)
FN:556,(anonymous_23)
FN:605,(anonymous_24)
FN:656,(anonymous_25)
FN:668,(anonymous_26)
FN:681,(anonymous_27)
FN:691,(anonymous_28)
FN:706,(anonymous_29)
FN:724,(anonymous_30)
FN:741,(anonymous_31)
FN:761,(anonymous_32)
FNF:33
FNH:0
FNDA:0,(anonymous_0)
FNDA:0,(anonymous_1)
FNDA:0,(anonymous_2)
FNDA:0,(anonymous_3)
FNDA:0,(anonymous_4)
FNDA:0,(anonymous_5)
FNDA:0,(anonymous_6)
FNDA:0,(anonymous_7)
FNDA:0,(anonymous_8)
FNDA:0,(anonymous_9)
FNDA:0,(anonymous_10)
FNDA:0,(anonymous_11)
FNDA:0,(anonymous_12)
FNDA:0,(anonymous_13)
FNDA:0,(anonymous_14)
FNDA:0,(anonymous_15)
FNDA:0,(anonymous_16)
FNDA:0,(anonymous_17)
FNDA:0,(anonymous_18)
FNDA:0,(anonymous_19)
FNDA:0,(anonymous_20)
FNDA:0,(anonymous_21)
FNDA:0,(anonymous_22)
FNDA:0,(anonymous_23)
FNDA:0,(anonymous_24)
FNDA:0,(anonymous_25)
FNDA:0,(anonymous_26)
FNDA:0,(anonymous_27)
FNDA:0,(anonymous_28)
FNDA:0,(anonymous_29)
FNDA:0,(anonymous_30)
FNDA:0,(anonymous_31)
FNDA:0,(anonymous_32)
DA:14,0
DA:15,0
DA:18,0
DA:28,0
DA:34,0
DA:37,0
DA:49,0
DA:51,0
DA:64,0
DA:66,0
DA:67,0
DA:71,0
DA:73,0
DA:77,0
DA:79,0
DA:80,0
DA:81,0
DA:84,0
DA:87,0
DA:90,0
DA:91,0
DA:94,0
DA:106,0
DA:107,0
DA:113,0
DA:115,0
DA:116,0
DA:117,0
DA:124,0
DA:125,0
DA:127,0
DA:129,0
DA:135,0
DA:143,0
DA:145,0
DA:154,0
DA:159,0
DA:176,0
DA:177,0
DA:183,0
DA:189,0
DA:190,0
DA:196,0
DA:197,0
DA:200,0
DA:201,0
DA:204,0
DA:211,0
DA:226,0
DA:231,0
DA:248,0
DA:249,0
DA:255,0
DA:259,0
DA:260,0
DA:265,0
DA:266,0
DA:269,0
DA:270,0
DA:272,0
DA:274,0
DA:280,0
DA:288,0
DA:292,0
DA:301,0
DA:306,0
DA:323,0
DA:324,0
DA:330,0
DA:335,0
DA:345,0
DA:346,0
DA:348,0
DA:349,0
DA:351,0
DA:357,0
DA:358,0
DA:361,0
DA:364,0
DA:365,0
DA:366,0
DA:368,0
DA:369,0
DA:371,0
DA:372,0
DA:373,0
DA:375,0
DA:376,0
DA:382,0
DA:387,0
DA:388,0
DA:396,0
DA:397,0
DA:398,0
DA:402,0
DA:410,0
DA:423,0
DA:428,0
DA:429,0
DA:430,0
DA:433,0
DA:438,0
DA:450,0
DA:452,0
DA:465,0
DA:467,0
DA:473,0
DA:476,0
DA:477,0
DA:479,0
DA:482,0
DA:485,0
DA:487,0
DA:491,0
DA:496,0
DA:497,0
DA:500,0
DA:502,0
DA:506,0
DA:507,0
DA:508,0
DA:509,0
DA:517,0
DA:527,0
DA:528,0
DA:529,0
DA:536,0
DA:538,0
DA:544,0
DA:557,0
DA:606,0
DA:657,0
DA:658,0
DA:659,0
DA:661,0
DA:669,0
DA:682,0
DA:683,0
DA:684,0
DA:692,0
DA:693,0
DA:694,0
DA:695,0
DA:696,0
DA:697,0
DA:698,0
DA:699,0
DA:707,0
DA:708,0
DA:709,0
DA:710,0
DA:711,0
DA:714,0
DA:717,0
DA:725,0
DA:727,0
DA:728,0
DA:730,0
DA:734,0
DA:735,0
DA:742,0
DA:762,0
DA:764,0
DA:765,0
DA:767,0
DA:774,0
LF:166
LH:0
BRDA:20,0,0,0
BRDA:20,0,1,0
BRDA:29,1,0,0
BRDA:29,1,1,0
BRDA:30,2,0,0
BRDA:30,2,1,0
BRDA:31,3,0,0
BRDA:31,3,1,0
BRDA:53,4,0,0
BRDA:53,4,1,0
BRDA:54,5,0,0
BRDA:54,5,1,0
BRDA:84,6,0,0
BRDA:84,6,1,0
BRDA:90,7,0,0
BRDA:90,7,1,0
BRDA:105,8,0,0
BRDA:119,9,0,0
BRDA:119,9,1,0
BRDA:120,10,0,0
BRDA:120,10,1,0
BRDA:124,11,0,0
BRDA:124,11,1,0
BRDA:140,12,0,0
BRDA:140,12,1,0
BRDA:175,13,0,0
BRDA:185,14,0,0
BRDA:185,14,1,0
BRDA:186,15,0,0
BRDA:186,15,1,0
BRDA:192,16,0,0
BRDA:192,16,1,0
BRDA:193,17,0,0
BRDA:193,17,1,0
BRDA:200,18,0,0
BRDA:200,18,1,0
BRDA:205,19,0,0
BRDA:205,19,1,0
BRDA:207,20,0,0
BRDA:207,20,1,0
BRDA:208,21,0,0
BRDA:208,21,1,0
BRDA:208,22,0,0
BRDA:208,22,1,0
BRDA:208,23,0,0
BRDA:208,23,1,0
BRDA:215,24,0,0
BRDA:215,24,1,0
BRDA:216,25,0,0
BRDA:216,25,1,0
BRDA:217,26,0,0
BRDA:217,26,1,0
BRDA:218,27,0,0
BRDA:218,27,1,0
BRDA:218,28,0,0
BRDA:218,28,1,0
BRDA:218,29,0,0
BRDA:218,29,1,0
BRDA:222,30,0,0
BRDA:222,30,1,0
BRDA:247,31,0,0
BRDA:256,32,0,0
BRDA:256,32,1,0
BRDA:262,33,0,0
BRDA:262,33,1,0
BRDA:269,34,0,0
BRDA:269,34,1,0
BRDA:285,35,0,0
BRDA:285,35,1,0
BRDA:289,36,0,0
BRDA:289,36,1,0
BRDA:303,37,0,0
BRDA:303,37,1,0
BRDA:322,38,0,0
BRDA:332,39,0,0
BRDA:332,39,1,0
BRDA:345,40,0,0
BRDA:345,40,1,0
BRDA:368,41,0,0
BRDA:368,41,1,0
BRDA:371,42,0,0
BRDA:371,42,1,0
BRDA:373,43,0,0
BRDA:373,43,1,0
BRDA:396,44,0,0
BRDA:396,44,1,0
BRDA:397,45,0,0
BRDA:397,45,1,0
BRDA:476,46,0,0
BRDA:476,46,1,0
BRDA:485,47,0,0
BRDA:485,47,1,0
BRDA:487,48,0,0
BRDA:487,48,1,0
BRDA:500,49,0,0
BRDA:500,49,1,0
BRDA:528,50,0,0
BRDA:528,50,1,0
BRDA:564,51,0,0
BRDA:564,51,1,0
BRDA:567,52,0,0
BRDA:567,52,1,0
BRDA:575,53,0,0
BRDA:575,53,1,0
BRDA:576,54,0,0
BRDA:576,54,1,0
BRDA:577,55,0,0
BRDA:577,55,1,0
BRDA:585,56,0,0
BRDA:585,56,1,0
BRDA:591,57,0,0
BRDA:591,57,1,0
BRDA:615,58,0,0
BRDA:615,58,1,0
BRDA:616,59,0,0
BRDA:616,59,1,0
BRDA:633,60,0,0
BRDA:633,60,1,0
BRDA:634,61,0,0
BRDA:634,61,1,0
BRDA:682,62,0,0
BRDA:682,62,1,0
BRDA:692,63,0,0
BRDA:692,63,1,0
BRDA:693,64,0,0
BRDA:693,64,1,0
BRDA:694,65,0,0
BRDA:694,65,1,0
BRDA:695,66,0,0
BRDA:695,66,1,0
BRDA:696,67,0,0
BRDA:696,67,1,0
BRDA:697,68,0,0
BRDA:697,68,1,0
BRDA:698,69,0,0
BRDA:698,69,1,0
BRDA:715,70,0,0
BRDA:715,70,1,0
BRDA:727,71,0,0
BRDA:727,71,1,0
BRDA:769,72,0,0
BRDA:769,72,1,0
BRF:142
BRH:0
end_of_record
TN:
SF:src/services/audience-manager.js
FN:9,(anonymous_0)
FN:32,(anonymous_1)
FN:107,(anonymous_2)
FN:172,(anonymous_3)
FN:192,(anonymous_4)
FN:210,(anonymous_5)
FN:223,(anonymous_6)
FN:269,(anonymous_7)
FN:301,(anonymous_8)
FN:310,(anonymous_9)
FN:313,(anonymous_10)
FN:322,(anonymous_11)
FN:355,(anonymous_12)
FN:356,(anonymous_13)
FN:384,(anonymous_14)
FN:386,(anonymous_15)
FN:415,(anonymous_16)
FN:417,(anonymous_17)
FN:448,(anonymous_18)
FN:491,(anonymous_19)
FN:492,(anonymous_20)
FN:506,(anonymous_21)
FN:538,(anonymous_22)
FN:557,(anonymous_23)
FN:574,(anonymous_24)
FN:587,(anonymous_25)
FN:597,(anonymous_26)
FN:625,(anonymous_27)
FN:652,(anonymous_28)
FN:664,(anonymous_29)
FNF:30
FNH:0
FNDA:0,(anonymous_0)
FNDA:0,(anonymous_1)
FNDA:0,(anonymous_2)
FNDA:0,(anonymous_3)
FNDA:0,(anonymous_4)
FNDA:0,(anonymous_5)
FNDA:0,(anonymous_6)
FNDA:0,(anonymous_7)
FNDA:0,(anonymous_8)
FNDA:0,(anonymous_9)
FNDA:0,(anonymous_10)
FNDA:0,(anonymous_11)
FNDA:0,(anonymous_12)
FNDA:0,(anonymous_13)
FNDA:0,(anonymous_14)
FNDA:0,(anonymous_15)
FNDA:0,(anonymous_16)
FNDA:0,(anonymous_17)
FNDA:0,(anonymous_18)
FNDA:0,(anonymous_19)
FNDA:0,(anonymous_20)
FNDA:0,(anonymous_21)
FNDA:0,(anonymous_22)
FNDA:0,(anonymous_23)
FNDA:0,(anonymous_24)
FNDA:0,(anonymous_25)
FNDA:0,(anonymous_26)
FNDA:0,(anonymous_27)
FNDA:0,(anonymous_28)
FNDA:0,(anonymous_29)
DA:10,0
DA:13,0
DA:16,0
DA:22,0
DA:33,0
DA:34,0
DA:40,0
DA:42,0
DA:45,0
DA:48,0
DA:55,0
DA:62,0
DA:68,0
DA:83,0
DA:85,0
DA:92,0
DA:95,0
DA:99,0
DA:108,0
DA:114,0
DA:125,0
DA:126,0
DA:127,0
DA:128,0
DA:129,0
DA:130,0
DA:135,0
DA:136,0
DA:137,0
DA:138,0
DA:139,0
DA:140,0
DA:145,0
DA:146,0
DA:147,0
DA:151,0
DA:152,0
DA:156,0
DA:157,0
DA:160,0
DA:165,0
DA:173,0
DA:180,0
DA:181,0
DA:185,0
DA:193,0
DA:199,0
DA:200,0
DA:203,0
DA:211,0
DA:216,0
DA:224,0
DA:228,0
DA:229,0
DA:230,0
DA:232,0
DA:233,0
DA:234,0
DA:236,0
DA:237,0
DA:238,0
DA:243,0
DA:247,0
DA:254,0
DA:270,0
DA:273,0
DA:274,0
DA:275,0
DA:280,0
DA:281,0
DA:282,0
DA:283,0
DA:288,0
DA:289,0
DA:290,0
DA:294,0
DA:303,0
DA:311,0
DA:313,0
DA:316,0
DA:322,0
DA:324,0
DA:325,0
DA:332,0
DA:333,0
DA:334,0
DA:335,0
DA:336,0
DA:341,0
DA:342,0
DA:343,0
DA:344,0
DA:345,0
DA:349,0
DA:350,0
DA:352,0
DA:355,0
DA:356,0
DA:361,0
DA:367,0
DA:385,0
DA:386,0
DA:388,0
DA:389,0
DA:396,0
DA:397,0
DA:398,0
DA:404,0
DA:416,0
DA:417,0
DA:419,0
DA:420,0
DA:426,0
DA:429,0
DA:430,0
DA:431,0
DA:437,0
DA:449,0
DA:450,0
DA:453,0
DA:458,0
DA:461,0
DA:462,0
DA:466,0
DA:467,0
DA:471,0
DA:472,0
DA:473,0
DA:476,0
DA:481,0
DA:492,0
DA:493,0
DA:494,0
DA:495,0
DA:498,0
DA:507,0
DA:509,0
DA:510,0
DA:513,0
DA:514,0
DA:515,0
DA:517,0
DA:518,0
DA:520,0
DA:521,0
DA:523,0
DA:524,0
DA:526,0
DA:527,0
DA:531,0
DA:539,0
DA:540,0
DA:544,0
DA:545,0
DA:546,0
DA:547,0
DA:550,0
DA:558,0
DA:560,0
DA:561,0
DA:566,0
DA:569,0
DA:570,0
DA:574,0
DA:575,0
DA:578,0
DA:585,0
DA:587,0
DA:590,0
DA:598,0
DA:600,0
DA:602,0
DA:610,0
DA:617,0
DA:626,0
DA:633,0
DA:634,0
DA:636,0
DA:637,0
DA:638,0
DA:641,0
DA:642,0
DA:643,0
DA:644,0
DA:646,0
DA:653,0
DA:665,0
DA:666,0
DA:667,0
LF:189
LH:0
BRDA:37,0,0,0
BRDA:37,0,1,0
BRDA:75,1,0,0
BRDA:75,1,1,0
BRDA:76,2,0,0
BRDA:76,2,1,0
BRDA:109,3,0,0
BRDA:109,3,1,0
BRDA:110,4,0,0
BRDA:110,4,1,0
BRDA:111,5,0,0
BRDA:111,5,1,0
BRDA:125,6,0,0
BRDA:125,6,1,0
BRDA:125,7,0,0
BRDA:125,7,1,0
BRDA:130,8,0,0
BRDA:130,8,1,0
BRDA:135,9,0,0
BRDA:135,9,1,0
BRDA:135,10,0,0
BRDA:135,10,1,0
BRDA:140,11,0,0
BRDA:140,11,1,0
BRDA:145,12,0,0
BRDA:145,12,1,0
BRDA:145,13,0,0
BRDA:145,13,1,0
BRDA:151,14,0,0
BRDA:151,14,1,0
BRDA:180,15,0,0
BRDA:180,15,1,0
BRDA:199,16,0,0
BRDA:199,16,1,0
BRDA:236,17,0,0
BRDA:236,17,1,0
BRDA:274,18,0,0
BRDA:274,18,1,0
BRDA:281,19,0,0
BRDA:281,19,1,0
BRDA:289,20,0,0
BRDA:289,20,1,0
BRDA:294,21,0,0
BRDA:294,21,1,0
BRDA:332,22,0,0
BRDA:332,22,1,0
BRDA:335,23,0,0
BRDA:335,23,1,0
BRDA:341,24,0,0
BRDA:341,24,1,0
BRDA:341,25,0,0
BRDA:341,25,1,0
BRDA:344,26,0,0
BRDA:344,26,1,0
BRDA:349,27,0,0
BRDA:349,27,1,0
BRDA:388,28,0,0
BRDA:388,28,1,0
BRDA:388,29,0,0
BRDA:388,29,1,0
BRDA:397,30,0,0
BRDA:397,30,1,0
BRDA:419,31,0,0
BRDA:419,31,1,0
BRDA:419,32,0,0
BRDA:419,32,1,0
BRDA:430,33,0,0
BRDA:430,33,1,0
BRDA:449,34,0,0
BRDA:449,34,1,0
BRDA:461,35,0,0
BRDA:461,35,1,0
BRDA:466,36,0,0
BRDA:466,36,1,0
BRDA:466,37,0,0
BRDA:466,37,1,0
BRDA:471,38,0,0
BRDA:471,38,1,0
BRDA:494,39,0,0
BRDA:494,39,1,0
BRDA:509,40,0,0
BRDA:509,40,1,0
BRDA:509,41,0,0
BRDA:509,41,1,0
BRDA:513,42,0,0
BRDA:513,42,1,0
BRDA:514,43,0,0
BRDA:514,43,1,0
BRDA:517,44,0,0
BRDA:517,44,1,0
BRDA:520,45,0,0
BRDA:520,45,1,0
BRDA:523,46,0,0
BRDA:523,46,1,0
BRDA:526,47,0,0
BRDA:526,47,1,0
BRDA:539,48,0,0
BRDA:539,48,1,0
BRDA:569,49,0,0
BRDA:569,49,1,0
BRDA:600,50,0,0
BRDA:600,50,1,0
BRDA:600,50,2,0
BRDA:600,50,3,0
BRDA:604,51,0,0
BRDA:604,51,1,0
BRDA:605,52,0,0
BRDA:605,52,1,0
BRDA:606,53,0,0
BRDA:606,53,1,0
BRDA:612,54,0,0
BRDA:612,54,1,0
BRDA:612,54,2,0
BRDA:613,55,0,0
BRDA:613,55,1,0
BRDA:614,56,0,0
BRDA:614,56,1,0
BRDA:637,57,0,0
BRDA:637,57,1,0
BRDA:637,58,0,0
BRDA:637,58,1,0
BRDA:638,59,0,0
BRDA:638,59,1,0
BRDA:638,60,0,0
BRDA:638,60,1,0
BRDA:638,60,2,0
BRF:126
BRH:0
end_of_record
TN:
SF:src/services/bitly-sms-tracker.js
FN:10,(anonymous_0)
FN:53,(anonymous_1)
FN:79,(anonymous_2)
FN:84,(anonymous_3)
FN:104,(anonymous_4)
FN:115,(anonymous_5)
FN:140,(anonymous_6)
FN:242,(anonymous_7)
FN:324,(anonymous_8)
FN:335,(anonymous_9)
FN:344,(anonymous_10)
FN:352,(anonymous_11)
FN:353,(anonymous_12)
FN:355,(anonymous_13)
FN:359,(anonymous_14)
FN:361,(anonymous_15)
FN:386,(anonymous_16)
FN:397,(anonymous_17)
FN:401,(anonymous_18)
FN:402,(anonymous_19)
FN:458,(anonymous_20)
FN:462,(anonymous_21)
FN:468,(anonymous_22)
FN:480,(anonymous_23)
FN:508,(anonymous_24)
FN:518,(anonymous_25)
FN:531,(anonymous_26)
FN:554,(anonymous_27)
FN:567,(anonymous_28)
FN:568,(anonymous_29)
FN:575,(anonymous_30)
FN:594,(anonymous_31)
FN:595,(anonymous_32)
FN:605,(anonymous_33)
FN:608,(anonymous_34)
FN:615,(anonymous_35)
FN:618,(anonymous_36)
FN:626,(anonymous_37)
FN:632,(anonymous_38)
FN:633,(anonymous_39)
FN:643,(anonymous_40)
FN:646,(anonymous_41)
FN:655,(anonymous_42)
FN:662,(anonymous_43)
FN:680,(anonymous_44)
FN:689,(anonymous_45)
FN:690,(anonymous_46)
FN:693,(anonymous_47)
FN:700,(anonymous_48)
FN:709,(anonymous_49)
FN:712,(anonymous_50)
FN:718,(anonymous_51)
FN:722,(anonymous_52)
FN:729,(anonymous_53)
FN:761,(anonymous_54)
FN:763,(anonymous_55)
FN:767,(anonymous_56)
FN:771,(anonymous_57)
FN:777,(anonymous_58)
FN:788,(anonymous_59)
FNF:60
FNH:0
FNDA:0,(anonymous_0)
FNDA:0,(anonymous_1)
FNDA:0,(anonymous_2)
FNDA:0,(anonymous_3)
FNDA:0,(anonymous_4)
FNDA:0,(anonymous_5)
FNDA:0,(anonymous_6)
FNDA:0,(anonymous_7)
FNDA:0,(anonymous_8)
FNDA:0,(anonymous_9)
FNDA:0,(anonymous_10)
FNDA:0,(anonymous_11)
FNDA:0,(anonymous_12)
FNDA:0,(anonymous_13)
FNDA:0,(anonymous_14)
FNDA:0,(anonymous_15)
FNDA:0,(anonymous_16)
FNDA:0,(anonymous_17)
FNDA:0,(anonymous_18)
FNDA:0,(anonymous_19)
FNDA:0,(anonymous_20)
FNDA:0,(anonymous_21)
FNDA:0,(anonymous_22)
FNDA:0,(anonymous_23)
FNDA:0,(anonymous_24)
FNDA:0,(anonymous_25)
FNDA:0,(anonymous_26)
FNDA:0,(anonymous_27)
FNDA:0,(anonymous_28)
FNDA:0,(anonymous_29)
FNDA:0,(anonymous_30)
FNDA:0,(anonymous_31)
FNDA:0,(anonymous_32)
FNDA:0,(anonymous_33)
FNDA:0,(anonymous_34)
FNDA:0,(anonymous_35)
FNDA:0,(anonymous_36)
FNDA:0,(anonymous_37)
FNDA:0,(anonymous_38)
FNDA:0,(anonymous_39)
FNDA:0,(anonymous_40)
FNDA:0,(anonymous_41)
FNDA:0,(anonymous_42)
FNDA:0,(anonymous_43)
FNDA:0,(anonymous_44)
FNDA:0,(anonymous_45)
FNDA:0,(anonymous_46)
FNDA:0,(anonymous_47)
FNDA:0,(anonymous_48)
FNDA:0,(anonymous_49)
FNDA:0,(anonymous_50)
FNDA:0,(anonymous_51)
FNDA:0,(anonymous_52)
FNDA:0,(anonymous_53)
FNDA:0,(anonymous_54)
FNDA:0,(anonymous_55)
FNDA:0,(anonymous_56)
FNDA:0,(anonymous_57)
FNDA:0,(anonymous_58)
FNDA:0,(anonymous_59)
DA:6,0
DA:7,0
DA:11,0
DA:15,0
DA:26,0
DA:27,0
DA:28,0
DA:29,0
DA:32,0
DA:42,0
DA:44,0
DA:54,0
DA:55,0
DA:57,0
DA:59,0
DA:61,0
DA:63,0
DA:64,0
DA:65,0
DA:75,0
DA:78,0
DA:79,0
DA:83,0
DA:84,0
DA:85,0
DA:86,0
DA:91,0
DA:98,0
DA:100,0
DA:104,0
DA:113,0
DA:115,0
DA:117,0
DA:120,0
DA:121,0
DA:141,0
DA:143,0
DA:145,0
DA:147,0
DA:148,0
DA:149,0
DA:150,0
DA:154,0
DA:155,0
DA:158,0
DA:166,0
DA:167,0
DA:170,0
DA:181,0
DA:184,0
DA:205,0
DA:208,0
DA:209,0
DA:211,0
DA:213,0
DA:225,0
DA:227,0
DA:243,0
DA:245,0
DA:247,0
DA:260,0
DA:272,0
DA:273,0
DA:274,0
DA:280,0
DA:282,0
DA:285,0
DA:299,0
DA:300,0
DA:301,0
DA:302,0
DA:305,0
DA:307,0
DA:310,0
DA:311,0
DA:325,0
DA:327,0
DA:328,0
DA:329,0
DA:332,0
DA:334,0
DA:336,0
DA:337,0
DA:339,0
DA:344,0
DA:347,0
DA:352,0
DA:353,0
DA:355,0
DA:359,0
DA:361,0
DA:373,0
DA:375,0
DA:378,0
DA:379,0
DA:387,0
DA:388,0
DA:391,0
DA:397,0
DA:401,0
DA:402,0
DA:435,0
DA:436,0
DA:443,0
DA:445,0
DA:446,0
DA:459,0
DA:462,0
DA:469,0
DA:470,0
DA:471,0
DA:473,0
DA:481,0
DA:484,0
DA:485,0
DA:488,0
DA:489,0
DA:492,0
DA:493,0
DA:497,0
DA:500,0
DA:502,0
DA:509,0
DA:510,0
DA:512,0
DA:519,0
DA:521,0
DA:532,0
DA:533,0
DA:535,0
DA:536,0
DA:548,0
DA:555,0
DA:561,0
DA:568,0
DA:570,0
DA:575,0
DA:595,0
DA:597,0
DA:598,0
DA:606,0
DA:608,0
DA:609,0
DA:616,0
DA:618,0
DA:619,0
DA:627,0
DA:629,0
DA:630,0
DA:632,0
DA:633,0
DA:635,0
DA:636,0
DA:637,0
DA:646,0
DA:647,0
DA:649,0
DA:656,0
DA:662,0
DA:663,0
DA:664,0
DA:667,0
DA:668,0
DA:669,0
DA:672,0
DA:673,0
DA:677,0
DA:680,0
DA:690,0
DA:691,0
DA:693,0
DA:694,0
DA:697,0
DA:700,0
DA:710,0
DA:712,0
DA:719,0
DA:723,0
DA:730,0
DA:762,0
DA:763,0
DA:766,0
DA:767,0
DA:771,0
DA:774,0
DA:777,0
DA:789,0
DA:791,0
DA:792,0
DA:794,0
DA:795,0
DA:802,0
DA:803,0
DA:811,0
DA:815,0
LF:195
LH:0
BRDA:10,0,0,0
BRDA:18,1,0,0
BRDA:18,1,1,0
BRDA:21,2,0,0
BRDA:21,2,1,0
BRDA:53,3,0,0
BRDA:63,4,0,0
BRDA:63,4,1,0
BRDA:85,5,0,0
BRDA:85,5,1,0
BRDA:148,6,0,0
BRDA:148,6,1,0
BRDA:155,7,0,0
BRDA:155,7,1,0
BRDA:166,8,0,0
BRDA:166,8,1,0
BRDA:231,9,0,0
BRDA:231,9,1,0
BRDA:280,10,0,0
BRDA:280,10,1,0
BRDA:288,11,0,0
BRDA:288,11,1,0
BRDA:300,12,0,0
BRDA:300,12,1,0
BRDA:313,13,0,0
BRDA:313,13,1,0
BRDA:328,14,0,0
BRDA:328,14,1,0
BRDA:336,15,0,0
BRDA:336,15,1,0
BRDA:344,16,0,0
BRDA:344,16,1,0
BRDA:354,17,0,0
BRDA:354,17,1,0
BRDA:363,18,0,0
BRDA:363,18,1,0
BRDA:387,19,0,0
BRDA:387,19,1,0
BRDA:397,20,0,0
BRDA:397,20,1,0
BRDA:402,21,0,0
BRDA:402,21,1,0
BRDA:459,22,0,0
BRDA:459,22,1,0
BRDA:484,23,0,0
BRDA:484,23,1,0
BRDA:488,24,0,0
BRDA:488,24,1,0
BRDA:492,25,0,0
BRDA:492,25,1,0
BRDA:509,26,0,0
BRDA:509,26,1,0
BRDA:535,27,0,0
BRDA:535,27,1,0
BRDA:535,28,0,0
BRDA:535,28,1,0
BRDA:557,29,0,0
BRDA:557,29,1,0
BRDA:558,30,0,0
BRDA:558,30,1,0
BRDA:606,31,0,0
BRDA:606,31,1,0
BRDA:606,32,0,0
BRDA:606,32,1,0
BRDA:616,33,0,0
BRDA:616,33,1,0
BRDA:616,34,0,0
BRDA:616,34,1,0
BRDA:619,35,0,0
BRDA:619,35,1,0
BRDA:627,36,0,0
BRDA:627,36,1,0
BRDA:627,37,0,0
BRDA:627,37,1,0
BRDA:635,38,0,0
BRDA:635,38,1,0
BRDA:636,39,0,0
BRDA:636,39,1,0
BRDA:649,40,0,0
BRDA:649,40,1,0
BRDA:663,41,0,0
BRDA:663,41,1,0
BRDA:667,42,0,0
BRDA:667,42,1,0
BRDA:669,43,0,0
BRDA:669,43,1,0
BRDA:672,44,0,0
BRDA:672,44,1,0
BRDA:679,45,0,0
BRDA:679,45,1,0
BRDA:690,46,0,0
BRDA:690,46,1,0
BRDA:694,47,0,0
BRDA:694,47,1,0
BRDA:710,48,0,0
BRDA:710,48,1,0
BRDA:712,49,0,0
BRDA:712,49,1,0
BRDA:791,50,0,0
BRDA:791,50,1,0
BRDA:794,51,0,0
BRDA:794,51,1,0
BRDA:802,52,0,0
BRDA:802,52,1,0
BRF:104
BRH:0
end_of_record
TN:
SF:src/services/campaign-audit-service.js
FN:10,(anonymous_0)
FN:68,(anonymous_1)
FN:154,(anonymous_2)
FN:204,(anonymous_3)
FN:212,(anonymous_4)
FN:236,(anonymous_5)
FN:250,(anonymous_6)
FN:258,(anonymous_7)
FN:259,(anonymous_8)
FN:271,(anonymous_9)
FN:285,(anonymous_10)
FN:313,(anonymous_11)
FN:322,(anonymous_12)
FN:323,(anonymous_13)
FN:324,(anonymous_14)
FN:325,(anonymous_15)
FN:347,(anonymous_16)
FN:363,(anonymous_17)
FN:364,(anonymous_18)
FN:372,(anonymous_19)
FN:373,(anonymous_20)
FN:392,(anonymous_21)
FN:434,(anonymous_22)
FN:449,(anonymous_23)
FN:464,(anonymous_24)
FN:496,(anonymous_25)
FN:499,(anonymous_26)
FN:520,(anonymous_27)
FN:537,(anonymous_28)
FN:547,(anonymous_29)
FN:581,(anonymous_30)
FN:639,(anonymous_31)
FN:688,(anonymous_32)
FN:733,(anonymous_33)
FN:814,(anonymous_34)
FN:815,(anonymous_35)
FN:841,(anonymous_36)
FN:871,(anonymous_37)
FN:885,(anonymous_38)
FN:903,(anonymous_39)
FN:918,(anonymous_40)
FN:957,(anonymous_41)
FN:964,(anonymous_42)
FN:965,(anonymous_43)
FN:987,(anonymous_44)
FN:999,(anonymous_45)
FN:1001,(anonymous_46)
FN:1006,(anonymous_47)
FN:1011,(anonymous_48)
FN:1019,(anonymous_49)
FN:1039,(anonymous_50)
FN:1048,(anonymous_51)
FN:1055,(anonymous_52)
FNF:53
FNH:0
FNDA:0,(anonymous_0)
FNDA:0,(anonymous_1)
FNDA:0,(anonymous_2)
FNDA:0,(anonymous_3)
FNDA:0,(anonymous_4)
FNDA:0,(anonymous_5)
FNDA:0,(anonymous_6)
FNDA:0,(anonymous_7)
FNDA:0,(anonymous_8)
FNDA:0,(anonymous_9)
FNDA:0,(anonymous_10)
FNDA:0,(anonymous_11)
FNDA:0,(anonymous_12)
FNDA:0,(anonymous_13)
FNDA:0,(anonymous_14)
FNDA:0,(anonymous_15)
FNDA:0,(anonymous_16)
FNDA:0,(anonymous_17)
FNDA:0,(anonymous_18)
FNDA:0,(anonymous_19)
FNDA:0,(anonymous_20)
FNDA:0,(anonymous_21)
FNDA:0,(anonymous_22)
FNDA:0,(anonymous_23)
FNDA:0,(anonymous_24)
FNDA:0,(anonymous_25)
FNDA:0,(anonymous_26)
FNDA:0,(anonymous_27)
FNDA:0,(anonymous_28)
FNDA:0,(anonymous_29)
FNDA:0,(anonymous_30)
FNDA:0,(anonymous_31)
FNDA:0,(anonymous_32)
FNDA:0,(anonymous_33)
FNDA:0,(anonymous_34)
FNDA:0,(anonymous_35)
FNDA:0,(anonymous_36)
FNDA:0,(anonymous_37)
FNDA:0,(anonymous_38)
FNDA:0,(anonymous_39)
FNDA:0,(anonymous_40)
FNDA:0,(anonymous_41)
FNDA:0,(anonymous_42)
FNDA:0,(anonymous_43)
FNDA:0,(anonymous_44)
FNDA:0,(anonymous_45)
FNDA:0,(anonymous_46)
FNDA:0,(anonymous_47)
FNDA:0,(anonymous_48)
FNDA:0,(anonymous_49)
FNDA:0,(anonymous_50)
FNDA:0,(anonymous_51)
FNDA:0,(anonymous_52)
DA:6,0
DA:7,0
DA:11,0
DA:15,0
DA:24,0
DA:25,0
DA:26,0
DA:29,0
DA:39,0
DA:59,0
DA:69,0
DA:70,0
DA:72,0
DA:74,0
DA:76,0
DA:77,0
DA:80,0
DA:86,0
DA:93,0
DA:100,0
DA:107,0
DA:114,0
DA:124,0
DA:138,0
DA:139,0
DA:141,0
DA:143,0
DA:146,0
DA:147,0
DA:155,0
DA:157,0
DA:160,0
DA:161,0
DA:162,0
DA:163,0
DA:165,0
DA:168,0
DA:169,0
DA:173,0
DA:174,0
DA:175,0
DA:179,0
DA:182,0
DA:185,0
DA:188,0
DA:190,0
DA:205,0
DA:212,0
DA:214,0
DA:215,0
DA:218,0
DA:219,0
DA:222,0
DA:223,0
DA:226,0
DA:227,0
DA:230,0
DA:237,0
DA:244,0
DA:250,0
DA:251,0
DA:252,0
DA:253,0
DA:254,0
DA:258,0
DA:259,0
DA:260,0
DA:261,0
DA:262,0
DA:263,0
DA:264,0
DA:270,0
DA:271,0
DA:272,0
DA:273,0
DA:275,0
DA:276,0
DA:279,0
DA:287,0
DA:299,0
DA:301,0
DA:302,0
DA:303,0
DA:307,0
DA:314,0
DA:321,0
DA:322,0
DA:323,0
DA:324,0
DA:325,0
DA:327,0
DA:328,0
DA:329,0
DA:332,0
DA:335,0
DA:338,0
DA:341,0
DA:348,0
DA:350,0
DA:359,0
DA:360,0
DA:363,0
DA:364,0
DA:365,0
DA:367,0
DA:368,0
DA:372,0
DA:373,0
DA:374,0
DA:376,0
DA:377,0
DA:381,0
DA:384,0
DA:386,0
DA:393,0
DA:395,0
DA:396,0
DA:397,0
DA:398,0
DA:399,0
DA:400,0
DA:401,0
DA:403,0
DA:404,0
DA:405,0
DA:408,0
DA:409,0
DA:410,0
DA:413,0
DA:414,0
DA:417,0
DA:418,0
DA:421,0
DA:422,0
DA:426,0
DA:428,0
DA:435,0
DA:436,0
DA:437,0
DA:439,0
DA:440,0
DA:441,0
DA:443,0
DA:450,0
DA:451,0
DA:454,0
DA:456,0
DA:464,0
DA:465,0
DA:466,0
DA:468,0
DA:469,0
DA:477,0
DA:482,0
DA:485,0
DA:490,0
DA:497,0
DA:499,0
DA:500,0
DA:501,0
DA:503,0
DA:504,0
DA:514,0
DA:521,0
DA:530,0
DA:531,0
DA:538,0
DA:539,0
DA:540,0
DA:541,0
DA:548,0
DA:550,0
DA:558,0
DA:561,0
DA:564,0
DA:570,0
DA:575,0
DA:582,0
DA:583,0
DA:586,0
DA:587,0
DA:598,0
DA:599,0
DA:610,0
DA:611,0
DA:622,0
DA:623,0
DA:633,0
DA:640,0
DA:643,0
DA:644,0
DA:646,0
DA:647,0
DA:659,0
DA:660,0
DA:672,0
DA:682,0
DA:689,0
DA:692,0
DA:704,0
DA:716,0
DA:727,0
DA:734,0
DA:735,0
DA:738,0
DA:740,0
DA:806,0
DA:807,0
DA:815,0
DA:819,0
DA:820,0
DA:821,0
DA:823,0
DA:826,0
DA:827,0
DA:842,0
DA:843,0
DA:846,0
DA:848,0
DA:857,0
DA:863,0
DA:865,0
DA:872,0
DA:874,0
DA:886,0
DA:887,0
DA:890,0
DA:892,0
DA:904,0
DA:906,0
DA:907,0
DA:909,0
DA:912,0
DA:919,0
DA:958,0
DA:959,0
DA:960,0
DA:962,0
DA:964,0
DA:965,0
DA:966,0
DA:967,0
DA:968,0
DA:970,0
DA:975,0
DA:977,0
DA:988,0
DA:990,0
DA:991,0
DA:992,0
DA:993,0
DA:994,0
DA:995,0
DA:996,0
DA:1000,0
DA:1001,0
DA:1006,0
DA:1011,0
DA:1020,0
DA:1026,0
DA:1027,0
DA:1030,0
DA:1036,0
DA:1040,0
DA:1041,0
DA:1042,0
DA:1043,0
DA:1044,0
DA:1049,0
DA:1056,0
DA:1081,0
LF:271
LH:0
BRDA:10,0,0,0
BRDA:19,1,0,0
BRDA:19,1,1,0
BRDA:20,2,0,0
BRDA:20,2,1,0
BRDA:68,3,0,0
BRDA:160,4,0,0
BRDA:160,4,1,0
BRDA:162,5,0,0
BRDA:162,5,1,0
BRDA:162,6,0,0
BRDA:162,6,1,0
BRDA:168,7,0,0
BRDA:168,7,1,0
BRDA:173,8,0,0
BRDA:173,8,1,0
BRDA:214,9,0,0
BRDA:214,9,1,0
BRDA:214,9,2,0
BRDA:215,10,0,0
BRDA:215,10,1,0
BRDA:218,11,0,0
BRDA:218,11,1,0
BRDA:218,11,2,0
BRDA:219,12,0,0
BRDA:219,12,1,0
BRDA:222,13,0,0
BRDA:222,13,1,0
BRDA:223,14,0,0
BRDA:223,14,1,0
BRDA:226,15,0,0
BRDA:226,15,1,0
BRDA:226,15,2,0
BRDA:227,16,0,0
BRDA:227,16,1,0
BRDA:261,17,0,0
BRDA:261,17,1,0
BRDA:261,18,0,0
BRDA:261,18,1,0
BRDA:275,19,0,0
BRDA:275,19,1,0
BRDA:299,20,0,0
BRDA:299,20,1,0
BRDA:302,21,0,0
BRDA:302,21,1,0
BRDA:302,22,0,0
BRDA:302,22,1,0
BRDA:303,23,0,0
BRDA:303,23,1,0
BRDA:322,24,0,0
BRDA:322,24,1,0
BRDA:322,24,2,0
BRDA:327,25,0,0
BRDA:327,25,1,0
BRDA:365,26,0,0
BRDA:365,26,1,0
BRDA:365,26,2,0
BRDA:374,27,0,0
BRDA:374,27,1,0
BRDA:374,27,2,0
BRDA:395,28,0,0
BRDA:395,28,1,0
BRDA:396,29,0,0
BRDA:396,29,1,0
BRDA:397,30,0,0
BRDA:397,30,1,0
BRDA:398,31,0,0
BRDA:398,31,1,0
BRDA:399,32,0,0
BRDA:399,32,1,0
BRDA:400,33,0,0
BRDA:400,33,1,0
BRDA:401,34,0,0
BRDA:401,34,1,0
BRDA:403,35,0,0
BRDA:403,35,1,0
BRDA:408,36,0,0
BRDA:408,36,1,0
BRDA:413,37,0,0
BRDA:413,37,1,0
BRDA:417,38,0,0
BRDA:417,38,1,0
BRDA:421,39,0,0
BRDA:421,39,1,0
BRDA:439,40,0,0
BRDA:439,40,1,0
BRDA:440,41,0,0
BRDA:440,41,1,0
BRDA:441,42,0,0
BRDA:441,42,1,0
BRDA:450,43,0,0
BRDA:450,43,1,0
BRDA:468,44,0,0
BRDA:468,44,1,0
BRDA:503,45,0,0
BRDA:503,45,1,0
BRDA:503,46,0,0
BRDA:503,46,1,0
BRDA:530,47,0,0
BRDA:530,47,1,0
BRDA:531,48,0,0
BRDA:531,48,1,0
BRDA:538,49,0,0
BRDA:538,49,1,0
BRDA:539,50,0,0
BRDA:539,50,1,0
BRDA:540,51,0,0
BRDA:540,51,1,0
BRDA:586,52,0,0
BRDA:586,52,1,0
BRDA:586,53,0,0
BRDA:586,53,1,0
BRDA:598,54,0,0
BRDA:598,54,1,0
BRDA:598,55,0,0
BRDA:598,55,1,0
BRDA:610,56,0,0
BRDA:610,56,1,0
BRDA:610,57,0,0
BRDA:610,57,1,0
BRDA:622,58,0,0
BRDA:622,58,1,0
BRDA:622,59,0,0
BRDA:622,59,1,0
BRDA:643,60,0,0
BRDA:643,60,1,0
BRDA:644,61,0,0
BRDA:644,61,1,0
BRDA:646,62,0,0
BRDA:646,62,1,0
BRDA:646,63,0,0
BRDA:646,63,1,0
BRDA:659,64,0,0
BRDA:659,64,1,0
BRDA:734,65,0,0
BRDA:734,65,1,0
BRDA:842,66,0,0
BRDA:842,66,1,0
BRDA:875,67,0,0
BRDA:875,67,1,0
BRDA:876,68,0,0
BRDA:876,68,1,0
BRDA:877,69,0,0
BRDA:877,69,1,0
BRDA:878,70,0,0
BRDA:878,70,1,0
BRDA:893,71,0,0
BRDA:893,71,1,0
BRDA:894,72,0,0
BRDA:894,72,1,0
BRDA:895,73,0,0
BRDA:895,73,1,0
BRDA:896,74,0,0
BRDA:896,74,1,0
BRDA:903,75,0,0
BRDA:904,76,0,0
BRDA:904,76,1,0
BRDA:907,77,0,0
BRDA:907,77,1,0
BRDA:939,78,0,0
BRDA:939,78,1,0
BRDA:950,79,0,0
BRDA:950,79,1,0
BRDA:967,80,0,0
BRDA:967,80,1,0
BRDA:975,81,0,0
BRDA:975,81,1,0
BRDA:981,82,0,0
BRDA:981,82,1,0
BRDA:982,83,0,0
BRDA:982,83,1,0
BRDA:983,84,0,0
BRDA:983,84,1,0
BRDA:988,85,0,0
BRDA:988,85,1,0
BRDA:990,86,0,0
BRDA:990,86,1,0
BRDA:991,87,0,0
BRDA:991,87,1,0
BRDA:992,88,0,0
BRDA:992,88,1,0
BRDA:993,89,0,0
BRDA:993,89,1,0
BRDA:994,90,0,0
BRDA:994,90,1,0
BRDA:995,91,0,0
BRDA:995,91,1,0
BRDA:1026,92,0,0
BRDA:1026,92,1,0
BRF:189
BRH:0
end_of_record
TN:
SF:src/services/campaign-scheduler.js
FN:9,(anonymous_0)
FN:37,(anonymous_1)
FN:60,(anonymous_2)
FN:88,(anonymous_3)
FN:124,(anonymous_4)
FN:141,(anonymous_5)
FN:193,(anonymous_6)
FN:219,(anonymous_7)
FN:265,(anonymous_8)
FN:279,(anonymous_9)
FN:286,(anonymous_10)
FN:287,(anonymous_11)
FN:338,(anonymous_12)
FN:346,(anonymous_13)
FN:357,(anonymous_14)
FN:388,(anonymous_15)
FN:394,(anonymous_16)
FN:405,(anonymous_17)
FN:420,(anonymous_18)
FN:442,(anonymous_19)
FN:445,(anonymous_20)
FN:449,(anonymous_21)
FN:464,(anonymous_22)
FN:476,(anonymous_23)
FN:487,(anonymous_24)
FN:496,(anonymous_25)
FN:512,(anonymous_26)
FN:545,(anonymous_27)
FN:558,(anonymous_28)
FNF:29
FNH:0
FNDA:0,(anonymous_0)
FNDA:0,(anonymous_1)
FNDA:0,(anonymous_2)
FNDA:0,(anonymous_3)
FNDA:0,(anonymous_4)
FNDA:0,(anonymous_5)
FNDA:0,(anonymous_6)
FNDA:0,(anonymous_7)
FNDA:0,(anonymous_8)
FNDA:0,(anonymous_9)
FNDA:0,(anonymous_10)
FNDA:0,(anonymous_11)
FNDA:0,(anonymous_12)
FNDA:0,(anonymous_13)
FNDA:0,(anonymous_14)
FNDA:0,(anonymous_15)
FNDA:0,(anonymous_16)
FNDA:0,(anonymous_17)
FNDA:0,(anonymous_18)
FNDA:0,(anonymous_19)
FNDA:0,(anonymous_20)
FNDA:0,(anonymous_21)
FNDA:0,(anonymous_22)
FNDA:0,(anonymous_23)
FNDA:0,(anonymous_24)
FNDA:0,(anonymous_25)
FNDA:0,(anonymous_26)
FNDA:0,(anonymous_27)
FNDA:0,(anonymous_28)
DA:10,0
DA:13,0
DA:14,0
DA:17,0
DA:24,0
DA:38,0
DA:39,0
DA:46,0
DA:47,0
DA:48,0
DA:50,0
DA:51,0
DA:54,0
DA:57,0
DA:58,0
DA:59,0
DA:60,0
DA:63,0
DA:65,0
DA:73,0
DA:76,0
DA:80,0
DA:89,0
DA:95,0
DA:96,0
DA:98,0
DA:99,0
DA:100,0
DA:102,0
DA:105,0
DA:111,0
DA:123,0
DA:124,0
DA:127,0
DA:134,0
DA:142,0
DA:148,0
DA:150,0
DA:151,0
DA:154,0
DA:160,0
DA:162,0
DA:174,0
DA:177,0
DA:179,0
DA:186,0
DA:194,0
DA:201,0
DA:202,0
DA:204,0
DA:205,0
DA:206,0
DA:208,0
DA:210,0
DA:219,0
DA:220,0
DA:224,0
DA:226,0
DA:228,0
DA:234,0
DA:235,0
DA:237,0
DA:248,0
DA:249,0
DA:252,0
DA:253,0
DA:256,0
DA:259,0
DA:261,0
DA:265,0
DA:272,0
DA:280,0
DA:286,0
DA:287,0
DA:293,0
DA:295,0
DA:296,0
DA:299,0
DA:301,0
DA:307,0
DA:309,0
DA:310,0
DA:312,0
DA:314,0
DA:322,0
DA:323,0
DA:325,0
DA:339,0
DA:340,0
DA:342,0
DA:343,0
DA:346,0
DA:350,0
DA:359,0
DA:367,0
DA:368,0
DA:371,0
DA:373,0
DA:381,0
DA:389,0
DA:392,0
DA:394,0
DA:395,0
DA:398,0
DA:399,0
DA:402,0
DA:404,0
DA:405,0
DA:406,0
DA:409,0
DA:410,0
DA:413,0
DA:421,0
DA:423,0
DA:426,0
DA:429,0
DA:432,0
DA:434,0
DA:443,0
DA:445,0
DA:446,0
DA:449,0
DA:450,0
DA:452,0
DA:454,0
DA:465,0
DA:466,0
DA:467,0
DA:470,0
DA:472,0
DA:473,0
DA:475,0
DA:476,0
DA:477,0
DA:480,0
DA:487,0
DA:491,0
DA:493,0
DA:496,0
DA:499,0
DA:513,0
DA:514,0
DA:515,0
DA:521,0
DA:522,0
DA:523,0
DA:524,0
DA:527,0
DA:528,0
DA:530,0
DA:535,0
DA:546,0
DA:559,0
DA:561,0
DA:563,0
DA:564,0
DA:565,0
DA:569,0
DA:570,0
DA:572,0
DA:574,0
LF:161
LH:0
BRDA:41,0,0,0
BRDA:41,0,1,0
BRDA:47,1,0,0
BRDA:47,1,1,0
BRDA:50,2,0,0
BRDA:50,2,1,0
BRDA:60,3,0,0
BRDA:60,3,1,0
BRDA:96,4,0,0
BRDA:96,4,1,0
BRDA:100,5,0,0
BRDA:100,5,1,0
BRDA:100,6,0,0
BRDA:100,6,1,0
BRDA:148,7,0,0
BRDA:148,7,1,0
BRDA:201,8,0,0
BRDA:201,8,1,0
BRDA:206,9,0,0
BRDA:206,9,1,0
BRDA:212,10,0,0
BRDA:212,10,1,0
BRDA:220,11,0,0
BRDA:220,11,1,0
BRDA:220,11,2,0
BRDA:287,12,0,0
BRDA:287,12,1,0
BRDA:293,13,0,0
BRDA:293,13,1,0
BRDA:293,14,0,0
BRDA:293,14,1,0
BRDA:307,15,0,0
BRDA:307,15,1,0
BRDA:361,16,0,0
BRDA:361,16,1,0
BRDA:362,17,0,0
BRDA:362,17,1,0
BRDA:363,18,0,0
BRDA:363,18,1,0
BRDA:367,19,0,0
BRDA:367,19,1,0
BRDA:392,20,0,0
BRDA:392,20,1,0
BRDA:402,21,0,0
BRDA:402,21,1,0
BRDA:406,22,0,0
BRDA:406,22,1,0
BRDA:423,23,0,0
BRDA:423,23,1,0
BRDA:423,23,2,0
BRDA:423,23,3,0
BRDA:443,24,0,0
BRDA:443,24,1,0
BRDA:443,24,2,0
BRDA:443,24,3,0
BRDA:450,25,0,0
BRDA:450,25,1,0
BRDA:452,26,0,0
BRDA:452,26,1,0
BRDA:466,27,0,0
BRDA:466,27,1,0
BRDA:475,28,0,0
BRDA:475,28,1,0
BRDA:514,29,0,0
BRDA:514,29,1,0
BRF:65
BRH:0
end_of_record
TN:
SF:src/services/campaign-validator.js
FN:8,(anonymous_0)
FN:12,(anonymous_1)
FN:34,(anonymous_2)
FNF:3
FNH:0
FNDA:0,(anonymous_0)
FNDA:0,(anonymous_1)
FNDA:0,(anonymous_2)
DA:9,0
DA:13,0
DA:14,0
DA:17,0
DA:18,0
DA:21,0
DA:22,0
DA:23,0
DA:26,0
DA:35,0
LF:10
LH:0
BRDA:17,0,0,0
BRDA:17,0,1,0
BRDA:18,1,0,0
BRDA:18,1,1,0
BRDA:21,2,0,0
BRDA:21,2,1,0
BRDA:21,3,0,0
BRDA:21,3,1,0
BRDA:22,4,0,0
BRDA:22,4,1,0
BRDA:23,5,0,0
BRDA:23,5,1,0
BRF:12
BRH:0
end_of_record
TN:
SF:src/services/claude-api.js
FN:13,(anonymous_0)
FN:53,(anonymous_1)
FN:71,(anonymous_2)
FN:94,(anonymous_3)
FN:99,(anonymous_4)
FN:139,(anonymous_5)
FN:159,(anonymous_6)
FN:167,(anonymous_7)
FN:178,(anonymous_8)
FN:253,(anonymous_9)
FN:279,(anonymous_10)
FN:352,(anonymous_11)
FN:417,(anonymous_12)
FN:461,(anonymous_13)
FN:478,(anonymous_14)
FN:501,(anonymous_15)
FN:516,(anonymous_16)
FN:536,(anonymous_17)
FN:552,(anonymous_18)
FN:569,(anonymous_19)
FNF:20
FNH:0
FNDA:0,(anonymous_0)
FNDA:0,(anonymous_1)
FNDA:0,(anonymous_2)
FNDA:0,(anonymous_3)
FNDA:0,(anonymous_4)
FNDA:0,(anonymous_5)
FNDA:0,(anonymous_6)
FNDA:0,(anonymous_7)
FNDA:0,(anonymous_8)
FNDA:0,(anonymous_9)
FNDA:0,(anonymous_10)
FNDA:0,(anonymous_11)
FNDA:0,(anonymous_12)
FNDA:0,(anonymous_13)
FNDA:0,(anonymous_14)
FNDA:0,(anonymous_15)
FNDA:0,(anonymous_16)
FNDA:0,(anonymous_17)
FNDA:0,(anonymous_18)
FNDA:0,(anonymous_19)
DA:14,0
DA:21,0
DA:27,0
DA:30,0
DA:39,0
DA:54,0
DA:55,0
DA:56,0
DA:63,0
DA:68,0
DA:70,0
DA:71,0
DA:75,0
DA:76,0
DA:78,0
DA:80,0
DA:82,0
DA:83,0
DA:85,0
DA:86,0
DA:95,0
DA:96,0
DA:98,0
DA:100,0
DA:102,0
DA:104,0
DA:105,0
DA:118,0
DA:119,0
DA:121,0
DA:123,0
DA:124,0
DA:126,0
DA:129,0
DA:130,0
DA:131,0
DA:135,0
DA:138,0
DA:139,0
DA:140,0
DA:143,0
DA:145,0
DA:149,0
DA:150,0
DA:151,0
DA:160,0
DA:168,0
DA:179,0
DA:254,0
DA:255,0
DA:257,0
DA:258,0
DA:260,0
DA:261,0
DA:263,0
DA:264,0
DA:266,0
DA:267,0
DA:270,0
DA:272,0
DA:280,0
DA:281,0
DA:282,0
DA:283,0
DA:286,0
DA:293,0
DA:295,0
DA:296,0
DA:297,0
DA:299,0
DA:302,0
DA:308,0
DA:312,0
DA:319,0
DA:330,0
DA:338,0
DA:340,0
DA:344,0
DA:354,0
DA:355,0
DA:358,0
DA:359,0
DA:362,0
DA:363,0
DA:367,0
DA:369,0
DA:370,0
DA:371,0
DA:372,0
DA:374,0
DA:377,0
DA:378,0
DA:379,0
DA:380,0
DA:382,0
DA:386,0
DA:387,0
DA:388,0
DA:390,0
DA:394,0
DA:395,0
DA:401,0
DA:402,0
DA:406,0
DA:407,0
DA:410,0
DA:418,0
DA:420,0
DA:421,0
DA:422,0
DA:425,0
DA:426,0
DA:427,0
DA:428,0
DA:429,0
DA:430,0
DA:431,0
DA:432,0
DA:433,0
DA:434,0
DA:435,0
DA:436,0
DA:440,0
DA:441,0
DA:444,0
DA:445,0
DA:448,0
DA:462,0
DA:464,0
DA:465,0
DA:466,0
DA:467,0
DA:468,0
DA:469,0
DA:471,0
DA:479,0
DA:481,0
DA:483,0
DA:485,0
DA:487,0
DA:489,0
DA:491,0
DA:493,0
DA:503,0
DA:504,0
DA:506,0
DA:507,0
DA:509,0
DA:517,0
DA:519,0
DA:520,0
DA:522,0
DA:525,0
DA:528,0
DA:529,0
DA:537,0
DA:538,0
DA:539,0
DA:540,0
DA:541,0
DA:542,0
DA:543,0
DA:544,0
DA:546,0
DA:553,0
DA:570,0
DA:571,0
DA:572,0
LF:168
LH:0
BRDA:53,0,0,0
BRDA:76,1,0,0
BRDA:76,1,1,0
BRDA:124,2,0,0
BRDA:124,2,1,0
BRDA:124,2,2,0
BRDA:129,3,0,0
BRDA:129,3,1,0
BRDA:131,4,0,0
BRDA:131,4,1,0
BRDA:143,5,0,0
BRDA:143,5,1,0
BRDA:164,6,0,0
BRDA:164,6,1,0
BRDA:257,7,0,0
BRDA:257,7,1,0
BRDA:260,8,0,0
BRDA:260,8,1,0
BRDA:263,9,0,0
BRDA:263,9,1,0
BRDA:266,10,0,0
BRDA:266,10,1,0
BRDA:282,11,0,0
BRDA:282,11,1,0
BRDA:296,12,0,0
BRDA:296,12,1,0
BRDA:333,13,0,0
BRDA:333,13,1,0
BRDA:354,14,0,0
BRDA:354,14,1,0
BRDA:358,15,0,0
BRDA:358,15,1,0
BRDA:358,16,0,0
BRDA:358,16,1,0
BRDA:358,16,2,0
BRDA:362,17,0,0
[...]
BRDA:175,6,2,0
BRDA:176,7,0,0
BRDA:176,7,1,0
BRDA:190,8,0,0
BRDA:190,8,1,0
BRDA:219,9,0,0
BRDA:219,9,1,0
BRDA:220,10,0,0
BRDA:220,10,1,0
BRDA:221,11,0,0
BRDA:221,11,1,0
BRDA:222,12,0,0
BRDA:222,12,1,0
BRDA:268,13,0,0
BRDA:268,13,1,0
BRDA:280,14,0,0
BRDA:282,15,0,0
BRDA:282,15,1,0
BRDA:294,16,0,0
BRDA:294,16,1,0
BRDA:295,17,0,0
BRDA:295,17,1,0
BRDA:301,18,0,0
BRDA:301,18,1,0
BRDA:309,19,0,0
BRDA:309,19,1,0
BRDA:317,20,0,0
BRDA:317,20,1,0
BRDA:364,21,0,0
BRDA:366,22,0,0
BRDA:366,22,1,0
BRDA:381,23,0,0
BRDA:381,23,1,0
BRDA:393,24,0,0
BRDA:393,24,1,0
BRDA:393,24,2,0
BRDA:393,24,3,0
BRDA:393,24,4,0
BRDA:467,25,0,0
BRDA:467,25,1,0
BRDA:472,26,0,0
BRDA:472,26,1,0
BRDA:472,27,0,0
BRDA:472,27,1,0
BRDA:477,28,0,0
BRDA:477,28,1,0
BRDA:478,29,0,0
BRDA:478,29,1,0
BRDA:481,30,0,0
BRDA:481,30,1,0
BRDA:484,31,0,0
BRDA:484,31,1,0
BRDA:485,32,0,0
BRDA:485,32,1,0
BRDA:485,33,0,0
BRDA:485,33,1,0
BRDA:485,33,2,0
BRDA:490,34,0,0
BRDA:490,34,1,0
BRDA:518,35,0,0
BRDA:518,35,1,0
BRDA:520,36,0,0
BRDA:520,36,1,0
BRDA:522,37,0,0
BRDA:522,37,1,0
BRDA:545,38,0,0
BRDA:545,38,1,0
BRDA:594,39,0,0
BRDA:594,39,1,0
BRDA:596,40,0,0
BRDA:596,40,1,0
BRDA:610,41,0,0
BRDA:610,41,1,0
BRDA:630,42,0,0
BRDA:630,42,1,0
BRDA:630,42,2,0
BRDA:661,43,0,0
BRDA:661,43,1,0
BRDA:669,44,0,0
BRDA:669,44,1,0
BRDA:680,45,0,0
BRDA:680,45,1,0
BRDA:689,46,0,0
BRDA:689,46,1,0
BRDA:690,47,0,0
BRDA:690,47,1,0
BRDA:691,48,0,0
BRDA:691,48,1,0
BRDA:691,48,2,0
BRDA:691,48,3,0
BRDA:708,49,0,0
BRDA:708,49,1,0
BRDA:717,50,0,0
BRDA:717,50,1,0
BRDA:723,51,0,0
BRDA:723,51,1,0
BRDA:724,52,0,0
BRDA:724,52,1,0
BRDA:729,53,0,0
BRDA:729,53,1,0
BRDA:731,54,0,0
BRDA:731,54,1,0
BRDA:744,55,0,0
BRDA:744,55,1,0
BRDA:746,56,0,0
BRDA:746,56,1,0
BRDA:771,57,0,0
BRDA:771,57,1,0
BRDA:771,58,0,0
BRDA:771,58,1,0
BRDA:779,59,0,0
BRDA:779,59,1,0
BRDA:801,60,0,0
BRDA:801,60,1,0
BRDA:811,61,0,0
BRDA:811,61,1,0
BRDA:818,62,0,0
BRDA:818,62,1,0
BRDA:834,63,0,0
BRDA:834,63,1,0
BRDA:834,63,2,0
BRDA:876,64,0,0
BRDA:876,64,1,0
BRDA:920,65,0,0
BRDA:920,65,1,0
BRF:138
BRH:0
end_of_record
TN:
SF:src/workers/file-enrichment-worker.js
FN:13,(anonymous_0)
FN:78,(anonymous_1)
FN:180,(anonymous_2)
FN:227,(anonymous_3)
FN:286,(anonymous_4)
FN:312,(anonymous_5)
FN:318,(anonymous_6)
FN:374,(anonymous_7)
FN:379,(anonymous_8)
FN:384,(anonymous_9)
FN:437,(anonymous_10)
FN:498,(anonymous_11)
FN:582,(anonymous_12)
FN:643,(anonymous_13)
FN:649,(anonymous_14)
FN:657,(anonymous_15)
FN:687,(anonymous_16)
FN:701,(anonymous_17)
FN:711,(anonymous_18)
FN:718,(anonymous_19)
FN:723,(anonymous_20)
FN:729,(anonymous_21)
FN:749,(anonymous_22)
FN:763,(anonymous_23)
FNF:24
FNH:0
FNDA:0,(anonymous_0)
FNDA:0,(anonymous_1)
FNDA:0,(anonymous_2)
FNDA:0,(anonymous_3)
FNDA:0,(anonymous_4)
FNDA:0,(anonymous_5)
FNDA:0,(anonymous_6)
FNDA:0,(anonymous_7)
FNDA:0,(anonymous_8)
FNDA:0,(anonymous_9)
FNDA:0,(anonymous_10)
FNDA:0,(anonymous_11)
FNDA:0,(anonymous_12)
FNDA:0,(anonymous_13)
FNDA:0,(anonymous_14)
FNDA:0,(anonymous_15)
FNDA:0,(anonymous_16)
FNDA:0,(anonymous_17)
FNDA:0,(anonymous_18)
FNDA:0,(anonymous_19)
FNDA:0,(anonymous_20)
FNDA:0,(anonymous_21)
FNDA:0,(anonymous_22)
FNDA:0,(anonymous_23)
DA:14,0
DA:17,0
DA:18,0
DA:19,0
DA:22,0
DA:33,0
DA:56,0
DA:65,0
DA:79,0
DA:80,0
DA:81,0
DA:87,0
DA:94,0
DA:124,0
DA:126,0
DA:129,0
DA:132,0
DA:135,0
DA:138,0
DA:139,0
DA:141,0
DA:142,0
DA:143,0
DA:145,0
DA:147,0
DA:155,0
DA:158,0
DA:159,0
DA:160,0
DA:161,0
DA:162,0
DA:164,0
DA:166,0
DA:172,0
DA:181,0
DA:183,0
DA:189,0
DA:191,0
DA:192,0
DA:196,0
DA:197,0
DA:198,0
DA:202,0
DA:203,0
DA:206,0
DA:207,0
DA:209,0
DA:215,0
DA:216,0
DA:217,0
DA:219,0
DA:228,0
DA:230,0
DA:236,0
DA:237,0
DA:245,0
DA:247,0
DA:248,0
DA:251,0
DA:252,0
DA:253,0
DA:259,0
DA:261,0
DA:262,0
DA:265,0
DA:271,0
DA:274,0
DA:275,0
DA:276,0
DA:278,0
DA:287,0
DA:291,0
DA:297,0
DA:298,0
DA:299,0
DA:300,0
DA:302,0
DA:303,0
DA:305,0
DA:311,0
DA:312,0
DA:315,0
DA:318,0
DA:319,0
DA:320,0
DA:322,0
DA:326,0
DA:327,0
DA:328,0
DA:329,0
DA:331,0
DA:335,0
DA:336,0
DA:337,0
DA:338,0
DA:341,0
DA:342,0
DA:347,0
DA:348,0
DA:349,0
DA:357,0
DA:359,0
DA:362,0
DA:363,0
DA:364,0
DA:366,0
DA:375,0
DA:376,0
DA:379,0
DA:380,0
DA:384,0
DA:385,0
DA:386,0
DA:391,0
DA:392,0
DA:393,0
DA:394,0
DA:395,0
DA:397,0
DA:398,0
DA:401,0
DA:402,0
DA:403,0
DA:407,0
DA:408,0
DA:409,0
DA:410,0
DA:411,0
DA:412,0
DA:414,0
DA:415,0
DA:418,0
DA:419,0
DA:420,0
DA:421,0
DA:425,0
DA:426,0
DA:427,0
DA:428,0
DA:430,0
DA:438,0
DA:439,0
DA:447,0
DA:450,0
DA:451,0
DA:452,0
DA:461,0
DA:464,0
DA:465,0
DA:467,0
DA:468,0
DA:470,0
DA:471,0
DA:472,0
DA:475,0
DA:476,0
DA:477,0
DA:481,0
DA:482,0
DA:483,0
DA:486,0
DA:499,0
DA:500,0
DA:510,0
DA:512,0
DA:513,0
DA:523,0
DA:524,0
DA:525,0
DA:526,0
DA:529,0
DA:530,0
DA:531,0
DA:532,0
DA:535,0
DA:536,0
DA:537,0
DA:538,0
DA:540,0
DA:542,0
DA:543,0
DA:545,0
DA:546,0
DA:547,0
DA:549,0
DA:551,0
DA:552,0
DA:553,0
DA:554,0
DA:558,0
DA:559,0
DA:561,0
DA:562,0
DA:563,0
DA:565,0
DA:569,0
DA:583,0
DA:585,0
DA:591,0
DA:592,0
DA:601,0
DA:603,0
DA:604,0
DA:607,0
DA:608,0
DA:609,0
DA:615,0
DA:621,0
DA:631,0
DA:632,0
DA:633,0
DA:635,0
DA:644,0
DA:645,0
DA:646,0
DA:650,0
DA:651,0
DA:652,0
DA:654,0
DA:658,0
DA:659,0
DA:662,0
DA:663,0
DA:664,0
DA:668,0
DA:669,0
DA:670,0
DA:674,0
DA:675,0
DA:676,0
DA:679,0
DA:680,0
DA:681,0
DA:682,0
DA:684,0
DA:688,0
DA:689,0
DA:690,0
DA:692,0
DA:693,0
DA:694,0
DA:695,0
DA:697,0
DA:702,0
DA:707,0
DA:708,0
DA:712,0
DA:718,0
DA:719,0
DA:724,0
DA:725,0
DA:726,0
DA:730,0
DA:731,0
DA:733,0
DA:734,0
DA:738,0
DA:739,0
DA:742,0
DA:743,0
DA:750,0
DA:764,0
DA:766,0
DA:767,0
DA:772,0
DA:781,0
LF:266
LH:0
BRDA:91,0,0,0
BRDA:91,0,1,0
BRDA:191,1,0,0
BRDA:191,1,1,0
BRDA:197,2,0,0
BRDA:197,2,1,0
BRDA:202,3,0,0
BRDA:202,3,1,0
BRDA:202,4,0,0
BRDA:202,4,1,0
BRDA:247,5,0,0
BRDA:247,5,1,0
BRDA:256,6,0,0
BRDA:256,6,1,0
BRDA:261,7,0,0
BRDA:261,7,1,0
BRDA:268,8,0,0
BRDA:268,8,1,0
BRDA:319,9,0,0
BRDA:319,9,1,0
BRDA:326,10,0,0
BRDA:326,10,1,0
BRDA:328,11,0,0
BRDA:328,11,1,0
BRDA:335,12,0,0
BRDA:335,12,1,0
BRDA:337,13,0,0
BRDA:337,13,1,0
BRDA:341,14,0,0
BRDA:341,14,1,0
BRDA:341,15,0,0
BRDA:341,15,1,0
BRDA:385,16,0,0
BRDA:385,16,1,0
BRDA:385,17,0,0
BRDA:385,17,1,0
BRDA:391,18,0,0
BRDA:391,18,1,0
BRDA:397,19,0,0
BRDA:397,19,1,0
BRDA:407,20,0,0
BRDA:407,20,1,0
BRDA:414,21,0,0
BRDA:414,21,1,0
BRDA:428,22,0,0
BRDA:428,22,1,0
BRDA:438,23,0,0
BRDA:438,23,1,0
BRDA:438,24,0,0
BRDA:438,24,1,0
BRDA:451,25,0,0
BRDA:451,25,1,0
BRDA:465,26,0,0
BRDA:465,26,1,0
BRDA:465,26,2,0
BRDA:470,27,0,0
BRDA:470,27,1,0
BRDA:475,28,0,0
BRDA:475,28,1,0
BRDA:481,29,0,0
BRDA:481,29,1,0
BRDA:490,30,0,0
BRDA:490,30,1,0
BRDA:499,31,0,0
BRDA:499,31,1,0
BRDA:499,32,0,0
BRDA:499,32,1,0
BRDA:512,33,0,0
BRDA:512,33,1,0
BRDA:529,34,0,0
BRDA:529,34,1,0
BRDA:529,35,0,0
BRDA:529,35,1,0
BRDA:529,35,2,0
BRDA:530,36,0,0
BRDA:530,36,1,0
BRDA:536,37,0,0
BRDA:536,37,1,0
BRDA:536,38,0,0
BRDA:536,38,1,0
BRDA:540,39,0,0
BRDA:540,39,1,0
BRDA:545,40,0,0
BRDA:545,40,1,0
BRDA:549,41,0,0
BRDA:549,41,1,0
BRDA:558,42,0,0
BRDA:558,42,1,0
BRDA:559,43,0,0
BRDA:559,43,1,0
BRDA:562,44,0,0
BRDA:562,44,1,0
BRDA:574,45,0,0
BRDA:574,45,1,0
BRDA:603,46,0,0
BRDA:603,46,1,0
BRDA:644,47,0,0
BRDA:644,47,1,0
BRDA:645,48,0,0
BRDA:645,48,1,0
BRDA:662,49,0,0
BRDA:662,49,1,0
BRDA:664,50,0,0
BRDA:664,50,1,0
BRDA:668,51,0,0
BRDA:668,51,1,0
BRDA:670,52,0,0
BRDA:670,52,1,0
BRDA:675,53,0,0
BRDA:675,53,1,0
BRDA:676,54,0,0
BRDA:676,54,1,0
BRDA:680,55,0,0
BRDA:680,55,1,0
BRDA:681,56,0,0
BRDA:681,56,1,0
BRDA:682,57,0,0
BRDA:682,57,1,0
BRDA:682,58,0,0
BRDA:682,58,1,0
BRDA:684,59,0,0
BRDA:684,59,1,0
BRDA:688,60,0,0
BRDA:688,60,1,0
BRDA:689,61,0,0
BRDA:689,61,1,0
BRDA:690,62,0,0
BRDA:690,62,1,0
BRDA:692,63,0,0
BRDA:692,63,1,0
BRDA:692,64,0,0
BRDA:692,64,1,0
BRDA:692,64,2,0
BRDA:692,64,3,0
BRDA:694,65,0,0
BRDA:694,65,1,0
BRDA:694,66,0,0
BRDA:694,66,1,0
BRDA:694,66,2,0
BRDA:733,67,0,0
BRDA:733,67,1,0
BRDA:775,68,0,0
BRDA:775,68,1,0
BRF:143
BRH:0
end_of_record
TN:
SF:src/workers/multi-channel-orchestrator.js
FN:16,(anonymous_0)
FN:54,(anonymous_1)
FN:66,(anonymous_2)
FN:178,(anonymous_3)
FN:247,(anonymous_4)
FN:306,(anonymous_5)
FN:377,(anonymous_6)
FN:407,(anonymous_7)
FN:434,(anonymous_8)
FN:462,(anonymous_9)
FN:537,(anonymous_10)
FN:568,(anonymous_11)
FN:570,(anonymous_12)
FN:571,(anonymous_13)
FN:572,(anonymous_14)
FN:587,(anonymous_15)
FN:623,(anonymous_16)
FN:639,(anonymous_17)
FN:640,(anonymous_18)
FN:647,(anonymous_19)
FN:659,(anonymous_20)
FN:668,(anonymous_21)
FN:677,(anonymous_22)
FN:696,(anonymous_23)
FNF:24
FNH:0
FNDA:0,(anonymous_0)
FNDA:0,(anonymous_1)
FNDA:0,(anonymous_2)
FNDA:0,(anonymous_3)
FNDA:0,(anonymous_4)
FNDA:0,(anonymous_5)
FNDA:0,(anonymous_6)
FNDA:0,(anonymous_7)
FNDA:0,(anonymous_8)
FNDA:0,(anonymous_9)
FNDA:0,(anonymous_10)
FNDA:0,(anonymous_11)
FNDA:0,(anonymous_12)
FNDA:0,(anonymous_13)
FNDA:0,(anonymous_14)
FNDA:0,(anonymous_15)
FNDA:0,(anonymous_16)
FNDA:0,(anonymous_17)
FNDA:0,(anonymous_18)
FNDA:0,(anonymous_19)
FNDA:0,(anonymous_20)
FNDA:0,(anonymous_21)
FNDA:0,(anonymous_22)
FNDA:0,(anonymous_23)
DA:17,0
DA:18,0
DA:19,0
DA:20,0
DA:21,0
DA:23,0
DA:26,0
DA:27,0
DA:30,0
DA:42,0
DA:56,0
DA:57,0
DA:58,0
DA:65,0
DA:66,0
DA:71,0
DA:72,0
DA:79,0
DA:81,0
DA:82,0
DA:83,0
DA:87,0
DA:94,0
DA:102,0
DA:111,0
DA:118,0
DA:119,0
DA:120,0
DA:122,0
DA:139,0
DA:145,0
DA:146,0
DA:149,0
DA:150,0
DA:151,0
DA:154,0
DA:160,0
DA:162,0
DA:180,0
DA:181,0
DA:187,0
DA:189,0
DA:190,0
DA:191,0
DA:195,0
DA:198,0
DA:204,0
DA:206,0
DA:220,0
DA:226,0
DA:229,0
DA:234,0
DA:249,0
DA:250,0
DA:256,0
DA:257,0
DA:258,0
DA:259,0
DA:263,0
DA:269,0
DA:275,0
DA:280,0
DA:289,0
DA:294,0
DA:307,0
DA:309,0
DA:315,0
DA:316,0
DA:318,0
DA:325,0
DA:326,0
DA:330,0
DA:335,0
DA:337,0
DA:338,0
DA:340,0
DA:341,0
DA:343,0
DA:344,0
DA:346,0
DA:349,0
DA:357,0
DA:363,0
DA:370,0
DA:378,0
DA:383,0
DA:394,0
DA:396,0
DA:397,0
DA:400,0
DA:408,0
DA:413,0
DA:421,0
DA:423,0
DA:424,0
DA:427,0
DA:435,0
DA:440,0
DA:449,0
DA:451,0
DA:452,0
DA:455,0
DA:463,0
DA:464,0
DA:467,0
DA:468,0
DA:469,0
DA:473,0
DA:474,0
DA:475,0
DA:477,0
DA:478,0
DA:479,0
DA:482,0
DA:483,0
DA:484,0
DA:488,0
DA:490,0
DA:491,0
DA:492,0
DA:495,0
DA:496,0
DA:497,0
DA:503,0
DA:504,0
DA:505,0
DA:506,0
DA:507,0
DA:510,0
DA:511,0
DA:516,0
DA:517,0
DA:520,0
DA:526,0
DA:538,0
DA:540,0
DA:543,0
DA:545,0
DA:546,0
DA:549,0
DA:550,0
DA:552,0
DA:555,0
DA:561,0
DA:569,0
DA:570,0
DA:571,0
DA:572,0
DA:574,0
DA:588,0
DA:590,0
DA:591,0
DA:594,0
DA:597,0
DA:598,0
DA:601,0
DA:602,0
DA:604,0
DA:607,0
DA:609,0
DA:616,0
DA:624,0
DA:625,0
DA:627,0
DA:628,0
DA:629,0
DA:632,0
DA:640,0
DA:648,0
DA:649,0
DA:650,0
DA:651,0
DA:652,0
DA:660,0
DA:661,0
DA:669,0
DA:670,0
DA:671,0
DA:678,0
DA:697,0
DA:699,0
DA:700,0
DA:708,0
DA:715,0
LF:184
LH:0
BRDA:55,0,0,0
BRDA:66,1,0,0
BRDA:66,1,1,0
BRDA:67,2,0,0
BRDA:67,2,1,0
BRDA:68,3,0,0
BRDA:68,3,1,0
BRDA:82,4,0,0
BRDA:82,4,1,0
BRDA:179,5,0,0
BRDA:190,6,0,0
BRDA:190,6,1,0
BRDA:248,7,0,0
BRDA:258,8,0,0
BRDA:258,8,1,0
BRDA:312,9,0,0
BRDA:312,9,1,0
BRDA:325,10,0,0
BRDA:325,10,1,0
BRDA:335,11,0,0
BRDA:335,11,1,0
BRDA:335,11,2,0
BRDA:335,11,3,0
BRDA:358,12,0,0
BRDA:358,12,1,0
BRDA:388,13,0,0
BRDA:388,13,1,0
BRDA:389,14,0,0
BRDA:389,14,1,0
BRDA:396,15,0,0
BRDA:396,15,1,0
BRDA:423,16,0,0
BRDA:423,16,1,0
BRDA:436,17,0,0
BRDA:436,17,1,0
BRDA:451,18,0,0
BRDA:451,18,1,0
BRDA:467,19,0,0
BRDA:467,19,1,0
BRDA:468,20,0,0
BRDA:468,20,1,0
BRDA:468,21,0,0
BRDA:468,21,1,0
BRDA:473,22,0,0
BRDA:473,22,1,0
BRDA:477,23,0,0
BRDA:477,23,1,0
BRDA:482,24,0,0
BRDA:482,24,1,0
BRDA:488,25,0,0
BRDA:488,25,1,0
BRDA:488,25,2,0
BRDA:490,26,0,0
BRDA:490,26,1,0
BRDA:491,27,0,0
BRDA:491,27,1,0
BRDA:495,28,0,0
BRDA:495,28,1,0
BRDA:496,29,0,0
BRDA:496,29,1,0
BRDA:503,30,0,0
BRDA:503,30,1,0
BRDA:504,31,0,0
BRDA:504,31,1,0
BRDA:506,32,0,0
BRDA:506,32,1,0
BRDA:510,33,0,0
BRDA:510,33,1,0
BRDA:510,34,0,0
BRDA:510,34,1,0
BRDA:516,35,0,0
BRDA:516,35,1,0
BRDA:543,36,0,0
BRDA:543,36,1,0
BRDA:543,36,2,0
BRDA:543,36,3,0
BRDA:572,37,0,0
BRDA:572,37,1,0
BRDA:579,38,0,0
BRDA:579,38,1,0
BRDA:594,39,0,0
BRDA:594,39,1,0
BRDA:594,39,2,0
BRDA:594,39,3,0
BRDA:628,40,0,0
BRDA:628,40,1,0
BRDA:648,41,0,0
BRDA:648,41,1,0
BRDA:649,42,0,0
BRDA:649,42,1,0
BRDA:650,43,0,0
BRDA:650,43,1,0
BRDA:651,44,0,0
BRDA:651,44,1,0
BRDA:710,45,0,0
BRDA:710,45,1,0
BRF:96
BRH:0
end_of_record
TN:
SF:src/workers/slack-integration-worker.js
FN:14,(anonymous_0)
FN:70,(anonymous_1)
FN:151,(anonymous_2)
FN:212,(anonymous_3)
FN:235,(anonymous_4)
FN:266,(anonymous_5)
FN:291,(anonymous_6)
FN:326,(anonymous_7)
FN:336,(anonymous_8)
FN:368,(anonymous_9)
FN:400,(anonymous_10)
FN:433,(anonymous_11)
FN:446,(anonymous_12)
FN:467,(anonymous_13)
FN:517,(anonymous_14)
FN:574,(anonymous_15)
FN:602,(anonymous_16)
FN:634,(anonymous_17)
FN:653,(anonymous_18)
FN:673,(anonymous_19)
FN:684,(anonymous_20)
FN:688,(anonymous_21)
FN:704,(anonymous_22)
FN:709,(anonymous_23)
FN:714,(anonymous_24)
FN:729,(anonymous_25)
FN:735,(anonymous_26)
FN:741,(anonymous_27)
FN:747,(anonymous_28)
FN:753,(anonymous_29)
FN:759,(anonymous_30)
FN:765,(anonymous_31)
FN:769,(anonymous_32)
FN:773,(anonymous_33)
FN:781,(anonymous_34)
FN:797,(anonymous_35)
FN:810,(anonymous_36)
FNF:37
FNH:0
FNDA:0,(anonymous_0)
FNDA:0,(anonymous_1)
FNDA:0,(anonymous_2)
FNDA:0,(anonymous_3)
FNDA:0,(anonymous_4)
FNDA:0,(anonymous_5)
FNDA:0,(anonymous_6)
FNDA:0,(anonymous_7)
FNDA:0,(anonymous_8)
FNDA:0,(anonymous_9)
FNDA:0,(anonymous_10)
FNDA:0,(anonymous_11)
FNDA:0,(anonymous_12)
FNDA:0,(anonymous_13)
FNDA:0,(anonymous_14)
FNDA:0,(anonymous_15)
FNDA:0,(anonymous_16)
FNDA:0,(anonymous_17)
FNDA:0,(anonymous_18)
FNDA:0,(anonymous_19)
FNDA:0,(anonymous_20)
FNDA:0,(anonymous_21)
FNDA:0,(anonymous_22)
FNDA:0,(anonymous_23)
FNDA:0,(anonymous_24)
FNDA:0,(anonymous_25)
FNDA:0,(anonymous_26)
FNDA:0,(anonymous_27)
FNDA:0,(anonymous_28)
FNDA:0,(anonymous_29)
FNDA:0,(anonymous_30)
FNDA:0,(anonymous_31)
FNDA:0,(anonymous_32)
FNDA:0,(anonymous_33)
FNDA:0,(anonymous_34)
FNDA:0,(anonymous_35)
FNDA:0,(anonymous_36)
DA:15,0
DA:18,0
DA:25,0
DA:44,0
DA:47,0
DA:56,0
DA:58,0
DA:72,0
DA:73,0
DA:74,0
DA:80,0
DA:81,0
DA:83,0
DA:85,0
DA:90,0
DA:91,0
DA:95,0
DA:98,0
DA:102,0
DA:104,0
DA:105,0
DA:107,0
DA:108,0
DA:110,0
DA:111,0
DA:113,0
DA:114,0
DA:116,0
DA:119,0
DA:120,0
DA:122,0
DA:132,0
DA:133,0
DA:134,0
DA:136,0
DA:153,0
DA:154,0
DA:155,0
DA:161,0
DA:166,0
DA:168,0
DA:172,0
DA:174,0
DA:175,0
DA:177,0
DA:182,0
DA:185,0
DA:186,0
DA:188,0
DA:196,0
DA:197,0
DA:198,0
DA:200,0
DA:214,0
DA:215,0
DA:216,0
DA:219,0
DA:220,0
DA:221,0
DA:224,0
DA:225,0
DA:228,0
DA:236,0
DA:237,0
DA:239,0
DA:240,0
DA:244,0
DA:245,0
DA:246,0
DA:250,0
DA:251,0
DA:256,0
DA:267,0
DA:268,0
DA:272,0
DA:283,0
DA:292,0
DA:294,0
DA:295,0
DA:299,0
DA:303,0
DA:310,0
DA:315,0
DA:327,0
DA:337,0
DA:339,0
DA:346,0
DA:356,0
DA:358,0
DA:369,0
DA:374,0
DA:375,0
DA:378,0
DA:388,0
DA:390,0
DA:401,0
DA:403,0
DA:409,0
DA:412,0
DA:421,0
DA:423,0
DA:434,0
DA:436,0
DA:447,0
DA:449,0
DA:451,0
DA:453,0
DA:455,0
DA:457,0
DA:459,0
DA:468,0
DA:518,0
DA:575,0
DA:603,0
DA:635,0
DA:654,0
DA:662,0
DA:663,0
DA:666,0
DA:674,0
DA:675,0
DA:676,0
DA:678,0
DA:679,0
DA:680,0
DA:684,0
DA:685,0
DA:689,0
DA:693,0
DA:695,0
DA:696,0
DA:705,0
DA:706,0
DA:709,0
DA:710,0
DA:715,0
DA:719,0
DA:721,0
DA:722,0
DA:730,0
DA:731,0
DA:736,0
DA:737,0
DA:742,0
DA:743,0
DA:748,0
DA:749,0
DA:754,0
DA:755,0
DA:760,0
DA:761,0
DA:774,0
DA:775,0
DA:782,0
DA:798,0
DA:799,0
DA:800,0
DA:802,0
DA:803,0
DA:811,0
DA:812,0
DA:813,0
DA:815,0
LF:163
LH:0
BRDA:59,0,0,0
BRDA:59,0,1,0
BRDA:60,1,0,0
BRDA:60,1,1,0
BRDA:71,2,0,0
BRDA:90,3,0,0
BRDA:90,3,1,0
BRDA:102,4,0,0
BRDA:102,4,1,0
BRDA:102,4,2,0
BRDA:102,4,3,0
BRDA:102,4,4,0
BRDA:152,5,0,0
BRDA:172,6,0,0
BRDA:172,6,1,0
BRDA:175,7,0,0
BRDA:175,7,1,0
BRDA:239,8,0,0
BRDA:239,8,1,0
BRDA:239,9,0,0
BRDA:239,9,1,0
BRDA:245,10,0,0
BRDA:245,10,1,0
BRDA:268,11,0,0
BRDA:268,11,1,0
BRDA:273,12,0,0
BRDA:273,12,1,0
BRDA:294,13,0,0
BRDA:294,13,1,0
BRDA:449,14,0,0
BRDA:449,14,1,0
BRDA:449,14,2,0
BRDA:449,14,3,0
BRDA:449,14,4,0
BRDA:483,15,0,0
BRDA:483,15,1,0
BRDA:487,16,0,0
BRDA:487,16,1,0
BRDA:487,17,0,0
BRDA:487,17,1,0
BRDA:533,18,0,0
BRDA:533,18,1,0
BRDA:537,19,0,0
BRDA:537,19,1,0
BRDA:537,20,0,0
BRDA:537,20,1,0
BRDA:541,21,0,0
BRDA:541,21,1,0
BRDA:541,22,0,0
BRDA:541,22,1,0
BRDA:545,23,0,0
BRDA:545,23,1,0
BRDA:582,24,0,0
BRDA:582,24,1,0
BRDA:590,25,0,0
BRDA:590,25,1,0
BRDA:636,26,0,0
BRDA:636,26,1,0
BRDA:637,27,0,0
BRDA:637,27,1,0
BRDA:642,28,0,0
BRDA:642,28,1,0
BRDA:662,29,0,0
BRDA:662,29,1,0
BRDA:675,30,0,0
BRDA:675,30,1,0
BRDA:679,31,0,0
BRDA:679,31,1,0
BRDA:788,32,0,0
BRDA:788,32,1,0
BRDA:789,33,0,0
BRDA:789,33,1,0
BRDA:797,34,0,0
BRF:73
BRH:0
end_of_record
TN:
SF:src/workers/sureshot-eloqua-worker.js
FN:14,(anonymous_0)
FN:43,(anonymous_1)
FN:137,(anonymous_2)
FN:213,(anonymous_3)
FN:286,(anonymous_4)
FN:329,(anonymous_5)
FN:371,(anonymous_6)
FN:405,(anonymous_7)
FN:441,(anonymous_8)
FN:473,(anonymous_9)
FN:499,(anonymous_10)
FN:530,(anonymous_11)
FN:544,(anonymous_12)
FN:567,(anonymous_13)
FN:581,(anonymous_14)
FN:590,(anonymous_15)
FN:599,(anonymous_16)
FN:610,(anonymous_17)
FN:627,(anonymous_18)
FN:648,(anonymous_19)
FNF:20
FNH:0
FNDA:0,(anonymous_0)
FNDA:0,(anonymous_1)
FNDA:0,(anonymous_2)
FNDA:0,(anonymous_3)
FNDA:0,(anonymous_4)
FNDA:0,(anonymous_5)
FNDA:0,(anonymous_6)
FNDA:0,(anonymous_7)
FNDA:0,(anonymous_8)
FNDA:0,(anonymous_9)
FNDA:0,(anonymous_10)
FNDA:0,(anonymous_11)
FNDA:0,(anonymous_12)
FNDA:0,(anonymous_13)
FNDA:0,(anonymous_14)
FNDA:0,(anonymous_15)
FNDA:0,(anonymous_16)
FNDA:0,(anonymous_17)
FNDA:0,(anonymous_18)
FNDA:0,(anonymous_19)
DA:15,0
DA:16,0
DA:17,0
DA:18,0
DA:21,0
DA:32,0
DA:45,0
DA:46,0
DA:47,0
DA:54,0
DA:59,0
DA:61,0
DA:63,0
DA:64,0
DA:65,0
DA:69,0
DA:72,0
DA:75,0
DA:78,0
DA:81,0
DA:87,0
DA:88,0
DA:89,0
DA:91,0
DA:108,0
DA:109,0
DA:112,0
DA:113,0
DA:114,0
DA:115,0
DA:117,0
DA:119,0
DA:139,0
DA:140,0
DA:141,0
DA:148,0
DA:153,0
DA:154,0
DA:156,0
DA:159,0
DA:161,0
DA:162,0
DA:164,0
DA:165,0
DA:167,0
DA:168,0
DA:170,0
DA:171,0
DA:173,0
DA:176,0
DA:177,0
DA:180,0
DA:181,0
DA:183,0
DA:192,0
DA:193,0
DA:195,0
DA:197,0
DA:215,0
DA:216,0
DA:217,0
DA:224,0
DA:226,0
DA:229,0
DA:230,0
DA:231,0
DA:235,0
DA:237,0
DA:239,0
DA:261,0
DA:262,0
DA:265,0
DA:266,0
DA:268,0
DA:270,0
DA:287,0
DA:293,0
DA:299,0
DA:300,0
DA:301,0
DA:302,0
DA:303,0
DA:308,0
DA:309,0
DA:310,0
DA:311,0
DA:312,0
DA:316,0
DA:322,0
DA:330,0
DA:335,0
DA:354,0
DA:356,0
DA:361,0
DA:372,0
DA:374,0
DA:394,0
DA:396,0
DA:398,0
DA:406,0
DA:413,0
DA:415,0
DA:416,0
DA:418,0
DA:419,0
DA:421,0
DA:422,0
DA:425,0
DA:428,0
DA:434,0
DA:442,0
DA:444,0
DA:453,0
DA:456,0
DA:457,0
DA:458,0
DA:461,0
DA:466,0
DA:474,0
DA:476,0
DA:484,0
DA:485,0
DA:487,0
DA:492,0
DA:500,0
DA:502,0
DA:508,0
DA:509,0
DA:512,0
DA:513,0
DA:516,0
DA:518,0
DA:523,0
DA:531,0
DA:533,0
DA:535,0
DA:537,0
DA:545,0
DA:547,0
DA:553,0
DA:560,0
DA:568,0
DA:569,0
DA:570,0
DA:571,0
DA:572,0
DA:573,0
DA:574,0
DA:582,0
DA:583,0
DA:591,0
DA:592,0
DA:601,0
DA:602,0
DA:603,0
DA:611,0
DA:614,0
DA:615,0
DA:617,0
DA:618,0
DA:621,0
DA:628,0
DA:649,0
DA:651,0
DA:652,0
DA:657,0
DA:664,0
LF:167
LH:0
BRDA:44,0,0,0
BRDA:64,1,0,0
BRDA:64,1,1,0
BRDA:101,2,0,0
BRDA:101,2,1,0
BRDA:138,3,0,0
BRDA:150,4,0,0
BRDA:150,4,1,0
BRDA:156,5,0,0
BRDA:156,5,1,0
BRDA:159,6,0,0
BRDA:159,6,1,0
BRDA:159,6,2,0
BRDA:159,6,3,0
BRDA:159,6,4,0
BRDA:214,7,0,0
BRDA:230,8,0,0
BRDA:230,8,1,0
BRDA:244,9,0,0
BRDA:244,9,1,0
BRDA:294,10,0,0
BRDA:294,10,1,0
BRDA:295,11,0,0
BRDA:295,11,1,0
BRDA:299,12,0,0
BRDA:299,12,1,0
BRDA:308,13,0,0
BRDA:308,13,1,0
BRDA:339,14,0,0
BRDA:339,14,1,0
BRDA:382,15,0,0
BRDA:382,15,1,0
BRDA:383,16,0,0
BRDA:383,16,1,0
BRDA:384,17,0,0
BRDA:384,17,1,0
BRDA:408,18,0,0
BRDA:408,18,1,0
BRDA:413,19,0,0
BRDA:413,19,1,0
BRDA:413,19,2,0
BRDA:413,19,3,0
BRDA:447,20,0,0
BRDA:447,20,1,0
BRDA:456,21,0,0
BRDA:456,21,1,0
BRDA:456,22,0,0
BRDA:456,22,1,0
BRDA:479,23,0,0
BRDA:479,23,1,0
BRDA:508,24,0,0
BRDA:508,24,1,0
BRDA:512,25,0,0
BRDA:512,25,1,0
BRDA:549,26,0,0
BRDA:549,26,1,0
BRDA:568,27,0,0
BRDA:568,27,1,0
BRDA:569,28,0,0
BRDA:569,28,1,0
BRDA:570,29,0,0
BRDA:570,29,1,0
BRDA:571,30,0,0
BRDA:571,30,1,0
BRDA:572,31,0,0
BRDA:572,31,1,0
BRDA:573,32,0,0
BRDA:573,32,1,0
BRDA:592,33,0,0
BRDA:592,33,1,0
BRDA:614,34,0,0
BRDA:614,34,1,0
BRDA:617,35,0,0
BRDA:617,35,1,0
BRDA:659,36,0,0
BRDA:659,36,1,0
BRF:76
BRH:0
end_of_record
