TN:
SF:src/utils/logger.js
FN:10,(anonymous_0)
FN:78,(anonymous_1)
FN:80,(anonymous_2)
FN:81,(anonymous_3)
FN:82,(anonymous_4)
FN:83,(anonymous_5)
FN:86,(anonymous_6)
FN:96,(anonymous_7)
FN:107,(anonymous_8)
FN:119,(anonymous_9)
FN:132,(anonymous_10)
FN:141,(anonymous_11)
FN:152,(anonymous_12)
FN:167,(anonymous_13)
FN:170,(anonymous_14)
FN:171,(anonymous_15)
FN:179,(anonymous_16)
FN:200,(anonymous_17)
FNF:18
FNH:1
FNDA:0,(anonymous_0)
FNDA:1,(anonymous_1)
FNDA:0,(anonymous_2)
FNDA:0,(anonymous_3)
FNDA:0,(anonymous_4)
FNDA:0,(anonymous_5)
FNDA:0,(anonymous_6)
FNDA:0,(anonymous_7)
FNDA:0,(anonymous_8)
FNDA:0,(anonymous_9)
FNDA:0,(anonymous_10)
FNDA:0,(anonymous_11)
FNDA:0,(anonymous_12)
FNDA:0,(anonymous_13)
FNDA:0,(anonymous_14)
FNDA:0,(anonymous_15)
FNDA:0,(anonymous_16)
FNDA:0,(anonymous_17)
DA:5,1
DA:11,0
DA:13,0
DA:14,0
DA:15,0
DA:17,0
DA:20,0
DA:21,0
DA:22,0
DA:25,0
DA:30,1
DA:38,1
DA:47,1
DA:55,1
DA:78,1
DA:79,1
DA:80,0
DA:81,0
DA:82,0
DA:83,0
DA:87,0
DA:97,0
DA:108,0
DA:120,0
DA:121,0
DA:133,0
DA:142,0
DA:153,0
DA:164,1
DA:167,1
DA:168,0
DA:169,0
DA:170,0
DA:172,0
DA:173,0
DA:179,1
DA:180,0
DA:190,0
DA:191,0
DA:192,0
DA:193,0
DA:195,0
DA:200,1
DA:201,0
DA:202,0
LF:45
LH:11
BRDA:13,0,0,0
BRDA:13,0,1,0
BRDA:14,1,0,0
BRDA:14,1,1,0
BRDA:15,2,0,0
BRDA:15,2,1,0
BRDA:21,3,0,0
BRDA:21,3,1,0
BRDA:78,4,0,1
BRDA:80,5,0,0
BRDA:81,6,0,0
BRDA:82,7,0,0
BRDA:83,8,0,0
BRDA:120,9,0,0
BRDA:120,9,1,0
BRDA:171,10,0,0
BRDA:179,11,0,0
BRDA:190,12,0,0
BRDA:190,12,1,0
BRDA:190,13,0,0
BRDA:190,13,1,0
BRDA:192,14,0,0
BRDA:192,14,1,0
BRDA:201,15,0,0
BRDA:201,15,1,0
BRDA:208,16,0,0
BRDA:208,16,1,0
BRDA:213,17,0,0
BRDA:213,17,1,0
BRF:29
BRH:1
end_of_record
